#
# A fatal error has been detected by the Java Runtime Environment:
#
#  EXCEPTION_ACCESS_VIOLATION (0xc0000005) at pc=0x00007ffaa14ed7a0, pid=5832, tid=5580
#
# JRE version: OpenJDK Runtime Environment Corretto-16.0.2.7.1 (16.0.2+7) (build 16.0.2+7)
# Java VM: OpenJDK 64-Bit Server VM Corretto-16.0.2.7.1 (16.0.2+7, mixed mode, sharing, tiered, compressed oops, compressed class ptrs, g1 gc, windows-amd64)
# Problematic frame:
# V  [jvm.dll+0x1d7a0]
#
# No core dump will be written. Minidumps are not enabled by default on client versions of Windows
#
# If you would like to submit a bug report, please visit:
#   https://github.com/corretto/corretto-jdk/issues/
#

---------------  S U M M A R Y ------------

Command Line: -Djava.library.path=D:\Kotlin\CardCom\build\classes\kotlin\jvm\main -javaagent:D:\jb\apps\IDEA-C\ch-0\222.3739.54\lib\idea_rt.jar=57257:D:\jb\apps\IDEA-C\ch-0\222.3739.54\bin -Dfile.encoding=UTF-8 MainKt

Host: Intel(R) Core(TM) i5-2500 CPU @ 3.30GHz, 4 cores, 3G,  Windows 10 , 64 bit Build 14393 (10.0.14393.5127)
Time: Thu Aug 25 14:56:31 2022 Новосибирское стандартное время elapsed time: 23.332015 seconds (0d 0h 0m 23s)

---------------  T H R E A D  ---------------

Current thread (0x0000016b4f095910):  JavaThread "AWT-EventQueue-0" [_thread_in_vm, id=5580, stack(0x000000559e500000,0x000000559e600000)]

Stack: [0x000000559e500000,0x000000559e600000],  sp=0x000000559e5fc968,  free space=1010k
Native frames: (J=compiled Java code, j=interpreted, Vv=VM code, C=native code)
V  [jvm.dll+0x1d7a0]

Java frames: (J=compiled Java code, j=interpreted, Vv=VM code)
j  org.jetbrains.skia.ImageKt._nMakeFromEncoded(Ljava/lang/Object;I)J+0
j  org.jetbrains.skia.ImageKt.access$_nMakeFromEncoded(Ljava/lang/Object;I)J+2
j  org.jetbrains.skia.Image$Companion.makeFromEncoded([B)Lorg/jetbrains/skia/Image;+41
j  file.FileManagerKt.getImageByPath(Lgson/NewCard;)Landroidx/compose/ui/graphics/ImageBitmap;+21
j  AddNewCardKt$newCardDialog$2$1$1$1.invoke(Landroidx/compose/foundation/lazy/LazyListScope;)V+84
j  AddNewCardKt$newCardDialog$2$1$1$1.invoke(Ljava/lang/Object;)Ljava/lang/Object;+5
j  androidx.compose.foundation.lazy.list.LazyListItemsProviderImplKt$rememberStateOfItemsProvider$2$1.invoke()Landroidx/compose/foundation/lazy/list/LazyListItemsProvider;+21
j  androidx.compose.foundation.lazy.list.LazyListItemsProviderImplKt$rememberStateOfItemsProvider$2$1.invoke()Ljava/lang/Object;+1
J 3196 c1 androidx.compose.runtime.snapshots.Snapshot$Companion.observe(Lkotlin/jvm/functions/Function1;Lkotlin/jvm/functions/Function1;Lkotlin/jvm/functions/Function0;)Ljava/lang/Object; (164 bytes) @ 0x0000016b3a8958ec [0x0000016b3a894580+0x000000000000136c]
j  androidx.compose.runtime.DerivedSnapshotState.currentRecord(Landroidx/compose/runtime/DerivedSnapshotState$ResultRecord;Landroidx/compose/runtime/snapshots/Snapshot;Lkotlin/jvm/functions/Function0;)Landroidx/compose/runtime/DerivedSnapshotState$ResultRecord;+189
j  androidx.compose.runtime.DerivedSnapshotState.getCurrentValue()Ljava/lang/Object;+39
j  androidx.compose.runtime.DerivedSnapshotState.getValue()Ljava/lang/Object;+25
j  androidx.compose.runtime.RecomposeScopeImpl.isInvalidFor(Landroidx/compose/runtime/collection/IdentityArraySet;)Z+109
j  androidx.compose.runtime.Invalidation.isInvalid()Z+8
j  androidx.compose.runtime.ComposerImpl.recomposeToGroupEnd()V+95
j  androidx.compose.runtime.ComposerImpl.skipCurrentGroup()V+58
j  androidx.compose.runtime.ComposerImpl$doCompose$2$5.invoke()V+48
j  androidx.compose.runtime.ComposerImpl$doCompose$2$5.invoke()Ljava/lang/Object;+1
j  androidx.compose.runtime.SnapshotStateKt__DerivedStateKt.observeDerivedStateRecalculations(Lkotlin/jvm/functions/Function1;Lkotlin/jvm/functions/Function1;Lkotlin/jvm/functions/Function0;)V+63
j  androidx.compose.runtime.SnapshotStateKt.observeDerivedStateRecalculations(Lkotlin/jvm/functions/Function1;Lkotlin/jvm/functions/Function1;Lkotlin/jvm/functions/Function0;)V+3
j  androidx.compose.runtime.ComposerImpl.doCompose(Landroidx/compose/runtime/collection/IdentityArrayMap;Lkotlin/jvm/functions/Function2;)V+303
j  androidx.compose.runtime.ComposerImpl.recompose$runtime(Landroidx/compose/runtime/collection/IdentityArrayMap;)Z+82
j  androidx.compose.runtime.CompositionImpl.recompose()Z+37
j  androidx.compose.runtime.Recomposer.performRecompose(Landroidx/compose/runtime/ControlledComposition;Landroidx/compose/runtime/collection/IdentityArraySet;)Landroidx/compose/runtime/ControlledComposition;+110
j  androidx.compose.runtime.Recomposer.access$performRecompose(Landroidx/compose/runtime/Recomposer;Landroidx/compose/runtime/ControlledComposition;Landroidx/compose/runtime/collection/IdentityArraySet;)Landroidx/compose/runtime/ControlledComposition;+3
j  androidx.compose.runtime.Recomposer$runRecomposeAndApplyChanges$2$2.invoke(J)Lkotlinx/coroutines/CancellableContinuation;+358
j  androidx.compose.runtime.Recomposer$runRecomposeAndApplyChanges$2$2.invoke(Ljava/lang/Object;)Ljava/lang/Object;+8
J 3534 c1 androidx.compose.runtime.BroadcastFrameClock$FrameAwaiter.resume(J)V (71 bytes) @ 0x0000016b3a96d1dc [0x0000016b3a96d080+0x000000000000015c]
J 3537 c1 androidx.compose.runtime.BroadcastFrameClock.sendFrame(J)V (106 bytes) @ 0x0000016b3a970534 [0x0000016b3a9701a0+0x0000000000000394]
j  androidx.compose.ui.ComposeScene.render(Lorg/jetbrains/skia/Canvas;J)V+120
j  androidx.compose.ui.awt.ComposeLayer$1$onRender$1.invoke()V+15
j  androidx.compose.ui.awt.ComposeLayer$1$onRender$1.invoke()Ljava/lang/Object;+1
J 2991 c1 androidx.compose.ui.awt.ComposeLayer.catchExceptions(Lkotlin/jvm/functions/Function0;)V (43 bytes) @ 0x0000016b3a830e14 [0x0000016b3a830d00+0x0000000000000114]
j  androidx.compose.ui.awt.ComposeLayer.access$catchExceptions(Landroidx/compose/ui/awt/ComposeLayer;Lkotlin/jvm/functions/Function0;)V+2
j  androidx.compose.ui.awt.ComposeLayer$1.onRender(Lorg/jetbrains/skia/Canvas;IIJ)V+27
j  org.jetbrains.skiko.SkiaLayer.update$skiko(J)V+213
J 3507 c1 org.jetbrains.skiko.redrawer.AbstractDirectSoftwareRedrawer$frameDispatcher$1.invokeSuspend(Ljava/lang/Object;)Ljava/lang/Object; (141 bytes) @ 0x0000016b3a95b40c [0x0000016b3a95ad60+0x00000000000006ac]
J 3514 c2 kotlin.coroutines.jvm.internal.BaseContinuationImpl.resumeWith(Ljava/lang/Object;)V (130 bytes) @ 0x0000016b4193a8a0 [0x0000016b4193a840+0x0000000000000060]
J 1687 c1 kotlinx.coroutines.DispatchedTask.run()V (658 bytes) @ 0x0000016b3a592534 [0x0000016b3a591400+0x0000000000001134]
J 1829 c1 java.awt.event.InvocationEvent.dispatch()V java.desktop@16.0.2 (69 bytes) @ 0x0000016b3a5e849c [0x0000016b3a5e8280+0x000000000000021c]
J 1780 c1 java.awt.EventQueue.dispatchEventImpl(Ljava/awt/AWTEvent;Ljava/lang/Object;)V java.desktop@16.0.2 (136 bytes) @ 0x0000016b3a5c40bc [0x0000016b3a5c2580+0x0000000000001b3c]
J 1908 c1 java.awt.EventQueue$4.run()Ljava/lang/Void; java.desktop@16.0.2 (60 bytes) @ 0x0000016b3a610fac [0x0000016b3a610e80+0x000000000000012c]
J 1535 c1 java.awt.EventQueue.dispatchEvent(Ljava/awt/AWTEvent;)V java.desktop@16.0.2 (80 bytes) @ 0x0000016b3a553214 [0x0000016b3a552c60+0x00000000000005b4]
J 1781 c1 java.awt.EventDispatchThread.pumpOneEventForFilters(I)V java.desktop@16.0.2 (113 bytes) @ 0x0000016b3a5c64bc [0x0000016b3a5c5e20+0x000000000000069c]
j  java.awt.EventDispatchThread.pumpEventsForFilter(ILjava/awt/Conditional;Ljava/awt/EventFilter;)V+35 java.desktop@16.0.2
j  java.awt.EventDispatchThread.pumpEventsForFilter(Ljava/awt/Conditional;Ljava/awt/EventFilter;)V+4 java.desktop@16.0.2
j  java.awt.WaitDispatchSupport$2.run()V+59 java.desktop@16.0.2
j  java.awt.WaitDispatchSupport$4.run()Ljava/lang/Void;+4 java.desktop@16.0.2
j  java.awt.WaitDispatchSupport$4.run()Ljava/lang/Object;+1 java.desktop@16.0.2
J 1131 c1 java.security.AccessController.doPrivileged(Ljava/security/PrivilegedAction;)Ljava/lang/Object; java.base@16.0.2 (9 bytes) @ 0x0000016b3a4b114c [0x0000016b3a4b0fe0+0x000000000000016c]
j  java.awt.WaitDispatchSupport.enter()Z+260 java.desktop@16.0.2
j  java.awt.Dialog.show()V+225 java.desktop@16.0.2
j  java.awt.Component.show(Z)V+5 java.desktop@16.0.2
j  java.awt.Component.setVisible(Z)V+2 java.desktop@16.0.2
j  java.awt.Window.setVisible(Z)V+2 java.desktop@16.0.2
j  java.awt.Dialog.setVisible(Z)V+2 java.desktop@16.0.2
j  androidx.compose.ui.window.AwtWindow_desktopKt$AwtWindow$4$1.invokeSuspend(Ljava/lang/Object;)Ljava/lang/Object;+46
J 3514 c2 kotlin.coroutines.jvm.internal.BaseContinuationImpl.resumeWith(Ljava/lang/Object;)V (130 bytes) @ 0x0000016b4193a8a0 [0x0000016b4193a840+0x0000000000000060]
J 1687 c1 kotlinx.coroutines.DispatchedTask.run()V (658 bytes) @ 0x0000016b3a592534 [0x0000016b3a591400+0x0000000000001134]
J 1829 c1 java.awt.event.InvocationEvent.dispatch()V java.desktop@16.0.2 (69 bytes) @ 0x0000016b3a5e849c [0x0000016b3a5e8280+0x000000000000021c]
J 1780 c1 java.awt.EventQueue.dispatchEventImpl(Ljava/awt/AWTEvent;Ljava/lang/Object;)V java.desktop@16.0.2 (136 bytes) @ 0x0000016b3a5c40bc [0x0000016b3a5c2580+0x0000000000001b3c]
J 1908 c1 java.awt.EventQueue$4.run()Ljava/lang/Void; java.desktop@16.0.2 (60 bytes) @ 0x0000016b3a610fac [0x0000016b3a610e80+0x000000000000012c]
J 1535 c1 java.awt.EventQueue.dispatchEvent(Ljava/awt/AWTEvent;)V java.desktop@16.0.2 (80 bytes) @ 0x0000016b3a553214 [0x0000016b3a552c60+0x00000000000005b4]
J 1781 c1 java.awt.EventDispatchThread.pumpOneEventForFilters(I)V java.desktop@16.0.2 (113 bytes) @ 0x0000016b3a5c64bc [0x0000016b3a5c5e20+0x000000000000069c]
j  java.awt.EventDispatchThread.pumpEventsForFilter(ILjava/awt/Conditional;Ljava/awt/EventFilter;)V+35 java.desktop@16.0.2
j  java.awt.EventDispatchThread.pumpEventsForHierarchy(ILjava/awt/Conditional;Ljava/awt/Component;)V+11 java.desktop@16.0.2
j  java.awt.EventDispatchThread.pumpEvents(ILjava/awt/Conditional;)V+4 java.desktop@16.0.2
j  java.awt.EventDispatchThread.pumpEvents(Ljava/awt/Conditional;)V+3 java.desktop@16.0.2
j  java.awt.EventDispatchThread.run()V+9 java.desktop@16.0.2
v  ~StubRoutines::call_stub

siginfo: EXCEPTION_ACCESS_VIOLATION (0xc0000005), reading address 0x0000000000000000


Register to memory mapping:

RIP=0x00007ffaa14ed7a0 jvm.dll
RAX=0x0 is NULL
RBX=0x0000016b4f095910 is a thread
RCX=0x0 is NULL
RDX=0x0 is NULL
RSP=0x000000559e5fc968 is pointing into the stack for thread: 0x0000016b4f095910
RBP=0x0 is NULL
RSI=0x0000016b4f095910 is a thread
RDI=0x0 is NULL
R8 =0x0 is NULL
R9 =0x0 is NULL
R10=0x0000016b39d3dc73 is at code_begin+979 in an Interpreter codelet
method entry point (kind = native)  [0x0000016b39d3d8a0, 0x0000016b39d3e280]  2528 bytes
R11=0x00000000c397a0e0 is an oop: java.lang.Class 
{0x00000000c397a0e0} - klass: 'java/lang/Class'
R12=0x0 is NULL
R13={method} {0x0000016b55d56398} '_nMakeFromEncoded' '(Ljava/lang/Object;I)J' in 'org/jetbrains/skia/ImageKt'
R14=0x000000559e5fca00 is pointing into the stack for thread: 0x0000016b4f095910
R15=0x0000016b4f095910 is a thread


Registers:
RAX=0x0000000000000000, RBX=0x0000016b4f095910, RCX=0x0000000000000000, RDX=0x0000000000000000
RSP=0x000000559e5fc968, RBP=0x0000000000000000, RSI=0x0000016b4f095910, RDI=0x0000000000000000
R8 =0x0000000000000000, R9 =0x0000000000000000, R10=0x0000016b39d3dc73, R11=0x00000000c397a0e0
R12=0x0000000000000000, R13=0x0000016b55d56390, R14=0x000000559e5fca00, R15=0x0000016b4f095910
RIP=0x00007ffaa14ed7a0, EFLAGS=0x0000000000010246

Top of Stack: (sp=0x000000559e5fc968)
0x000000559e5fc968:   00007ffaa188c208 0000016b4f095910
0x000000559e5fc978:   0000016b4f095910 000000559e5fca80
0x000000559e5fc988:   00007ffaa183f2c7 0000016b4f095910
0x000000559e5fc998:   000000559e5fcaa8 0000000000000000
0x000000559e5fc9a8:   00007ffaa0584b3c 0000016b55d56390
0x000000559e5fc9b8:   0000000000000000 0000016b4f095c20
0x000000559e5fc9c8:   0000000000000000 0000016b4f095900
0x000000559e5fc9d8:   0000016b55d56390 0000016b55d56390
0x000000559e5fc9e8:   0000000000000000 0000000000000000
0x000000559e5fc9f8:   0000016b39d3dca2 0000000000000000
0x000000559e5fca08:   0000016b55d56390 000000559e5fca80
0x000000559e5fca18:   0000000800c23240 0000000800c23240
0x000000559e5fca28:   0000000800c23240 0000016b39d3d956
0x000000559e5fca38:   000000559e5fca38 0000016b55d56390
0x000000559e5fca48:   000000559e5fcaa8 0000016b55d57278
0x000000559e5fca58:   0000000000000000 00000000c397a0e0 

Instructions: (pc=0x00007ffaa14ed7a0)
0x00007ffaa14ed6a0:   00 00 00 48 8b 13 0f b6 c2 24 03 3c 03 75 19 48
0x00007ffaa14ed6b0:   83 e2 fc 74 13 48 3b da 74 11 48 8b c2 48 8b 5c
0x00007ffaa14ed6c0:   24 38 48 83 c4 20 5e c3 48 8b d3 48 8b 46 38 0f
0x00007ffaa14ed6d0:   be 88 f0 02 00 00 c1 e9 02 f6 c1 01 74 dc 8b 0d
0x00007ffaa14ed6e0:   28 2a b5 00 65 48 8b 04 25 58 00 00 00 48 89 7c
0x00007ffaa14ed6f0:   24 30 bf 10 00 00 00 48 8b 04 c8 48 8b 0d 56 a4
0x00007ffaa14ed700:   b4 00 48 81 c1 20 0a 00 00 48 8b 3c 07 8b 41 40
0x00007ffaa14ed710:   0f b6 57 21 8d 42 01 88 47 21 84 d2 75 0a 48 8b
0x00007ffaa14ed720:   d7 e8 9a 85 6c 00 eb 20 80 7f 22 00 75 1a 8b 41
0x00007ffaa14ed730:   40 85 05 c9 a1 96 00 74 0f b8 ff ff ff ff f0 0f
0x00007ffaa14ed740:   c1 41 40 e8 08 86 6c 00 48 8b 4e 38 4c 8b c7 48
0x00007ffaa14ed750:   8b d3 e8 29 f8 ff ff 0f b6 4f 21 48 8b d8 48 8b
0x00007ffaa14ed760:   15 f3 a3 b4 00 8d 41 ff 88 47 21 80 f9 01 77 0f
0x00007ffaa14ed770:   48 8d 8a 20 0a 00 00 48 8b d7 e8 b1 85 6c 00 48
0x00007ffaa14ed780:   8b 7c 24 30 48 8b c3 48 8b 5c 24 38 48 83 c4 20
0x00007ffaa14ed790:   5e c3 cc cc cc cc cc cc cc cc cc cc cc cc cc cc
0x00007ffaa14ed7a0:   48 8b 01 c3 cc cc cc cc cc cc cc cc cc cc cc cc
0x00007ffaa14ed7b0:   48 89 5c 24 08 57 48 83 ec 20 48 8b 19 48 8b f9
0x00007ffaa14ed7c0:   48 85 db 74 36 48 8b 0d d4 3d b0 00 48 8b d3 e8
0x00007ffaa14ed7d0:   7c fe ff ff 80 3d e9 ad aa 00 00 48 8b d0 74 0d
0x00007ffaa14ed7e0:   48 3b c3 74 08 48 8b c3 f0 48 0f b1 17 48 8b c2
0x00007ffaa14ed7f0:   48 8b 5c 24 30 48 83 c4 20 5f c3 48 8b c3 48 8b
0x00007ffaa14ed800:   5c 24 30 48 83 c4 20 5f c3 cc cc cc cc cc cc cc
0x00007ffaa14ed810:   48 8b 11 e9 28 fc ff ff cc cc cc cc cc cc cc cc
0x00007ffaa14ed820:   4c 8b ca 48 85 d2 0f 84 a1 00 00 00 80 3d 04 ad
0x00007ffaa14ed830:   aa 00 00 0f 84 94 00 00 00 48 8b 41 38 44 0f be
0x00007ffaa14ed840:   80 f0 02 00 00 41 d1 e8 41 f6 c0 01 74 7f 48 8b
0x00007ffaa14ed850:   41 38 48 8b 0d af e6 b2 00 48 d3 ea 4c 8b 90 58
0x00007ffaa14ed860:   09 00 00 49 8b 42 38 4c 3b 0c d0 73 60 49 8b 52
0x00007ffaa14ed870:   18 48 b9 fe ff ff ff ff ff ff 3f 49 8b c1 49 2b
0x00007ffaa14ed880:   42 08 48 c1 e8 02 48 23 c1 41 8b 0a 48 d3 e8 4c
0x00007ffaa14ed890:   8b c0 24 3f 49 c1 e8 06 0f b6 c8 4a 8b 04 c2 48 


Stack slot to memory mapping:
stack at sp + 0 slots: 0x00007ffaa188c208 jvm.dll
stack at sp + 1 slots: 0x0000016b4f095910 is a thread
stack at sp + 2 slots: 0x0000016b4f095910 is a thread
stack at sp + 3 slots: 0x000000559e5fca80 is pointing into the stack for thread: 0x0000016b4f095910
stack at sp + 4 slots: 0x00007ffaa183f2c7 jvm.dll
stack at sp + 5 slots: 0x0000016b4f095910 is a thread
stack at sp + 6 slots: 0x000000559e5fcaa8 is pointing into the stack for thread: 0x0000016b4f095910
stack at sp + 7 slots: 0x0 is NULL


---------------  P R O C E S S  ---------------

Threads class SMR info:
_java_thread_list=0x0000016b4ed3dcb0, length=27, elements={
0x0000016b2fc24ba0, 0x0000016b2fce38d0, 0x0000016b2fce5f40, 0x0000016b2fcf6f10,
0x0000016b2fcf8c80, 0x0000016b2fcf9880, 0x0000016b2fcfe470, 0x0000016b4de0dfd0,
0x0000016b4de1b870, 0x0000016b4de313e0, 0x0000016b4de0d220, 0x0000016b4ea3d4f0,
0x0000016b4eb356b0, 0x0000016b4ee4b020, 0x0000016b4ea28de0, 0x0000016b4ea29300,
0x0000016b4f095910, 0x0000016b4f1b36d0, 0x0000016b4f1b3bf0, 0x0000016b4f2438b0,
0x0000016b4f244df0, 0x0000016b4f245de0, 0x0000016b4f243e00, 0x0000016b4f245340,
0x0000016b4f245890, 0x0000016b4f2448a0, 0x0000016b4f246330
}

Java Threads: ( => current thread )
  0x0000016b2fc24ba0 JavaThread "main" [_thread_blocked, id=1788, stack(0x000000559ce00000,0x000000559cf00000)]
  0x0000016b2fce38d0 JavaThread "Reference Handler" daemon [_thread_blocked, id=8156, stack(0x000000559d500000,0x000000559d600000)]
  0x0000016b2fce5f40 JavaThread "Finalizer" daemon [_thread_blocked, id=5320, stack(0x000000559d600000,0x000000559d700000)]
  0x0000016b2fcf6f10 JavaThread "Signal Dispatcher" daemon [_thread_blocked, id=5888, stack(0x000000559d700000,0x000000559d800000)]
  0x0000016b2fcf8c80 JavaThread "Attach Listener" daemon [_thread_blocked, id=2580, stack(0x000000559d800000,0x000000559d900000)]
  0x0000016b2fcf9880 JavaThread "Service Thread" daemon [_thread_blocked, id=4036, stack(0x000000559d900000,0x000000559da00000)]
  0x0000016b2fcfe470 JavaThread "Monitor Deflation Thread" daemon [_thread_blocked, id=1096, stack(0x000000559da00000,0x000000559db00000)]
  0x0000016b4de0dfd0 JavaThread "C2 CompilerThread0" daemon [_thread_blocked, id=7900, stack(0x000000559db00000,0x000000559dc00000)]
  0x0000016b4de1b870 JavaThread "C1 CompilerThread0" daemon [_thread_blocked, id=6076, stack(0x000000559dc00000,0x000000559dd00000)]
  0x0000016b4de313e0 JavaThread "Sweeper thread" daemon [_thread_blocked, id=7556, stack(0x000000559dd00000,0x000000559de00000)]
  0x0000016b4de0d220 JavaThread "Common-Cleaner" daemon [_thread_blocked, id=2528, stack(0x000000559de00000,0x000000559df00000)]
  0x0000016b4ea3d4f0 JavaThread "Monitor Ctrl-Break" daemon [_thread_in_native, id=340, stack(0x000000559df00000,0x000000559e000000)]
  0x0000016b4eb356b0 JavaThread "Notification Thread" daemon [_thread_blocked, id=8084, stack(0x000000559e000000,0x000000559e100000)]
  0x0000016b4ee4b020 JavaThread "Java2D Disposer" daemon [_thread_blocked, id=5016, stack(0x000000559e200000,0x000000559e300000)]
  0x0000016b4ea28de0 JavaThread "AWT-Shutdown" [_thread_blocked, id=5560, stack(0x000000559e300000,0x000000559e400000)]
  0x0000016b4ea29300 JavaThread "AWT-Windows" daemon [_thread_in_native, id=824, stack(0x000000559e400000,0x000000559e500000)]
=>0x0000016b4f095910 JavaThread "AWT-EventQueue-0" [_thread_in_vm, id=5580, stack(0x000000559e500000,0x000000559e600000)]
  0x0000016b4f1b36d0 JavaThread "DefaultDispatcher-worker-1" daemon [_thread_blocked, id=3932, stack(0x000000559e900000,0x000000559ea00000)]
  0x0000016b4f1b3bf0 JavaThread "DefaultDispatcher-worker-2" daemon [_thread_blocked, id=7456, stack(0x000000559ea00000,0x000000559eb00000)]
  0x0000016b4f2438b0 JavaThread "DefaultDispatcher-worker-3" daemon [_thread_blocked, id=3492, stack(0x000000559eb00000,0x000000559ec00000)]
  0x0000016b4f244df0 JavaThread "Reference Cleaner" daemon [_thread_blocked, id=2888, stack(0x000000559ec00000,0x000000559ed00000)]
  0x0000016b4f245de0 JavaThread "kotlinx.coroutines.DefaultExecutor" daemon [_thread_blocked, id=6300, stack(0x000000559ed00000,0x000000559ee00000)]
  0x0000016b4f243e00 JavaThread "DefaultDispatcher-worker-4" daemon [_thread_blocked, id=1920, stack(0x000000559f100000,0x000000559f200000)]
  0x0000016b4f245340 JavaThread "DefaultDispatcher-worker-5" daemon [_thread_blocked, id=7320, stack(0x000000559f200000,0x000000559f300000)]
  0x0000016b4f245890 JavaThread "DefaultDispatcher-worker-6" daemon [_thread_blocked, id=7560, stack(0x000000559f300000,0x000000559f400000)]
  0x0000016b4f2448a0 JavaThread "Swing-Shell" daemon [_thread_blocked, id=7144, stack(0x000000559f600000,0x000000559f700000)]
  0x0000016b4f246330 JavaThread "TimerQueue" daemon [_thread_blocked, id=1892, stack(0x000000559ff00000,0x00000055a0000000)]

Other Threads:
  0x0000016b2fcdb430 VMThread "VM Thread" [stack: 0x000000559d400000,0x000000559d500000] [id=420]
  0x0000016b4ea3da10 WatcherThread [stack: 0x000000559e100000,0x000000559e200000] [id=5336]
  0x0000016b2fc529c0 GCTaskThread "GC Thread#0" [stack: 0x000000559cf00000,0x000000559d000000] [id=7676]
  0x0000016b4f262110 GCTaskThread "GC Thread#1" [stack: 0x000000559e600000,0x000000559e700000] [id=2776]
  0x0000016b4f3948f0 GCTaskThread "GC Thread#2" [stack: 0x000000559e700000,0x000000559e800000] [id=3216]
  0x0000016b4f394c00 GCTaskThread "GC Thread#3" [stack: 0x000000559e800000,0x000000559e900000] [id=2388]
  0x0000016b2fc5b780 ConcurrentGCThread "G1 Main Marker" [stack: 0x000000559d000000,0x000000559d100000] [id=6072]
  0x0000016b2fc5d6a0 ConcurrentGCThread "G1 Conc#0" [stack: 0x000000559d100000,0x000000559d200000] [id=5996]
  0x0000016b2fcaea10 ConcurrentGCThread "G1 Refine#0" [stack: 0x000000559d200000,0x000000559d300000] [id=2116]
  0x0000016b2fcaf510 ConcurrentGCThread "G1 Service" [stack: 0x000000559d300000,0x000000559d400000] [id=5620]

Threads with active compile tasks:

VM state: not at safepoint (normal execution)

VM Mutex/Monitor currently owned by a thread: None

Heap address: 0x00000000c1c00000, size: 996 MB, Compressed Oops mode: 32-bit

CDS archive(s) mapped at: [0x0000000800000000-0x0000000800be0000-0x0000000800be0000), size 12451840, SharedBaseAddress: 0x0000000800000000, ArchiveRelocationMode: 0.
Compressed class space mapped at: 0x0000000800c00000-0x0000000840c00000, reserved size: 1073741824
Narrow klass base: 0x0000000800000000, Narrow klass shift: 3, Narrow klass range: 0x100000000

GC Precious Log:
 CPUs: 4 total, 4 available
 Memory: 3981M
 Large Page Support: Disabled
 NUMA Support: Disabled
 Compressed Oops: Enabled (32-bit)
 Heap Region Size: 1M
 Heap Min Capacity: 8M
 Heap Initial Capacity: 64M
 Heap Max Capacity: 996M
 Pre-touch: Disabled
 Parallel Workers: 4
 Concurrent Workers: 1
 Concurrent Refinement Workers: 4
 Periodic GC: Disabled

Heap:
 garbage-first heap   total 34816K, used 13084K [0x00000000c1c00000, 0x0000000100000000)
  region size 1024K, 7 young (7168K), 2 survivors (2048K)
 Metaspace       used 28541K, committed 28736K, reserved 1081344K
  class space    used 3102K, committed 3200K, reserved 1048576K

Heap Regions: E=young(eden), S=young(survivor), O=old, HS=humongous(starts), HC=humongous(continues), CS=collection set, F=free, OA=open archive, CA=closed archive, TAMS=top-at-mark-start (previous, next)
|   0|0x00000000c1c00000, 0x00000000c1d00000, 0x00000000c1d00000|100%| O|  |TAMS 0x00000000c1d00000, 0x00000000c1c00000| Untracked 
|   1|0x00000000c1d00000, 0x00000000c1e00000, 0x00000000c1e00000|100%| O|  |TAMS 0x00000000c1e00000, 0x00000000c1d00000| Untracked 
|   2|0x00000000c1e00000, 0x00000000c1e90a00, 0x00000000c1f00000| 56%| O|  |TAMS 0x00000000c1e90a00, 0x00000000c1e00000| Untracked 
|   3|0x00000000c1f00000, 0x00000000c2000000, 0x00000000c2000000|100%|HS|  |TAMS 0x00000000c2000000, 0x00000000c1f00000| Complete 
|   4|0x00000000c2000000, 0x00000000c2100000, 0x00000000c2100000|100%|HC|  |TAMS 0x00000000c2100000, 0x00000000c2000000| Complete 
|   5|0x00000000c2100000, 0x00000000c2200000, 0x00000000c2200000|100%| O|  |TAMS 0x00000000c2100000, 0x00000000c2100000| Untracked 
|   6|0x00000000c2200000, 0x00000000c2300000, 0x00000000c2300000|100%| O|  |TAMS 0x00000000c2200000, 0x00000000c2200000| Untracked 
|   7|0x00000000c2300000, 0x00000000c2384600, 0x00000000c2400000| 51%| O|  |TAMS 0x00000000c2300000, 0x00000000c2300000| Untracked 
|   8|0x00000000c2400000, 0x00000000c2400000, 0x00000000c2500000|  0%| F|  |TAMS 0x00000000c2400000, 0x00000000c2400000| Untracked 
|   9|0x00000000c2500000, 0x00000000c2500000, 0x00000000c2600000|  0%| F|  |TAMS 0x00000000c2500000, 0x00000000c2500000| Untracked 
|  10|0x00000000c2600000, 0x00000000c2600000, 0x00000000c2700000|  0%| F|  |TAMS 0x00000000c2600000, 0x00000000c2600000| Untracked 
|  11|0x00000000c2700000, 0x00000000c2700000, 0x00000000c2800000|  0%| F|  |TAMS 0x00000000c2700000, 0x00000000c2700000| Untracked 
|  12|0x00000000c2800000, 0x00000000c28b2060, 0x00000000c2900000| 69%| S|CS|TAMS 0x00000000c2800000, 0x00000000c2800000| Complete 
|  13|0x00000000c2900000, 0x00000000c2a00000, 0x00000000c2a00000|100%| S|CS|TAMS 0x00000000c2900000, 0x00000000c2900000| Complete 
|  14|0x00000000c2a00000, 0x00000000c2a00000, 0x00000000c2b00000|  0%| F|  |TAMS 0x00000000c2a00000, 0x00000000c2a00000| Untracked 
|  15|0x00000000c2b00000, 0x00000000c2b00000, 0x00000000c2c00000|  0%| F|  |TAMS 0x00000000c2b00000, 0x00000000c2b00000| Untracked 
|  16|0x00000000c2c00000, 0x00000000c2c00000, 0x00000000c2d00000|  0%| F|  |TAMS 0x00000000c2c00000, 0x00000000c2c00000| Untracked 
|  17|0x00000000c2d00000, 0x00000000c2d00000, 0x00000000c2e00000|  0%| F|  |TAMS 0x00000000c2d00000, 0x00000000c2d00000| Untracked 
|  18|0x00000000c2e00000, 0x00000000c2e00000, 0x00000000c2f00000|  0%| F|  |TAMS 0x00000000c2e00000, 0x00000000c2e00000| Untracked 
|  19|0x00000000c2f00000, 0x00000000c2f00000, 0x00000000c3000000|  0%| F|  |TAMS 0x00000000c2f00000, 0x00000000c2f00000| Untracked 
|  20|0x00000000c3000000, 0x00000000c3000000, 0x00000000c3100000|  0%| F|  |TAMS 0x00000000c3000000, 0x00000000c3000000| Untracked 
|  21|0x00000000c3100000, 0x00000000c3100000, 0x00000000c3200000|  0%| F|  |TAMS 0x00000000c3100000, 0x00000000c3100000| Untracked 
|  22|0x00000000c3200000, 0x00000000c3200000, 0x00000000c3300000|  0%| F|  |TAMS 0x00000000c3200000, 0x00000000c3200000| Untracked 
|  23|0x00000000c3300000, 0x00000000c3300000, 0x00000000c3400000|  0%| F|  |TAMS 0x00000000c3300000, 0x00000000c3300000| Untracked 
|  24|0x00000000c3400000, 0x00000000c3400000, 0x00000000c3500000|  0%| F|  |TAMS 0x00000000c3400000, 0x00000000c3400000| Untracked 
|  25|0x00000000c3500000, 0x00000000c3500000, 0x00000000c3600000|  0%| F|  |TAMS 0x00000000c3500000, 0x00000000c3500000| Untracked 
|  26|0x00000000c3600000, 0x00000000c3600000, 0x00000000c3700000|  0%| F|  |TAMS 0x00000000c3600000, 0x00000000c3600000| Untracked 
|  27|0x00000000c3700000, 0x00000000c3700000, 0x00000000c3800000|  0%| F|  |TAMS 0x00000000c3700000, 0x00000000c3700000| Untracked 
|  28|0x00000000c3800000, 0x00000000c3800000, 0x00000000c3900000|  0%| F|  |TAMS 0x00000000c3800000, 0x00000000c3800000| Untracked 
|  29|0x00000000c3900000, 0x00000000c399f420, 0x00000000c3a00000| 62%| E|  |TAMS 0x00000000c3900000, 0x00000000c3900000| Complete 
|  30|0x00000000c3a00000, 0x00000000c3b00000, 0x00000000c3b00000|100%| E|CS|TAMS 0x00000000c3a00000, 0x00000000c3a00000| Complete 
|  31|0x00000000c3b00000, 0x00000000c3c00000, 0x00000000c3c00000|100%| E|CS|TAMS 0x00000000c3b00000, 0x00000000c3b00000| Complete 
|  62|0x00000000c5a00000, 0x00000000c5b00000, 0x00000000c5b00000|100%| E|CS|TAMS 0x00000000c5a00000, 0x00000000c5a00000| Complete 
|  63|0x00000000c5b00000, 0x00000000c5c00000, 0x00000000c5c00000|100%| E|CS|TAMS 0x00000000c5b00000, 0x00000000c5b00000| Complete 

Card table byte_map: [0x0000016b49560000,0x0000016b49760000] _byte_map_base: 0x0000016b48f52000

Marking Bits (Prev, Next): (CMBitMap*) 0x0000016b2fc530f0, (CMBitMap*) 0x0000016b2fc530b0
 Prev Bits: [0x0000016b4a8f0000, 0x0000016b4b880000)
 Next Bits: [0x0000016b49960000, 0x0000016b4a8f0000)

Polling page: 0x0000016b2f9f0000

Metaspace:

Usage:
  Non-class:     24.84 MB used.
      Class:      3.03 MB used.
       Both:     27.87 MB used.

Virtual space:
  Non-class space:       32.00 MB reserved,      24.94 MB ( 78%) committed,  4 nodes.
      Class space:        1.00 GB reserved,       3.13 MB ( <1%) committed,  1 nodes.
              Both:        1.03 GB reserved,      28.06 MB (  3%) committed. 

Chunk freelists:
   Non-Class:  2.66 MB
       Class:  848.00 KB
        Both:  3.48 MB

MaxMetaspaceSize: 17179869184.00 GB
CompressedClassSpaceSize: 1.00 GB
 - commit_granule_bytes: 65536.
 - commit_granule_words: 8192.
 - virtual_space_node_default_size: 1048576.
 - enlarge_chunks_in_place: 1.
 - new_chunks_are_fully_committed: 0.
 - uncommit_free_chunks: 1.
 - use_allocation_guard: 0.
 - handle_deallocations: 1.


Internal statistics:

num_allocs_failed_limit: 3.
num_arena_births: 132.
num_arena_deaths: 0.
num_vsnodes_births: 5.
num_vsnodes_deaths: 0.
num_space_committed: 449.
num_space_uncommitted: 0.
num_chunks_returned_to_freelist: 3.
num_chunks_taken_from_freelist: 736.
num_chunk_merges: 0.
num_chunk_splits: 604.
num_chunks_enlarged: 536.
num_purges: 0.

CodeHeap 'non-profiled nmethods': size=120000Kb used=1534Kb max_used=1534Kb free=118466Kb
 bounds [0x0000016b41800000, 0x0000016b41a70000, 0x0000016b48d30000]
CodeHeap 'profiled nmethods': size=120000Kb used=7642Kb max_used=7642Kb free=112357Kb
 bounds [0x0000016b3a2d0000, 0x0000016b3aa50000, 0x0000016b41800000]
CodeHeap 'non-nmethods': size=5760Kb used=1725Kb max_used=1755Kb free=4034Kb
 bounds [0x0000016b39d30000, 0x0000016b39fa0000, 0x0000016b3a2d0000]
 total_blobs=5085 nmethods=3924 adapters=1072
 compilation: enabled
              stopped_count=0, restarted_count=0
 full_count=0

Compilation events (20 events):
Event: 22.913 Thread 0x0000016b4de1b870 3920       1       sun.java2d.loops.RenderCache$Entry::getValue (5 bytes)
Event: 22.913 Thread 0x0000016b4de1b870 nmethod 3920 0x0000016b4197ec10 code [0x0000016b4197eda0, 0x0000016b4197ee78]
Event: 22.913 Thread 0x0000016b4de1b870 3921       1       javax.swing.AbstractButton::getIconTextGap (5 bytes)
Event: 22.913 Thread 0x0000016b4de1b870 nmethod 3921 0x0000016b4197ef10 code [0x0000016b4197f0a0, 0x0000016b4197f178]
Event: 22.941 Thread 0x0000016b4de1b870 3922       3       java.util.PriorityQueue::peek (7 bytes)
Event: 22.941 Thread 0x0000016b4de1b870 nmethod 3922 0x0000016b3aa44390 code [0x0000016b3aa44520, 0x0000016b3aa44658]
Event: 22.962 Thread 0x0000016b4de1b870 3923       3       sun.awt.NullComponentPeer::handleEvent (1 bytes)
Event: 22.962 Thread 0x0000016b4de1b870 nmethod 3923 0x0000016b3aa44710 code [0x0000016b3aa448a0, 0x0000016b3aa449b8]
Event: 23.171 Thread 0x0000016b4de1b870 3924       1       javax.swing.text.View::getElement (5 bytes)
Event: 23.171 Thread 0x0000016b4de1b870 nmethod 3924 0x0000016b4197f210 code [0x0000016b4197f3a0, 0x0000016b4197f478]
Event: 23.282 Thread 0x0000016b4de0dfd0 3925       4       java.security.AccessController::checkContext (49 bytes)
Event: 23.283 Thread 0x0000016b4de0dfd0 nmethod 3925 0x0000016b4197f510 code [0x0000016b4197f6a0, 0x0000016b4197f738]
Event: 23.324 Thread 0x0000016b4de1b870 3926  s    3       java.awt.KeyboardFocusManager::getMostRecentFocusOwner (29 bytes)
Event: 23.324 Thread 0x0000016b4de1b870 nmethod 3926 0x0000016b3aa44a90 code [0x0000016b3aa44c60, 0x0000016b3aa45208]
Event: 23.324 Thread 0x0000016b4de1b870 3927   !   3       java.awt.KeyboardFocusManager::getFocusOwner (42 bytes)
Event: 23.325 Thread 0x0000016b4de1b870 nmethod 3927 0x0000016b3aa45310 code [0x0000016b3aa454e0, 0x0000016b3aa45848]
Event: 23.325 Thread 0x0000016b4de1b870 3928       3       java.util.LinkedList::checkPositionIndex (22 bytes)
Event: 23.326 Thread 0x0000016b4de1b870 nmethod 3928 0x0000016b3aa45990 code [0x0000016b3aa45be0, 0x0000016b3aa46348]
Event: 23.326 Thread 0x0000016b4de1b870 3929       3       java.util.LinkedList::isPositionIndex (18 bytes)
Event: 23.326 Thread 0x0000016b4de1b870 nmethod 3929 0x0000016b3aa46690 code [0x0000016b3aa46820, 0x0000016b3aa469b8]

GC Heap History (8 events):
Event: 0.432 GC heap before
{Heap before GC invocations=0 (full 0):
 garbage-first heap   total 65536K, used 13312K [0x00000000c1c00000, 0x0000000100000000)
  region size 1024K, 13 young (13312K), 0 survivors (0K)
 Metaspace       used 5300K, committed 5504K, reserved 1056768K
  class space    used 426K, committed 512K, reserved 1048576K
}
Event: 0.437 GC heap after
{Heap after GC invocations=1 (full 0):
 garbage-first heap   total 65536K, used 2601K [0x00000000c1c00000, 0x0000000100000000)
  region size 1024K, 2 young (2048K), 2 survivors (2048K)
 Metaspace       used 5300K, committed 5504K, reserved 1056768K
  class space    used 426K, committed 512K, reserved 1048576K
}
Event: 0.858 GC heap before
{Heap before GC invocations=1 (full 0):
 garbage-first heap   total 65536K, used 17961K [0x00000000c1c00000, 0x0000000100000000)
  region size 1024K, 18 young (18432K), 2 survivors (2048K)
 Metaspace       used 12249K, committed 12416K, reserved 1064960K
  class space    used 1223K, committed 1344K, reserved 1048576K
}
Event: 0.863 GC heap after
{Heap after GC invocations=2 (full 0):
 garbage-first heap   total 65536K, used 3774K [0x00000000c1c00000, 0x0000000100000000)
  region size 1024K, 2 young (2048K), 2 survivors (2048K)
 Metaspace       used 12249K, committed 12416K, reserved 1064960K
  class space    used 1223K, committed 1344K, reserved 1048576K
}
Event: 4.253 GC heap before
{Heap before GC invocations=2 (full 0):
 garbage-first heap   total 65536K, used 37566K [0x00000000c1c00000, 0x0000000100000000)
  region size 1024K, 34 young (34816K), 2 survivors (2048K)
 Metaspace       used 21075K, committed 21248K, reserved 1073152K
  class space    used 2200K, committed 2304K, reserved 1048576K
}
Event: 4.257 GC heap after
{Heap after GC invocations=3 (full 0):
 garbage-first heap   total 65536K, used 7580K [0x00000000c1c00000, 0x0000000100000000)
  region size 1024K, 3 young (3072K), 3 survivors (3072K)
 Metaspace       used 21075K, committed 21248K, reserved 1073152K
  class space    used 2200K, committed 2304K, reserved 1048576K
}
Event: 19.392 GC heap before
{Heap before GC invocations=4 (full 0):
 garbage-first heap   total 34816K, used 24988K [0x00000000c1c00000, 0x0000000100000000)
  region size 1024K, 20 young (20480K), 3 survivors (3072K)
 Metaspace       used 28030K, committed 28224K, reserved 1081344K
  class space    used 3060K, committed 3136K, reserved 1048576K
}
Event: 19.402 GC heap after
{Heap after GC invocations=5 (full 0):
 garbage-first heap   total 34816K, used 8988K [0x00000000c1c00000, 0x0000000100000000)
  region size 1024K, 2 young (2048K), 2 survivors (2048K)
 Metaspace       used 28030K, committed 28224K, reserved 1081344K
  class space    used 3060K, committed 3136K, reserved 1048576K
}

Deoptimization events (20 events):
Event: 19.309 Thread 0x0000016b4f095910 DEOPT PACKING pc=0x0000016b3a69d088 sp=0x000000559e5f6080
Event: 19.309 Thread 0x0000016b4f095910 DEOPT UNPACKING pc=0x0000016b39d7dece sp=0x000000559e5f5588 mode 0
Event: 19.360 Thread 0x0000016b4f095910 DEOPT PACKING pc=0x0000016b3a69d088 sp=0x000000559e5f5cb0
Event: 19.360 Thread 0x0000016b4f095910 DEOPT UNPACKING pc=0x0000016b39d7dece sp=0x000000559e5f51b8 mode 0
Event: 19.483 Thread 0x0000016b4f095910 Uncommon trap: trap_request=0xffffffde fr.pc=0x0000016b41920298 relative=0x0000000000004858
Event: 19.483 Thread 0x0000016b4f095910 Uncommon trap: reason=class_check action=maybe_recompile pc=0x0000016b41920298 method=java.awt.EventQueue.coalesceEvent(Ljava/awt/AWTEvent;I)Z @ 61 c2
Event: 19.483 Thread 0x0000016b4f095910 DEOPT PACKING pc=0x0000016b41920298 sp=0x000000559e5fe3a0
Event: 19.483 Thread 0x0000016b4f095910 DEOPT UNPACKING pc=0x0000016b39d7d72e sp=0x000000559e5fe1e0 mode 2
Event: 20.236 Thread 0x0000016b4f095910 Uncommon trap: trap_request=0xffffff45 fr.pc=0x0000016b418e8e48 relative=0x0000000000000048
Event: 20.236 Thread 0x0000016b4f095910 Uncommon trap: reason=unstable_if action=reinterpret pc=0x0000016b418e8e48 method=androidx.compose.runtime.SlotTableKt.countOneBits(I)I @ 1 c2
Event: 20.236 Thread 0x0000016b4f095910 DEOPT PACKING pc=0x0000016b418e8e48 sp=0x000000559e5fc620
Event: 20.236 Thread 0x0000016b4f095910 DEOPT UNPACKING pc=0x0000016b39d7d72e sp=0x000000559e5fc5a8 mode 2
Event: 20.374 Thread 0x0000016b4f245340 Uncommon trap: trap_request=0xffffff45 fr.pc=0x0000016b4192fc04 relative=0x0000000000001b64
Event: 20.374 Thread 0x0000016b4f1b36d0 Uncommon trap: trap_request=0xffffff45 fr.pc=0x0000016b4192fbd4 relative=0x0000000000001b34
Event: 20.374 Thread 0x0000016b4f245340 Uncommon trap: reason=unstable_if action=reinterpret pc=0x0000016b4192fc04 method=kotlinx.coroutines.internal.LockFreeTaskQueueCore.removeFirstOrNull()Ljava/lang/Object; @ 109 c2
Event: 20.374 Thread 0x0000016b4f1b36d0 Uncommon trap: reason=unstable_if action=reinterpret pc=0x0000016b4192fbd4 method=kotlinx.coroutines.internal.LockFreeTaskQueueCore.removeFirstOrNull()Ljava/lang/Object; @ 109 c2
Event: 20.374 Thread 0x0000016b4f1b36d0 DEOPT PACKING pc=0x0000016b4192fbd4 sp=0x000000559e9ff0e0
Event: 20.374 Thread 0x0000016b4f245340 DEOPT PACKING pc=0x0000016b4192fc04 sp=0x000000559f2ff450
Event: 20.374 Thread 0x0000016b4f245340 DEOPT UNPACKING pc=0x0000016b39d7d72e sp=0x000000559f2ff198 mode 2
Event: 20.374 Thread 0x0000016b4f1b36d0 DEOPT UNPACKING pc=0x0000016b39d7d72e sp=0x000000559e9fee28 mode 2

Classes unloaded (0 events):
No events

Classes redefined (0 events):
No events

Internal exceptions (19 events):
Event: 0.188 Thread 0x0000016b4ea3d4f0 Exception <a 'java/lang/NoSuchMethodError'{0x00000000c5869ae8}: 'java.lang.Object java.lang.invoke.DirectMethodHandle$Holder.invokeStatic(java.lang.Object)'> (0x00000000c5869ae8) 
thrown [c:\wsjdk\correttojdksrc\installers\windows\zip\corretto-build\buildroot\src\hotspot\share\interpreter\linkResolver.cpp, line 790]
Event: 0.188 Thread 0x0000016b4ea3d4f0 Exception <a 'java/lang/NoSuchMethodError'{0x00000000c586d3f8}: 'java.lang.Object java.lang.invoke.DirectMethodHandle$Holder.invokeStaticInit(java.lang.Object)'> (0x00000000c586d3f8) 
thrown [c:\wsjdk\correttojdksrc\installers\windows\zip\corretto-build\buildroot\src\hotspot\share\interpreter\linkResolver.cpp, line 790]
Event: 0.196 Thread 0x0000016b4ea3d4f0 Exception <a 'java/lang/NoSuchMethodError'{0x00000000c587b0b8}: 'void java.lang.invoke.DirectMethodHandle$Holder.invokeStatic(java.lang.Object, java.lang.Object)'> (0x00000000c587b0b8) 
thrown [c:\wsjdk\correttojdksrc\installers\windows\zip\corretto-build\buildroot\src\hotspot\share\interpreter\linkResolver.cpp, line 790]
Event: 0.264 Thread 0x0000016b2fc24ba0 Exception <a 'java/lang/ClassNotFoundException'{0x00000000c55e5b20}: sun/awt/resources/spi/awtProvider> (0x00000000c55e5b20) 
thrown [c:\wsjdk\correttojdksrc\installers\windows\zip\corretto-build\buildroot\src\hotspot\share\classfile\systemDictionary.cpp, line 256]
Event: 0.288 Thread 0x0000016b2fc24ba0 Exception <a 'java/io/FileNotFoundException'{0x00000000c543cee8}> (0x00000000c543cee8) 
thrown [c:\wsjdk\correttojdksrc\installers\windows\zip\corretto-build\buildroot\src\hotspot\share\prims\jni.cpp, line 579]
Event: 0.294 Thread 0x0000016b2fc24ba0 Exception <a 'java/io/FileNotFoundException'{0x00000000c546bbf8}> (0x00000000c546bbf8) 
thrown [c:\wsjdk\correttojdksrc\installers\windows\zip\corretto-build\buildroot\src\hotspot\share\prims\jni.cpp, line 579]
Event: 0.298 Thread 0x0000016b2fc24ba0 Exception <a 'java/lang/NoSuchMethodError'{0x00000000c54716e0}: 'void java.lang.invoke.DirectMethodHandle$Holder.invokeSpecial(java.lang.Object, java.lang.Object, java.lang.Object)'> (0x00000000c54716e0) 
thrown [c:\wsjdk\correttojdksrc\installers\windows\zip\corretto-build\buildroot\src\hotspot\share\interpreter\linkResolver.cpp, line 790]
Event: 0.557 Thread 0x0000016b4f095910 Exception <a 'java/lang/NoSuchMethodError'{0x00000000c5747b58}: 'java.lang.Object java.lang.invoke.DirectMethodHandle$Holder.newInvokeSpecial(java.lang.Object, java.lang.Object, java.lang.Object, java.lang.Object, java.lang.Object)'> (0x00000000c5747b58) 
thrown [c:\wsjdk\correttojdksrc\installers\windows\zip\corretto-build\buildroot\src\hotspot\share\interpreter\linkResolver.cpp, line 790]
Event: 0.558 Thread 0x0000016b4f095910 Exception <a 'java/lang/NoSuchMethodError'{0x00000000c57538e8}: 'java.lang.Object java.lang.invoke.DirectMethodHandle$Holder.invokeStatic(java.lang.Object, int, java.lang.Object, java.lang.Object, java.lang.Object, java.lang.Object)'> (0x00000000c57538e8) 
thrown [c:\wsjdk\correttojdksrc\installers\windows\zip\corretto-build\buildroot\src\hotspot\share\interpreter\linkResolver.cpp, line 790]
Event: 0.562 Thread 0x0000016b4f095910 Exception <a 'java/lang/NoSuchMethodError'{0x00000000c5779ea8}: 'java.lang.Object java.lang.invoke.DirectMethodHandle$Holder.invokeStatic(java.lang.Object, int, java.lang.Object)'> (0x00000000c5779ea8) 
thrown [c:\wsjdk\correttojdksrc\installers\windows\zip\corretto-build\buildroot\src\hotspot\share\interpreter\linkResolver.cpp, line 790]
Event: 0.585 Thread 0x0000016b4f095910 Exception <a 'java/lang/ClassNotFoundException'{0x00000000c5632e80}: com/sun/swing/internal/plaf/metal/resources/spi/metalProvider> (0x00000000c5632e80) 
thrown [c:\wsjdk\correttojdksrc\installers\windows\zip\corretto-build\buildroot\src\hotspot\share\classfile\systemDictionary.cpp, line 256]
Event: 0.586 Thread 0x0000016b4f095910 Exception <a 'java/lang/ClassNotFoundException'{0x00000000c5637090}: com/sun/swing/internal/plaf/basic/resources/spi/basicProvider> (0x00000000c5637090) 
thrown [c:\wsjdk\correttojdksrc\installers\windows\zip\corretto-build\buildroot\src\hotspot\share\classfile\systemDictionary.cpp, line 256]
Event: 0.689 Thread 0x0000016b4f095910 Exception <a 'java/lang/NoSuchMethodError'{0x00000000c52b2f08}: 'void java.lang.invoke.DirectMethodHandle$Holder.invokeStatic(java.lang.Object, java.lang.Object, java.lang.Object)'> (0x00000000c52b2f08) 
thrown [c:\wsjdk\correttojdksrc\installers\windows\zip\corretto-build\buildroot\src\hotspot\share\interpreter\linkResolver.cpp, line 790]
Event: 0.746 Thread 0x0000016b4f095910 Exception <a 'java/lang/NoSuchMethodError'{0x00000000c509e328}: 'void java.lang.invoke.DirectMethodHandle$Holder.invokeStaticInit(java.lang.Object)'> (0x00000000c509e328) 
thrown [c:\wsjdk\correttojdksrc\installers\windows\zip\corretto-build\buildroot\src\hotspot\share\interpreter\linkResolver.cpp, line 790]
Event: 1.306 Thread 0x0000016b4ea29300 Exception <a 'java/lang/NoSuchMethodError'{0x00000000c4281608}: 'void java.lang.invoke.DirectMethodHandle$Holder.invokeVirtual(java.lang.Object, java.lang.Object)'> (0x00000000c4281608) 
thrown [c:\wsjdk\correttojdksrc\installers\windows\zip\corretto-build\buildroot\src\hotspot\share\interpreter\linkResolver.cpp, line 790]
Event: 4.240 Thread 0x0000016b4f244350 Exception <a 'java/lang/NoSuchMethodError'{0x00000000c3a10000}: 'java.lang.Object java.lang.invoke.DirectMethodHandle$Holder.newInvokeSpecial(java.lang.Object, java.lang.Object, java.lang.Object, int, int, int, int, int)'> (0x00000000c3a10000) 
thrown [c:\wsjdk\correttojdksrc\installers\windows\zip\corretto-build\buildroot\src\hotspot\share\interpreter\linkResolver.cpp, line 790]
Event: 4.722 Thread 0x0000016b4f095910 Exception <a 'java/lang/NoSuchMethodError'{0x00000000c5aa06c8}: 'int java.lang.invoke.DirectMethodHandle$Holder.invokeStatic(java.lang.Object)'> (0x00000000c5aa06c8) 
thrown [c:\wsjdk\correttojdksrc\installers\windows\zip\corretto-build\buildroot\src\hotspot\share\interpreter\linkResolver.cpp, line 790]
Event: 20.374 Thread 0x0000016b4f245340 Implicit null exception at 0x0000016b4192e89f to 0x0000016b4192fbd4
Event: 20.374 Thread 0x0000016b4f1b36d0 Implicit null exception at 0x0000016b4192e7c5 to 0x0000016b4192fba4

Events (20 events):
Event: 16.822 Executing  VM operation: Cleanup
Event: 16.822 Executing  VM operation: Cleanup done
Event: 17.823 Executing  VM operation: Cleanup
Event: 17.823 Executing  VM operation: Cleanup done
Event: 18.823 Executing  VM operation: Cleanup
Event: 18.823 Executing  VM operation: Cleanup done
Event: 19.392 Executing  VM operation: G1CollectForAllocation
Event: 19.402 Executing  VM operation: G1CollectForAllocation done
Event: 19.402 loading class sun/awt/shell/Win32ShellFolder2$FolderDisposer$1
Event: 19.402 loading class sun/awt/shell/Win32ShellFolder2$FolderDisposer$1 done
Event: 19.482 loading class java/awt/ModalEventFilter$DocumentModalEventFilter
Event: 19.482 loading class java/awt/ModalEventFilter$DocumentModalEventFilter done
Event: 21.139 Thread 0x0000016b4f244350 Thread added: 0x0000016b4f244350
Event: 21.140 Thread 0x0000016b4f244350 Thread exited: 0x0000016b4f244350
Event: 21.152 Thread 0x0000016b4f243360 Thread added: 0x0000016b4f243360
Event: 21.155 Thread 0x0000016b4f243360 Thread exited: 0x0000016b4f243360
Event: 21.402 Executing  VM operation: Cleanup
Event: 21.402 Executing  VM operation: Cleanup done
Event: 22.402 Executing  VM operation: Cleanup
Event: 22.402 Executing  VM operation: Cleanup done


Dynamic libraries:
0x00007ff795560000 - 0x00007ff79556d000 	C:\Users\User\.jdks\corretto-16.0.2\bin\java.exe
0x00007ffac3fb0000 - 0x00007ffac417f000 	C:\Windows\SYSTEM32\ntdll.dll
0x00007ffac35f0000 - 0x00007ffac369d000 	C:\Windows\System32\KERNEL32.DLL
0x00007ffac0680000 - 0x00007ffac089e000 	C:\Windows\System32\KERNELBASE.dll
0x00007ffac08a0000 - 0x00007ffac0994000 	C:\Windows\System32\ucrtbase.dll
0x00007ffab7a40000 - 0x00007ffab7a58000 	C:\Users\User\.jdks\corretto-16.0.2\bin\jli.dll
0x00007ffab3790000 - 0x00007ffab37a5000 	C:\Users\User\.jdks\corretto-16.0.2\bin\VCRUNTIME140.dll
0x00007ffac1600000 - 0x00007ffac1766000 	C:\Windows\System32\USER32.dll
0x00007ffac0db0000 - 0x00007ffac0dce000 	C:\Windows\System32\win32u.dll
0x00007ffac1550000 - 0x00007ffac1584000 	C:\Windows\System32\GDI32.dll
0x00007ffac0b10000 - 0x00007ffac0c94000 	C:\Windows\System32\gdi32full.dll
0x00007ffab7570000 - 0x00007ffab77ea000 	C:\Windows\WinSxS\amd64_microsoft.windows.common-controls_6595b64144ccf1df_6.0.14393.4169_none_7de0bbf28341b1f2\COMCTL32.dll
0x00007ffac3a90000 - 0x00007ffac3b2e000 	C:\Windows\System32\msvcrt.dll
0x00007ffac3710000 - 0x00007ffac39d6000 	C:\Windows\System32\combase.dll
0x00007ffac3ba0000 - 0x00007ffac3cbd000 	C:\Windows\System32\RPCRT4.dll
0x00007ffac09a0000 - 0x00007ffac0a0c000 	C:\Windows\System32\bcryptPrimitives.dll
0x00007ffac3f60000 - 0x00007ffac3f8e000 	C:\Windows\System32\IMM32.DLL
0x00007ffaa3e20000 - 0x00007ffaa3ebb000 	C:\Users\User\.jdks\corretto-16.0.2\bin\msvcp140.dll
0x00007ffaa14d0000 - 0x00007ffaa20d9000 	C:\Users\User\.jdks\corretto-16.0.2\bin\server\jvm.dll
0x00007ffac39e0000 - 0x00007ffac3a86000 	C:\Windows\System32\ADVAPI32.dll
0x00007ffac1590000 - 0x00007ffac15eb000 	C:\Windows\System32\sechost.dll
0x00007ffac15f0000 - 0x00007ffac15f8000 	C:\Windows\System32\PSAPI.DLL
0x00007ffabc2d0000 - 0x00007ffabc2d9000 	C:\Windows\SYSTEM32\WSOCK32.dll
0x00007ffabe8e0000 - 0x00007ffabe903000 	C:\Windows\SYSTEM32\WINMM.dll
0x00007ffabc320000 - 0x00007ffabc32a000 	C:\Windows\SYSTEM32\VERSION.dll
0x00007ffac36a0000 - 0x00007ffac370a000 	C:\Windows\System32\WS2_32.dll
0x0000016b2fbd0000 - 0x0000016b2fbfb000 	C:\Windows\SYSTEM32\WINMMBASE.dll
0x00007ffac0a10000 - 0x00007ffac0a52000 	C:\Windows\System32\cfgmgr32.dll
0x00007ffac0440000 - 0x00007ffac044f000 	C:\Windows\System32\kernel.appcore.dll
0x00007ffabe9f0000 - 0x00007ffabe9fa000 	C:\Users\User\.jdks\corretto-16.0.2\bin\jimage.dll
0x00007ffab73d0000 - 0x00007ffab7562000 	C:\Windows\SYSTEM32\DBGHELP.DLL
0x00007ffabd850000 - 0x00007ffabd879000 	C:\Windows\SYSTEM32\dbgcore.DLL
0x00007ffab28a0000 - 0x00007ffab28ae000 	C:\Users\User\.jdks\corretto-16.0.2\bin\instrument.dll
0x00007ffaa3df0000 - 0x00007ffaa3e15000 	C:\Users\User\.jdks\corretto-16.0.2\bin\java.dll
0x00007ffac18b0000 - 0x00007ffac2db6000 	C:\Windows\System32\SHELL32.dll
0x00007ffac0e70000 - 0x00007ffac1543000 	C:\Windows\System32\windows.storage.dll
0x00007ffac03f0000 - 0x00007ffac043c000 	C:\Windows\System32\powrprof.dll
0x00007ffac32f0000 - 0x00007ffac3342000 	C:\Windows\System32\shlwapi.dll
0x00007ffac0d00000 - 0x00007ffac0da8000 	C:\Windows\System32\shcore.dll
0x00007ffac0450000 - 0x00007ffac0464000 	C:\Windows\System32\profapi.dll
0x00007ffaaf6f0000 - 0x00007ffaaf708000 	C:\Users\User\.jdks\corretto-16.0.2\bin\zip.dll
0x00007ffab25f0000 - 0x00007ffab2609000 	C:\Users\User\.jdks\corretto-16.0.2\bin\net.dll
0x00007ffabcf10000 - 0x00007ffabcfdd000 	C:\Windows\SYSTEM32\WINHTTP.dll
0x00007ffabfcb0000 - 0x00007ffabfd0d000 	C:\Windows\system32\mswsock.dll
0x00007ffab06c0000 - 0x00007ffab06d3000 	C:\Users\User\.jdks\corretto-16.0.2\bin\nio.dll
0x00007ffaae5b0000 - 0x00007ffaae5ca000 	D:\jb\apps\IDEA-C\ch-0\222.3739.54\bin\breakgen64.dll
0x00007ffaa24f0000 - 0x00007ffaa2688000 	C:\Users\User\.jdks\corretto-16.0.2\bin\awt.dll
0x00007ffac1790000 - 0x00007ffac1850000 	C:\Windows\System32\OLEAUT32.dll
0x00007ffac0dd0000 - 0x00007ffac0e6c000 	C:\Windows\System32\msvcp_win.dll
0x00007ffabea30000 - 0x00007ffabeaaa000 	C:\Windows\SYSTEM32\apphelp.dll
0x00007ffabebf0000 - 0x00007ffabec85000 	C:\Windows\system32\uxtheme.dll
0x00007ffac3cc0000 - 0x00007ffac3e1b000 	C:\Windows\System32\MSCTF.dll
0x00007ffabe2b0000 - 0x00007ffabe2d6000 	C:\Windows\system32\dwmapi.dll
0x00007ffac3e20000 - 0x00007ffac3f59000 	C:\Windows\System32\ole32.dll
0x00007ffab3330000 - 0x00007ffab3453000 	C:\Windows\system32\opengl32.dll
0x00007ffab68b0000 - 0x00007ffab69a7000 	C:\Windows\SYSTEM32\DDRAW.dll
0x00007ffabafd0000 - 0x00007ffabaffd000 	C:\Windows\SYSTEM32\GLU32.dll
0x00007ffabb160000 - 0x00007ffabb168000 	C:\Windows\SYSTEM32\DCIMAN32.dll
0x00007ffaa0520000 - 0x00007ffaa14c7000 	C:\Users\User\.skiko\b3c771e301b5b16c06aaacc0de998266b7bf66d0191c51cfe19fcd72512220b2\skiko-windows-x64.dll
0x00007ffaa0490000 - 0x00007ffaa0516000 	C:\Users\User\.jdks\corretto-16.0.2\bin\freetype.dll
0x00007ffaa0390000 - 0x00007ffaa0482000 	C:\Users\User\.jdks\corretto-16.0.2\bin\harfbuzz.dll
0x00007ffaaa6d0000 - 0x00007ffaaa6e2000 	C:\Users\User\.jdks\corretto-16.0.2\bin\fontmanager.dll
0x00007ffab27f0000 - 0x00007ffab27f7000 	C:\Users\User\.jdks\corretto-16.0.2\bin\jawt.dll
0x00007ffabf420000 - 0x00007ffabf4bf000 	C:\Windows\SYSTEM32\Dxgi.dll
0x00007ffaa0280000 - 0x00007ffaa0382000 	C:\Windows\SYSTEM32\D3D12.dll
0x00007ffabeeb0000 - 0x00007ffabef41000 	C:\Windows\SYSTEM32\msvcp110_win.dll
0x00007ffabb560000 - 0x00007ffabb7c9000 	C:\Windows\SYSTEM32\dwrite.dll
0x00007ffabcbd0000 - 0x00007ffabcc7c000 	C:\Windows\WinSxS\amd64_microsoft.windows.common-controls_6595b64144ccf1df_5.82.14393.2457_none_a13eaee9d8fd5c07\comctl32.dll
0x00007ffac3250000 - 0x00007ffac32ef000 	C:\Windows\System32\clbcatq.dll
0x00007ffabe0b0000 - 0x00007ffabe235000 	C:\Windows\SYSTEM32\PROPSYS.dll
0x00007ffab6220000 - 0x00007ffab6586000 	C:\Windows\System32\ActXPrxy.dll
0x00007ffaa3be0000 - 0x00007ffaa3d07000 	C:\Windows\system32\NetworkExplorer.dll
0x00007ffabe9c0000 - 0x00007ffabe9db000 	C:\Windows\SYSTEM32\MPR.dll
0x00007ffabc090000 - 0x00007ffabc09b000 	C:\Windows\System32\drprov.dll
0x00007ffabff00000 - 0x00007ffabff56000 	C:\Windows\System32\WINSTA.dll
0x00007ffabc070000 - 0x00007ffabc086000 	C:\Windows\System32\ntlanman.dll
0x00007ffabc050000 - 0x00007ffabc070000 	C:\Windows\System32\davclnt.dll
0x00007ffabc040000 - 0x00007ffabc04c000 	C:\Windows\System32\DAVHLPR.dll
0x00007ffabda30000 - 0x00007ffabda48000 	C:\Windows\System32\wkscli.dll
0x00007ffac0330000 - 0x00007ffac035b000 	C:\Windows\System32\bcrypt.dll
0x00007ffab39e0000 - 0x00007ffab39f2000 	C:\Windows\SYSTEM32\cscapi.dll
0x00007ffabfad0000 - 0x00007ffabfadd000 	C:\Windows\System32\netutils.dll
0x00007ffaa9460000 - 0x00007ffaa94ad000 	C:\Windows\System32\dlnashext.dll
0x00007ffaa29f0000 - 0x00007ffaa2a60000 	C:\Windows\System32\PlayToDevice.dll
0x00007ffab2f70000 - 0x00007ffab2f8e000 	C:\Windows\System32\DevDispItemProvider.dll
0x00007ffabc500000 - 0x00007ffabc56f000 	C:\Windows\System32\MMDevApi.dll
0x00007ffabf130000 - 0x00007ffabf158000 	C:\Windows\System32\DEVOBJ.dll
0x00007ffaa2690000 - 0x00007ffaa288f000 	C:\Windows\system32\wpdshext.dll
0x00007ffabb3c0000 - 0x00007ffabb559000 	C:\Windows\WinSxS\amd64_microsoft.windows.gdiplus_6595b64144ccf1df_1.1.14393.5127_none_aec7dd25ddd79049\gdiplus.dll
0x00007ffabbe50000 - 0x00007ffabbeee000 	C:\Windows\System32\PortableDeviceApi.dll
0x00007ffac2e20000 - 0x00007ffac3249000 	C:\Windows\System32\SETUPAPI.dll
0x00007ffac0ca0000 - 0x00007ffac0cf5000 	C:\Windows\System32\WINTRUST.dll
0x00007ffac0470000 - 0x00007ffac0480000 	C:\Windows\System32\MSASN1.dll
0x00007ffac0480000 - 0x00007ffac0673000 	C:\Windows\System32\CRYPT32.dll
0x00007ffab6f40000 - 0x00007ffab6f76000 	C:\Windows\System32\EhStorShell.dll
0x00007ffaa3dc0000 - 0x00007ffaa3de5000 	C:\Windows\System32\EhStorAPI.dll
0x00007ffabe090000 - 0x00007ffabe0a3000 	C:\Windows\System32\WTSAPI32.dll
0x00007ffab8300000 - 0x00007ffab8310000 	C:\Windows\SYSTEM32\LINKINFO.dll
0x00007ffaba830000 - 0x00007ffaba9d8000 	C:\Windows\SYSTEM32\WindowsCodecs.dll
0x00007ffab6c20000 - 0x00007ffab6c69000 	C:\Windows\system32\dataexchange.dll
0x00007ffaba040000 - 0x00007ffaba2f6000 	C:\Windows\system32\d3d11.dll
0x00007ffabe400000 - 0x00007ffabe551000 	C:\Windows\system32\dcomp.dll
0x00007ffabef50000 - 0x00007ffabf063000 	C:\Windows\system32\twinapi.appcore.dll

dbghelp: loaded successfully - version: 4.0.5 - missing functions: none
symbol engine: initialized successfully - sym options: 0x614 - pdb path: .;C:\Users\User\.jdks\corretto-16.0.2\bin;C:\Windows\SYSTEM32;C:\Windows\WinSxS\amd64_microsoft.windows.common-controls_6595b64144ccf1df_6.0.14393.4169_none_7de0bbf28341b1f2;C:\Users\User\.jdks\corretto-16.0.2\bin\server;D:\jb\apps\IDEA-C\ch-0\222.3739.54\bin;C:\Users\User\.skiko\b3c771e301b5b16c06aaacc0de998266b7bf66d0191c51cfe19fcd72512220b2;C:\Windows\WinSxS\amd64_microsoft.windows.common-controls_6595b64144ccf1df_5.82.14393.2457_none_a13eaee9d8fd5c07;C:\Windows\WinSxS\amd64_microsoft.windows.gdiplus_6595b64144ccf1df_1.1.14393.5127_none_aec7dd25ddd79049

VM Arguments:
jvm_args: -Djava.library.path=D:\Kotlin\CardCom\build\classes\kotlin\jvm\main -javaagent:D:\jb\apps\IDEA-C\ch-0\222.3739.54\lib\idea_rt.jar=57257:D:\jb\apps\IDEA-C\ch-0\222.3739.54\bin -Dfile.encoding=UTF-8 
java_command: MainKt
java_class_path (initial): D:\Kotlin\CardCom\build\classes\kotlin\jvm\main;C:\Users\User\.gradle\caches\modules-2\files-2.1\org.jetbrains.kotlin\kotlin-stdlib-jdk8\1.6.10\e80fe6ac3c3573a80305f5ec43f86b829e8ab53d\kotlin-stdlib-jdk8-1.6.10.jar;C:\Users\User\.gradle\caches\modules-2\files-2.1\com.google.code.gson\gson\2.9.1\2cc2131b98ebfb04e2b2c7dfb84431f4045096b\gson-2.9.1.jar;C:\Users\User\.gradle\caches\modules-2\files-2.1\org.jetbrains.compose.desktop\desktop\1.1.0\5b8f86fea035328fc9e8c660773037a3401ce25f\desktop-metadata-1.1.0.jar;C:\Users\User\.gradle\caches\modules-2\files-2.1\org.jetbrains.compose.material\material\1.1.0\4d3b2a4752f78fe976a157e09a1b8767470fd8f4\material-metadata-1.1.0.jar;C:\Users\User\.gradle\caches\modules-2\files-2.1\org.jetbrains.kotlin\kotlin-stdlib-jdk7\1.6.10\e1c380673654a089c4f0c9f83d0ddfdc1efdb498\kotlin-stdlib-jdk7-1.6.10.jar;C:\Users\User\.gradle\caches\modules-2\files-2.1\org.jetbrains.skiko\skiko-awt-runtime-windows-x64\0.7.12\1c57babf7ee417a95ab2ba898f6e562875590e57\skiko-awt-runtime-windows-x64-0.7.12.jar;C:\Users\User\.gradle\caches\modules-2\files-2.1\org.jetbrains.compose.foundation\foundation\1.1.0\d834fa431c21a0c301ac779cb83ed4b6ea45997e\foundation-metadata-1.1.0.jar;C:\Users\User\.gradle\caches\modules-2\files-2.1\org.jetbrains.kotlin\kotlin-stdlib\1.6.10\b8af3fe6f1ca88526914929add63cf5e7c5049af\kotlin-stdlib-1.6.10.jar;C:\Users\User\.gradle\caches\modules-2\files-2.1\org.jetbrains.compose.desktop\desktop-jvm\1.1.0\5ee1b0cb95662b9ec8e19c2d7f94b38673fdbe14\desktop-jvm-1.1.0.jar;C:\Users\User\.gradle\caches\modules-2\files-2.1\org.jetbrains.compose.ui\ui-tooling-preview\1.1.0\5b8f86fea035328fc9e8c660773037a3401ce25f\ui-tooling-preview-metadata-1.1.0.jar;C:\Users\User\.gradle\caches\modules-2\files-2.1\org.jetbrains.compose.ui\ui\1.1.0\9a9c686c518fef3c5896bf546dc9165f423a3520\ui-metadata-1.1.0.jar;C:\Users\User\.gradle\caches\modules-2\files-2.1\org.jetbrains\annotations\13.0\919f0dfe192fb4e063e7dacadee7f8bb9a2672a9\annotati
Launcher Type: SUN_STANDARD

[Global flags]
     intx CICompilerCount                          = 3                                         {product} {ergonomic}
     uint ConcGCThreads                            = 1                                         {product} {ergonomic}
     uint G1ConcRefinementThreads                  = 4                                         {product} {ergonomic}
   size_t G1HeapRegionSize                         = 1048576                                   {product} {ergonomic}
    uintx GCDrainStackTargetSize                   = 64                                        {product} {ergonomic}
   size_t InitialHeapSize                          = 67108864                                  {product} {ergonomic}
   size_t MarkStackSize                            = 4194304                                   {product} {ergonomic}
   size_t MaxHeapSize                              = 1044381696                                {product} {ergonomic}
   size_t MaxNewSize                               = 625999872                                 {product} {ergonomic}
   size_t MinHeapDeltaBytes                        = 1048576                                   {product} {ergonomic}
   size_t MinHeapSize                              = 8388608                                   {product} {ergonomic}
    uintx NonNMethodCodeHeapSize                   = 5832780                                {pd product} {ergonomic}
    uintx NonProfiledCodeHeapSize                  = 122912730                              {pd product} {ergonomic}
    uintx ProfiledCodeHeapSize                     = 122912730                              {pd product} {ergonomic}
    uintx ReservedCodeCacheSize                    = 251658240                              {pd product} {ergonomic}
     bool SegmentedCodeCache                       = true                                      {product} {ergonomic}
   size_t SoftMaxHeapSize                          = 1044381696                             {manageable} {ergonomic}
     bool UseCompressedClassPointers               = true                           {product lp64_product} {ergonomic}
     bool UseCompressedOops                        = true                           {product lp64_product} {ergonomic}
     bool UseG1GC                                  = true                                      {product} {ergonomic}
     bool UseLargePagesIndividualAllocation        = false                                  {pd product} {ergonomic}

Logging:
Log output configuration:
 #0: stdout all=warning uptime,level,tags
 #1: stderr all=off uptime,level,tags

Environment Variables:
PATH=C:\Windows\system32;C:\Windows;C:\Windows\System32\Wbem;C:\Windows\System32\WindowsPowerShell\v1.0\;C:\Program Files\OpenVPN\bin;C:\Users\User\AppData\Local\Microsoft\WindowsApps;D:\Microsoft VS Code\bin;C:\Users\User\AppData\Local\JetBrains\Toolbox\scripts;C:\Users\User\AppData\Local\GitHubDesktop\bin;C:\Users\User\AppData\Local\Programs\Git\cmd
USERNAME=User
OS=Windows_NT
PROCESSOR_IDENTIFIER=Intel64 Family 6 Model 42 Stepping 7, GenuineIntel



---------------  S Y S T E M  ---------------

OS:
 Windows 10 , 64 bit Build 14393 (10.0.14393.5127)
OS uptime: 13 days 5:36 hours

CPU: total 4 (initial active 4) (4 cores per cpu, 1 threads per core) family 6 model 42 stepping 7 microcode 0x2e, cx8, cmov, fxsr, mmx, sse, sse2, sse3, ssse3, sse4.1, sse4.2, popcnt, tsc, tscinvbit, avx, aes, clmul, vzeroupper, clflush

Memory: 4k page, system-wide physical 3981M (332M free)
TotalPageFile size 8364M (AvailPageFile size 1286M)
current process WorkingSet (physical memory assigned to process): 147M, peak: 150M
current process commit charge ("private bytes"): 171M, peak: 178M

vm_info: OpenJDK 64-Bit Server VM (16.0.2+7) for windows-amd64 JRE (16.0.2+7), built on Jul 22 2021 01:11:46 by "Administrator" with MS VC++ 15.9 (VS2017)

END.
