#
# A fatal error has been detected by the Java Runtime Environment:
#
#  EXCEPTION_ACCESS_VIOLATION (0xc0000005) at pc=0x00007ffaa14ed7a0, pid=1772, tid=4224
#
# JRE version: OpenJDK Runtime Environment Corretto-16.0.2.7.1 (16.0.2+7) (build 16.0.2+7)
# Java VM: OpenJDK 64-Bit Server VM Corretto-16.0.2.7.1 (16.0.2+7, mixed mode, sharing, tiered, compressed oops, compressed class ptrs, g1 gc, windows-amd64)
# Problematic frame:
# V  [jvm.dll+0x1d7a0]
#
# No core dump will be written. Minidumps are not enabled by default on client versions of Windows
#
# If you would like to submit a bug report, please visit:
#   https://github.com/corretto/corretto-jdk/issues/
#

---------------  S U M M A R Y ------------

Command Line: -Djava.library.path=D:\Kotlin\CardCom\build\classes\kotlin\jvm\main -javaagent:D:\jb\apps\IDEA-C\ch-0\222.3739.54\lib\idea_rt.jar=57204:D:\jb\apps\IDEA-C\ch-0\222.3739.54\bin -Dfile.encoding=UTF-8 MainKt

Host: Intel(R) Core(TM) i5-2500 CPU @ 3.30GHz, 4 cores, 3G,  Windows 10 , 64 bit Build 14393 (10.0.14393.5127)
Time: Thu Aug 25 14:49:34 2022 Новосибирское стандартное время elapsed time: 35.521932 seconds (0d 0h 0m 35s)

---------------  T H R E A D  ---------------

Current thread (0x000001b1f14f1ba0):  JavaThread "AWT-EventQueue-0" [_thread_in_vm, id=4224, stack(0x0000008ef0e00000,0x0000008ef0f00000)]

Stack: [0x0000008ef0e00000,0x0000008ef0f00000],  sp=0x0000008ef0efccb8,  free space=1011k
Native frames: (J=compiled Java code, j=interpreted, Vv=VM code, C=native code)
V  [jvm.dll+0x1d7a0]

Java frames: (J=compiled Java code, j=interpreted, Vv=VM code)
j  org.jetbrains.skia.ImageKt._nMakeFromEncoded(Ljava/lang/Object;I)J+0
j  org.jetbrains.skia.ImageKt.access$_nMakeFromEncoded(Ljava/lang/Object;I)J+2
j  org.jetbrains.skia.Image$Companion.makeFromEncoded([B)Lorg/jetbrains/skia/Image;+41
j  file.FileManagerKt.getImageByPath(Lgson/NewCard;)Landroidx/compose/ui/graphics/ImageBitmap;+21
j  AddNewCardKt$newCardDialog$2$1$1$1.invoke(Landroidx/compose/foundation/lazy/LazyListScope;)V+84
j  AddNewCardKt$newCardDialog$2$1$1$1.invoke(Ljava/lang/Object;)Ljava/lang/Object;+5
j  androidx.compose.foundation.lazy.list.LazyListItemsProviderImplKt$rememberStateOfItemsProvider$2$1.invoke()Landroidx/compose/foundation/lazy/list/LazyListItemsProvider;+21
j  androidx.compose.foundation.lazy.list.LazyListItemsProviderImplKt$rememberStateOfItemsProvider$2$1.invoke()Ljava/lang/Object;+1
j  androidx.compose.runtime.snapshots.Snapshot$Companion.observe(Lkotlin/jvm/functions/Function1;Lkotlin/jvm/functions/Function1;Lkotlin/jvm/functions/Function0;)Ljava/lang/Object;+106
j  androidx.compose.runtime.DerivedSnapshotState.currentRecord(Landroidx/compose/runtime/DerivedSnapshotState$ResultRecord;Landroidx/compose/runtime/snapshots/Snapshot;Lkotlin/jvm/functions/Function0;)Landroidx/compose/runtime/DerivedSnapshotState$ResultRecord;+189
j  androidx.compose.runtime.DerivedSnapshotState.getCurrentValue()Ljava/lang/Object;+39
j  androidx.compose.runtime.DerivedSnapshotState.getValue()Ljava/lang/Object;+25
j  androidx.compose.runtime.RecomposeScopeImpl.isInvalidFor(Landroidx/compose/runtime/collection/IdentityArraySet;)Z+109
j  androidx.compose.runtime.Invalidation.isInvalid()Z+8
j  androidx.compose.runtime.ComposerImpl.recomposeToGroupEnd()V+95
j  androidx.compose.runtime.ComposerImpl.skipCurrentGroup()V+58
j  androidx.compose.runtime.ComposerImpl$doCompose$2$5.invoke()V+48
j  androidx.compose.runtime.ComposerImpl$doCompose$2$5.invoke()Ljava/lang/Object;+1
j  androidx.compose.runtime.SnapshotStateKt__DerivedStateKt.observeDerivedStateRecalculations(Lkotlin/jvm/functions/Function1;Lkotlin/jvm/functions/Function1;Lkotlin/jvm/functions/Function0;)V+63
j  androidx.compose.runtime.SnapshotStateKt.observeDerivedStateRecalculations(Lkotlin/jvm/functions/Function1;Lkotlin/jvm/functions/Function1;Lkotlin/jvm/functions/Function0;)V+3
j  androidx.compose.runtime.ComposerImpl.doCompose(Landroidx/compose/runtime/collection/IdentityArrayMap;Lkotlin/jvm/functions/Function2;)V+303
j  androidx.compose.runtime.ComposerImpl.recompose$runtime(Landroidx/compose/runtime/collection/IdentityArrayMap;)Z+82
j  androidx.compose.runtime.CompositionImpl.recompose()Z+37
j  androidx.compose.runtime.Recomposer.performRecompose(Landroidx/compose/runtime/ControlledComposition;Landroidx/compose/runtime/collection/IdentityArraySet;)Landroidx/compose/runtime/ControlledComposition;+110
j  androidx.compose.runtime.Recomposer.access$performRecompose(Landroidx/compose/runtime/Recomposer;Landroidx/compose/runtime/ControlledComposition;Landroidx/compose/runtime/collection/IdentityArraySet;)Landroidx/compose/runtime/ControlledComposition;+3
j  androidx.compose.runtime.Recomposer$runRecomposeAndApplyChanges$2$2.invoke(J)Lkotlinx/coroutines/CancellableContinuation;+358
j  androidx.compose.runtime.Recomposer$runRecomposeAndApplyChanges$2$2.invoke(Ljava/lang/Object;)Ljava/lang/Object;+8
J 3683 c1 androidx.compose.runtime.BroadcastFrameClock$FrameAwaiter.resume(J)V (71 bytes) @ 0x000001b1dd3203dc [0x000001b1dd320280+0x000000000000015c]
J 4012 c1 androidx.compose.runtime.BroadcastFrameClock.sendFrame(J)V (106 bytes) @ 0x000001b1dd3b0bb4 [0x000001b1dd3b0820+0x0000000000000394]
j  androidx.compose.ui.ComposeScene.render(Lorg/jetbrains/skia/Canvas;J)V+120
j  androidx.compose.ui.awt.ComposeLayer$1$onRender$1.invoke()V+15
j  androidx.compose.ui.awt.ComposeLayer$1$onRender$1.invoke()Ljava/lang/Object;+1
J 3514 c1 androidx.compose.ui.awt.ComposeLayer.catchExceptions(Lkotlin/jvm/functions/Function0;)V (43 bytes) @ 0x000001b1dd293794 [0x000001b1dd293680+0x0000000000000114]
j  androidx.compose.ui.awt.ComposeLayer.access$catchExceptions(Landroidx/compose/ui/awt/ComposeLayer;Lkotlin/jvm/functions/Function0;)V+2
j  androidx.compose.ui.awt.ComposeLayer$1.onRender(Lorg/jetbrains/skia/Canvas;IIJ)V+27
j  org.jetbrains.skiko.SkiaLayer.update$skiko(J)V+213
J 3995 c1 org.jetbrains.skiko.redrawer.AbstractDirectSoftwareRedrawer$frameDispatcher$1.invokeSuspend(Ljava/lang/Object;)Ljava/lang/Object; (141 bytes) @ 0x000001b1dd3a758c [0x000001b1dd3a6ee0+0x00000000000006ac]
J 3777 c2 kotlin.coroutines.jvm.internal.BaseContinuationImpl.resumeWith(Ljava/lang/Object;)V (130 bytes) @ 0x000001b1e4282f94 [0x000001b1e4282f40+0x0000000000000054]
J 1574 c1 kotlinx.coroutines.DispatchedTask.run()V (658 bytes) @ 0x000001b1dce8c7a4 [0x000001b1dce8b380+0x0000000000001424]
J 1623 c1 java.awt.event.InvocationEvent.dispatch()V java.desktop@16.0.2 (69 bytes) @ 0x000001b1dceb219c [0x000001b1dceb1f80+0x000000000000021c]
J 1660 c1 java.awt.EventQueue.dispatchEventImpl(Ljava/awt/AWTEvent;Ljava/lang/Object;)V java.desktop@16.0.2 (136 bytes) @ 0x000001b1dcec72bc [0x000001b1dcec5780+0x0000000000001b3c]
J 1670 c1 java.awt.EventQueue$4.run()Ljava/lang/Void; java.desktop@16.0.2 (60 bytes) @ 0x000001b1dcecf42c [0x000001b1dcecf300+0x000000000000012c]
J 1512 c1 java.awt.EventQueue.dispatchEvent(Ljava/awt/AWTEvent;)V java.desktop@16.0.2 (80 bytes) @ 0x000001b1dce72494 [0x000001b1dce71ee0+0x00000000000005b4]
J 1513 c1 java.awt.EventDispatchThread.pumpOneEventForFilters(I)V java.desktop@16.0.2 (113 bytes) @ 0x000001b1dce7413c [0x000001b1dce73aa0+0x000000000000069c]
j  java.awt.EventDispatchThread.pumpEventsForFilter(ILjava/awt/Conditional;Ljava/awt/EventFilter;)V+35 java.desktop@16.0.2
j  java.awt.EventDispatchThread.pumpEventsForFilter(Ljava/awt/Conditional;Ljava/awt/EventFilter;)V+4 java.desktop@16.0.2
j  java.awt.WaitDispatchSupport$2.run()V+59 java.desktop@16.0.2
j  java.awt.WaitDispatchSupport$4.run()Ljava/lang/Void;+4 java.desktop@16.0.2
j  java.awt.WaitDispatchSupport$4.run()Ljava/lang/Object;+1 java.desktop@16.0.2
J 1028 c1 java.security.AccessController.doPrivileged(Ljava/security/PrivilegedAction;)Ljava/lang/Object; java.base@16.0.2 (9 bytes) @ 0x000001b1dcdb4c4c [0x000001b1dcdb4ae0+0x000000000000016c]
j  java.awt.WaitDispatchSupport.enter()Z+260 java.desktop@16.0.2
j  java.awt.Dialog.show()V+225 java.desktop@16.0.2
j  java.awt.Component.show(Z)V+5 java.desktop@16.0.2
j  java.awt.Component.setVisible(Z)V+2 java.desktop@16.0.2
j  java.awt.Window.setVisible(Z)V+2 java.desktop@16.0.2
j  java.awt.Dialog.setVisible(Z)V+2 java.desktop@16.0.2
j  androidx.compose.ui.window.AwtWindow_desktopKt$AwtWindow$4$1.invokeSuspend(Ljava/lang/Object;)Ljava/lang/Object;+46
J 3777 c2 kotlin.coroutines.jvm.internal.BaseContinuationImpl.resumeWith(Ljava/lang/Object;)V (130 bytes) @ 0x000001b1e4282f94 [0x000001b1e4282f40+0x0000000000000054]
J 1574 c1 kotlinx.coroutines.DispatchedTask.run()V (658 bytes) @ 0x000001b1dce8c7a4 [0x000001b1dce8b380+0x0000000000001424]
J 1623 c1 java.awt.event.InvocationEvent.dispatch()V java.desktop@16.0.2 (69 bytes) @ 0x000001b1dceb219c [0x000001b1dceb1f80+0x000000000000021c]
J 1660 c1 java.awt.EventQueue.dispatchEventImpl(Ljava/awt/AWTEvent;Ljava/lang/Object;)V java.desktop@16.0.2 (136 bytes) @ 0x000001b1dcec72bc [0x000001b1dcec5780+0x0000000000001b3c]
J 1670 c1 java.awt.EventQueue$4.run()Ljava/lang/Void; java.desktop@16.0.2 (60 bytes) @ 0x000001b1dcecf42c [0x000001b1dcecf300+0x000000000000012c]
J 1512 c1 java.awt.EventQueue.dispatchEvent(Ljava/awt/AWTEvent;)V java.desktop@16.0.2 (80 bytes) @ 0x000001b1dce72494 [0x000001b1dce71ee0+0x00000000000005b4]
J 1513 c1 java.awt.EventDispatchThread.pumpOneEventForFilters(I)V java.desktop@16.0.2 (113 bytes) @ 0x000001b1dce7413c [0x000001b1dce73aa0+0x000000000000069c]
j  java.awt.EventDispatchThread.pumpEventsForFilter(ILjava/awt/Conditional;Ljava/awt/EventFilter;)V+35 java.desktop@16.0.2
j  java.awt.EventDispatchThread.pumpEventsForHierarchy(ILjava/awt/Conditional;Ljava/awt/Component;)V+11 java.desktop@16.0.2
j  java.awt.EventDispatchThread.pumpEvents(ILjava/awt/Conditional;)V+4 java.desktop@16.0.2
j  java.awt.EventDispatchThread.pumpEvents(Ljava/awt/Conditional;)V+3 java.desktop@16.0.2
j  java.awt.EventDispatchThread.run()V+9 java.desktop@16.0.2
v  ~StubRoutines::call_stub

siginfo: EXCEPTION_ACCESS_VIOLATION (0xc0000005), reading address 0x0000000000000000


Register to memory mapping:

RIP=0x00007ffaa14ed7a0 jvm.dll
RAX=0x0 is NULL
RBX=0x000001b1f14f1ba0 is a thread
RCX=0x0 is NULL
RDX=0x0 is NULL
RSP=0x0000008ef0efccb8 is pointing into the stack for thread: 0x000001b1f14f1ba0
RBP=0x0 is NULL
RSI=0x000001b1f14f1ba0 is a thread
RDI=0x0 is NULL
R8 =0x0 is NULL
R9 =0x0 is NULL
R10=0x000001b1dc66dc73 is at code_begin+979 in an Interpreter codelet
method entry point (kind = native)  [0x000001b1dc66d8a0, 0x000001b1dc66e280]  2528 bytes
R11=0x00000000c291ce98 is an oop: java.lang.Class 
{0x00000000c291ce98} - klass: 'java/lang/Class'
R12=0x0 is NULL
R13={method} {0x000001b1f6789058} '_nMakeFromEncoded' '(Ljava/lang/Object;I)J' in 'org/jetbrains/skia/ImageKt'
R14=0x0000008ef0efcd00 is pointing into the stack for thread: 0x000001b1f14f1ba0
R15=0x000001b1f14f1ba0 is a thread


Registers:
RAX=0x0000000000000000, RBX=0x000001b1f14f1ba0, RCX=0x0000000000000000, RDX=0x0000000000000000
RSP=0x0000008ef0efccb8, RBP=0x0000000000000000, RSI=0x000001b1f14f1ba0, RDI=0x0000000000000000
R8 =0x0000000000000000, R9 =0x0000000000000000, R10=0x000001b1dc66dc73, R11=0x00000000c291ce98
R12=0x0000000000000000, R13=0x000001b1f6789050, R14=0x0000008ef0efcd00, R15=0x000001b1f14f1ba0
RIP=0x00007ffaa14ed7a0, EFLAGS=0x0000000000010246

Top of Stack: (sp=0x0000008ef0efccb8)
0x0000008ef0efccb8:   00007ffaa188c208 0000000000000000
0x0000008ef0efccc8:   0000000000000000 000001b1f14f1ba0
0x0000008ef0efccd8:   0000008ef0efcf50 000001b1f14f1ba0
0x0000008ef0efcce8:   0000008ef0efcdf0 0000000000000000
0x0000008ef0efccf8:   00007ffaa0584b3c 000001b1f6789050
0x0000008ef0efcd08:   0000000000000000 000001b1f14f1eb0
0x0000008ef0efcd18:   0000000000000000 000001b1f003da90
0x0000008ef0efcd28:   00000000000003d8 0000000000000000
0x0000008ef0efcd38:   0000008ef0efcfc8 0000000000000000
0x0000008ef0efcd48:   000001b1dc66dca2 00000000ffffff77
0x0000008ef0efcd58:   000001b1f6789050 0000008ef0efcdc8
0x0000008ef0efcd68:   00000000ffffff77 000001b1f6227698
0x0000008ef0efcd78:   000001b1f14f1ba0 0000008ef0efcd80
0x0000008ef0efcd88:   0000000000000000 0000008ef0efcdf0
0x0000008ef0efcd98:   000001b1f6787c80 0000000000000000
0x0000008ef0efcda8:   00000000c291ce98 000001b1f6789050 

Instructions: (pc=0x00007ffaa14ed7a0)
0x00007ffaa14ed6a0:   00 00 00 48 8b 13 0f b6 c2 24 03 3c 03 75 19 48
0x00007ffaa14ed6b0:   83 e2 fc 74 13 48 3b da 74 11 48 8b c2 48 8b 5c
0x00007ffaa14ed6c0:   24 38 48 83 c4 20 5e c3 48 8b d3 48 8b 46 38 0f
0x00007ffaa14ed6d0:   be 88 f0 02 00 00 c1 e9 02 f6 c1 01 74 dc 8b 0d
0x00007ffaa14ed6e0:   28 2a b5 00 65 48 8b 04 25 58 00 00 00 48 89 7c
0x00007ffaa14ed6f0:   24 30 bf 10 00 00 00 48 8b 04 c8 48 8b 0d 56 a4
0x00007ffaa14ed700:   b4 00 48 81 c1 20 0a 00 00 48 8b 3c 07 8b 41 40
0x00007ffaa14ed710:   0f b6 57 21 8d 42 01 88 47 21 84 d2 75 0a 48 8b
0x00007ffaa14ed720:   d7 e8 9a 85 6c 00 eb 20 80 7f 22 00 75 1a 8b 41
0x00007ffaa14ed730:   40 85 05 c9 a1 96 00 74 0f b8 ff ff ff ff f0 0f
0x00007ffaa14ed740:   c1 41 40 e8 08 86 6c 00 48 8b 4e 38 4c 8b c7 48
0x00007ffaa14ed750:   8b d3 e8 29 f8 ff ff 0f b6 4f 21 48 8b d8 48 8b
0x00007ffaa14ed760:   15 f3 a3 b4 00 8d 41 ff 88 47 21 80 f9 01 77 0f
0x00007ffaa14ed770:   48 8d 8a 20 0a 00 00 48 8b d7 e8 b1 85 6c 00 48
0x00007ffaa14ed780:   8b 7c 24 30 48 8b c3 48 8b 5c 24 38 48 83 c4 20
0x00007ffaa14ed790:   5e c3 cc cc cc cc cc cc cc cc cc cc cc cc cc cc
0x00007ffaa14ed7a0:   48 8b 01 c3 cc cc cc cc cc cc cc cc cc cc cc cc
0x00007ffaa14ed7b0:   48 89 5c 24 08 57 48 83 ec 20 48 8b 19 48 8b f9
0x00007ffaa14ed7c0:   48 85 db 74 36 48 8b 0d d4 3d b0 00 48 8b d3 e8
0x00007ffaa14ed7d0:   7c fe ff ff 80 3d e9 ad aa 00 00 48 8b d0 74 0d
0x00007ffaa14ed7e0:   48 3b c3 74 08 48 8b c3 f0 48 0f b1 17 48 8b c2
0x00007ffaa14ed7f0:   48 8b 5c 24 30 48 83 c4 20 5f c3 48 8b c3 48 8b
0x00007ffaa14ed800:   5c 24 30 48 83 c4 20 5f c3 cc cc cc cc cc cc cc
0x00007ffaa14ed810:   48 8b 11 e9 28 fc ff ff cc cc cc cc cc cc cc cc
0x00007ffaa14ed820:   4c 8b ca 48 85 d2 0f 84 a1 00 00 00 80 3d 04 ad
0x00007ffaa14ed830:   aa 00 00 0f 84 94 00 00 00 48 8b 41 38 44 0f be
0x00007ffaa14ed840:   80 f0 02 00 00 41 d1 e8 41 f6 c0 01 74 7f 48 8b
0x00007ffaa14ed850:   41 38 48 8b 0d af e6 b2 00 48 d3 ea 4c 8b 90 58
0x00007ffaa14ed860:   09 00 00 49 8b 42 38 4c 3b 0c d0 73 60 49 8b 52
0x00007ffaa14ed870:   18 48 b9 fe ff ff ff ff ff ff 3f 49 8b c1 49 2b
0x00007ffaa14ed880:   42 08 48 c1 e8 02 48 23 c1 41 8b 0a 48 d3 e8 4c
0x00007ffaa14ed890:   8b c0 24 3f 49 c1 e8 06 0f b6 c8 4a 8b 04 c2 48 


Stack slot to memory mapping:
stack at sp + 0 slots: 0x00007ffaa188c208 jvm.dll
stack at sp + 1 slots: 0x0 is NULL
stack at sp + 2 slots: 0x0 is NULL
stack at sp + 3 slots: 0x000001b1f14f1ba0 is a thread
stack at sp + 4 slots: 0x0000008ef0efcf50 is pointing into the stack for thread: 0x000001b1f14f1ba0
stack at sp + 5 slots: 0x000001b1f14f1ba0 is a thread
stack at sp + 6 slots: 0x0000008ef0efcdf0 is pointing into the stack for thread: 0x000001b1f14f1ba0
stack at sp + 7 slots: 0x0 is NULL


---------------  P R O C E S S  ---------------

Threads class SMR info:
_java_thread_list=0x000001b1f1104870, length=27, elements={
0x000001b1d3c96420, 0x000001b1d3d55e50, 0x000001b1d3d57c30, 0x000001b1d3d6a6b0,
0x000001b1d3d6c230, 0x000001b1d3d6cd40, 0x000001b1d3d6d650, 0x000001b1d3d6e340,
0x000001b1effd7ff0, 0x000001b1effe0ab0, 0x000001b1effccd80, 0x000001b1f0e73170,
0x000001b1f0e765f0, 0x000001b1f1125590, 0x000001b1f1126140, 0x000001b1f1213430,
0x000001b1f14f1ba0, 0x000001b1f16c48d0, 0x000001b1f16c4df0, 0x000001b1effdfac0,
0x000001b1effe2540, 0x000001b1effe1000, 0x000001b1effe0010, 0x000001b1effe0560,
0x000001b1effe1550, 0x000001b1effe1ff0, 0x000001b1f2a3cf20
}

Java Threads: ( => current thread )
  0x000001b1d3c96420 JavaThread "main" [_thread_blocked, id=4164, stack(0x0000008eef600000,0x0000008eef700000)]
  0x000001b1d3d55e50 JavaThread "Reference Handler" daemon [_thread_blocked, id=7164, stack(0x0000008eefd00000,0x0000008eefe00000)]
  0x000001b1d3d57c30 JavaThread "Finalizer" daemon [_thread_blocked, id=5856, stack(0x0000008eefe00000,0x0000008eeff00000)]
  0x000001b1d3d6a6b0 JavaThread "Signal Dispatcher" daemon [_thread_blocked, id=1988, stack(0x0000008eeff00000,0x0000008ef0000000)]
  0x000001b1d3d6c230 JavaThread "Attach Listener" daemon [_thread_blocked, id=1732, stack(0x0000008ef0000000,0x0000008ef0100000)]
  0x000001b1d3d6cd40 JavaThread "Service Thread" daemon [_thread_blocked, id=7360, stack(0x0000008ef0100000,0x0000008ef0200000)]
  0x000001b1d3d6d650 JavaThread "Monitor Deflation Thread" daemon [_thread_blocked, id=1892, stack(0x0000008ef0200000,0x0000008ef0300000)]
  0x000001b1d3d6e340 JavaThread "C2 CompilerThread0" daemon [_thread_blocked, id=4028, stack(0x0000008ef0300000,0x0000008ef0400000)]
  0x000001b1effd7ff0 JavaThread "C1 CompilerThread0" daemon [_thread_blocked, id=7560, stack(0x0000008ef0400000,0x0000008ef0500000)]
  0x000001b1effe0ab0 JavaThread "Sweeper thread" daemon [_thread_blocked, id=7968, stack(0x0000008ef0500000,0x0000008ef0600000)]
  0x000001b1effccd80 JavaThread "Common-Cleaner" daemon [_thread_blocked, id=5404, stack(0x0000008ef0600000,0x0000008ef0700000)]
  0x000001b1f0e73170 JavaThread "Monitor Ctrl-Break" daemon [_thread_in_native, id=6176, stack(0x0000008ef0800000,0x0000008ef0900000)]
  0x000001b1f0e765f0 JavaThread "Notification Thread" daemon [_thread_blocked, id=7436, stack(0x0000008ef0900000,0x0000008ef0a00000)]
  0x000001b1f1125590 JavaThread "Java2D Disposer" daemon [_thread_blocked, id=5036, stack(0x0000008ef0b00000,0x0000008ef0c00000)]
  0x000001b1f1126140 JavaThread "AWT-Shutdown" [_thread_blocked, id=6648, stack(0x0000008ef0c00000,0x0000008ef0d00000)]
  0x000001b1f1213430 JavaThread "AWT-Windows" daemon [_thread_blocked, id=5792, stack(0x0000008ef0d00000,0x0000008ef0e00000)]
=>0x000001b1f14f1ba0 JavaThread "AWT-EventQueue-0" [_thread_in_vm, id=4224, stack(0x0000008ef0e00000,0x0000008ef0f00000)]
  0x000001b1f16c48d0 JavaThread "DefaultDispatcher-worker-1" daemon [_thread_blocked, id=4352, stack(0x0000008ef1500000,0x0000008ef1600000)]
  0x000001b1f16c4df0 JavaThread "DefaultDispatcher-worker-2" daemon [_thread_blocked, id=6908, stack(0x0000008ef1600000,0x0000008ef1700000)]
  0x000001b1effdfac0 JavaThread "DefaultDispatcher-worker-3" daemon [_thread_blocked, id=3908, stack(0x0000008ef1700000,0x0000008ef1800000)]
  0x000001b1effe2540 JavaThread "kotlinx.coroutines.DefaultExecutor" daemon [_thread_blocked, id=5108, stack(0x0000008ef1800000,0x0000008ef1900000)]
  0x000001b1effe1000 JavaThread "Reference Cleaner" daemon [_thread_blocked, id=976, stack(0x0000008ef1900000,0x0000008ef1a00000)]
  0x000001b1effe0010 JavaThread "DefaultDispatcher-worker-4" daemon [_thread_blocked, id=2424, stack(0x0000008ef1a00000,0x0000008ef1b00000)]
  0x000001b1effe0560 JavaThread "DefaultDispatcher-worker-5" daemon [_thread_blocked, id=7104, stack(0x0000008ef1b00000,0x0000008ef1c00000)]
  0x000001b1effe1550 JavaThread "DefaultDispatcher-worker-6" daemon [_thread_blocked, id=5976, stack(0x0000008ef1c00000,0x0000008ef1d00000)]
  0x000001b1effe1ff0 JavaThread "Swing-Shell" daemon [_thread_blocked, id=1056, stack(0x0000008ef1e00000,0x0000008ef1f00000)]
  0x000001b1f2a3cf20 JavaThread "TimerQueue" daemon [_thread_blocked, id=4016, stack(0x0000008ef2700000,0x0000008ef2800000)]

Other Threads:
  0x000001b1d3d4e2e0 VMThread "VM Thread" [stack: 0x0000008eefc00000,0x0000008eefd00000] [id=6932] _threads_hazard_ptr=0x000001b1f1104870
  0x000001b1f0e04a70 WatcherThread [stack: 0x0000008ef0a00000,0x0000008ef0b00000] [id=2400]
  0x000001b1d3cc3fc0 GCTaskThread "GC Thread#0" [stack: 0x0000008eef700000,0x0000008eef800000] [id=4288]
  0x000001b1f15df150 GCTaskThread "GC Thread#1" [stack: 0x0000008ef1100000,0x0000008ef1200000] [id=1400]
  0x000001b1f15df460 GCTaskThread "GC Thread#2" [stack: 0x0000008ef1200000,0x0000008ef1300000] [id=3352]
  0x000001b1f15df770 GCTaskThread "GC Thread#3" [stack: 0x0000008ef1300000,0x0000008ef1400000] [id=6056]
  0x000001b1d3ccdca0 ConcurrentGCThread "G1 Main Marker" [stack: 0x0000008eef800000,0x0000008eef900000] [id=7144]
  0x000001b1d3ccf6b0 ConcurrentGCThread "G1 Conc#0" [stack: 0x0000008eef900000,0x0000008eefa00000] [id=1128]
  0x000001b1d3d20dc0 ConcurrentGCThread "G1 Refine#0" [stack: 0x0000008eefa00000,0x0000008eefb00000] [id=7276]
  0x000001b1d3d21750 ConcurrentGCThread "G1 Service" [stack: 0x0000008eefb00000,0x0000008eefc00000] [id=6512]

Threads with active compile tasks:

VM state: synchronizing (normal execution)

VM Mutex/Monitor currently owned by a thread:  ([mutex/lock_event])
[0x000001b1d3c91d80] Threads_lock - owner thread: 0x000001b1d3d4e2e0

Heap address: 0x00000000c1c00000, size: 996 MB, Compressed Oops mode: 32-bit

CDS archive(s) mapped at: [0x0000000800000000-0x0000000800be0000-0x0000000800be0000), size 12451840, SharedBaseAddress: 0x0000000800000000, ArchiveRelocationMode: 0.
Compressed class space mapped at: 0x0000000800c00000-0x0000000840c00000, reserved size: 1073741824
Narrow klass base: 0x0000000800000000, Narrow klass shift: 3, Narrow klass range: 0x100000000

GC Precious Log:
 CPUs: 4 total, 4 available
 Memory: 3981M
 Large Page Support: Disabled
 NUMA Support: Disabled
 Compressed Oops: Enabled (32-bit)
 Heap Region Size: 1M
 Heap Min Capacity: 8M
 Heap Initial Capacity: 64M
 Heap Max Capacity: 996M
 Pre-touch: Disabled
 Parallel Workers: 4
 Concurrent Workers: 1
 Concurrent Refinement Workers: 4
 Periodic GC: Disabled

Heap:
 garbage-first heap   total 34816K, used 16291K [0x00000000c1c00000, 0x0000000100000000)
  region size 1024K, 11 young (11264K), 3 survivors (3072K)
 Metaspace       used 29568K, committed 29760K, reserved 1081344K
  class space    used 3208K, committed 3328K, reserved 1048576K

Heap Regions: E=young(eden), S=young(survivor), O=old, HS=humongous(starts), HC=humongous(continues), CS=collection set, F=free, OA=open archive, CA=closed archive, TAMS=top-at-mark-start (previous, next)
|   0|0x00000000c1c00000, 0x00000000c1d00000, 0x00000000c1d00000|100%| O|  |TAMS 0x00000000c1d00000, 0x00000000c1c00000| Untracked 
|   1|0x00000000c1d00000, 0x00000000c1e00000, 0x00000000c1e00000|100%| O|  |TAMS 0x00000000c1e00000, 0x00000000c1d00000| Untracked 
|   2|0x00000000c1e00000, 0x00000000c1e9a200, 0x00000000c1f00000| 60%| O|  |TAMS 0x00000000c1e9a200, 0x00000000c1e00000| Untracked 
|   3|0x00000000c1f00000, 0x00000000c2000000, 0x00000000c2000000|100%|HS|  |TAMS 0x00000000c2000000, 0x00000000c1f00000| Complete 
|   4|0x00000000c2000000, 0x00000000c2100000, 0x00000000c2100000|100%|HC|  |TAMS 0x00000000c2100000, 0x00000000c2000000| Complete 
|   5|0x00000000c2100000, 0x00000000c2200000, 0x00000000c2200000|100%| O|  |TAMS 0x00000000c2100000, 0x00000000c2100000| Untracked 
|   6|0x00000000c2200000, 0x00000000c227b400, 0x00000000c2300000| 48%| O|  |TAMS 0x00000000c2200000, 0x00000000c2200000| Untracked 
|   7|0x00000000c2300000, 0x00000000c2300000, 0x00000000c2400000|  0%| F|  |TAMS 0x00000000c2300000, 0x00000000c2300000| Untracked 
|   8|0x00000000c2400000, 0x00000000c2400000, 0x00000000c2500000|  0%| F|  |TAMS 0x00000000c2400000, 0x00000000c2400000| Untracked 
|   9|0x00000000c2500000, 0x00000000c2500000, 0x00000000c2600000|  0%| F|  |TAMS 0x00000000c2500000, 0x00000000c2500000| Untracked 
|  10|0x00000000c2600000, 0x00000000c2600000, 0x00000000c2700000|  0%| F|  |TAMS 0x00000000c2600000, 0x00000000c2600000| Untracked 
|  11|0x00000000c2700000, 0x00000000c27d37a0, 0x00000000c2800000| 82%| S|CS|TAMS 0x00000000c2700000, 0x00000000c2700000| Complete 
|  12|0x00000000c2800000, 0x00000000c2900000, 0x00000000c2900000|100%| S|CS|TAMS 0x00000000c2800000, 0x00000000c2800000| Complete 
|  13|0x00000000c2900000, 0x00000000c2a00000, 0x00000000c2a00000|100%| S|CS|TAMS 0x00000000c2900000, 0x00000000c2900000| Complete 
|  14|0x00000000c2a00000, 0x00000000c2a00000, 0x00000000c2b00000|  0%| F|  |TAMS 0x00000000c2a00000, 0x00000000c2a00000| Untracked 
|  15|0x00000000c2b00000, 0x00000000c2b00000, 0x00000000c2c00000|  0%| F|  |TAMS 0x00000000c2b00000, 0x00000000c2b00000| Untracked 
|  16|0x00000000c2c00000, 0x00000000c2c00000, 0x00000000c2d00000|  0%| F|  |TAMS 0x00000000c2c00000, 0x00000000c2c00000| Untracked 
|  17|0x00000000c2d00000, 0x00000000c2d00000, 0x00000000c2e00000|  0%| F|  |TAMS 0x00000000c2d00000, 0x00000000c2d00000| Untracked 
|  18|0x00000000c2e00000, 0x00000000c2e00000, 0x00000000c2f00000|  0%| F|  |TAMS 0x00000000c2e00000, 0x00000000c2e00000| Untracked 
|  19|0x00000000c2f00000, 0x00000000c2f00000, 0x00000000c3000000|  0%| F|  |TAMS 0x00000000c2f00000, 0x00000000c2f00000| Untracked 
|  20|0x00000000c3000000, 0x00000000c3000000, 0x00000000c3100000|  0%| F|  |TAMS 0x00000000c3000000, 0x00000000c3000000| Untracked 
|  21|0x00000000c3100000, 0x00000000c3100000, 0x00000000c3200000|  0%| F|  |TAMS 0x00000000c3100000, 0x00000000c3100000| Untracked 
|  22|0x00000000c3200000, 0x00000000c3200000, 0x00000000c3300000|  0%| F|  |TAMS 0x00000000c3200000, 0x00000000c3200000| Untracked 
|  23|0x00000000c3300000, 0x00000000c3300000, 0x00000000c3400000|  0%| F|  |TAMS 0x00000000c3300000, 0x00000000c3300000| Untracked 
|  24|0x00000000c3400000, 0x00000000c3400000, 0x00000000c3500000|  0%| F|  |TAMS 0x00000000c3400000, 0x00000000c3400000| Untracked 
|  25|0x00000000c3500000, 0x00000000c3500000, 0x00000000c3600000|  0%| F|  |TAMS 0x00000000c3500000, 0x00000000c3500000| Untracked 
|  26|0x00000000c3600000, 0x00000000c3678418, 0x00000000c3700000| 46%| E|  |TAMS 0x00000000c3600000, 0x00000000c3600000| Complete 
|  27|0x00000000c3700000, 0x00000000c3800000, 0x00000000c3800000|100%| E|CS|TAMS 0x00000000c3700000, 0x00000000c3700000| Complete 
|  28|0x00000000c3800000, 0x00000000c3900000, 0x00000000c3900000|100%| E|CS|TAMS 0x00000000c3800000, 0x00000000c3800000| Complete 
|  29|0x00000000c3900000, 0x00000000c3a00000, 0x00000000c3a00000|100%| E|CS|TAMS 0x00000000c3900000, 0x00000000c3900000| Complete 
|  30|0x00000000c3a00000, 0x00000000c3b00000, 0x00000000c3b00000|100%| E|CS|TAMS 0x00000000c3a00000, 0x00000000c3a00000| Complete 
|  31|0x00000000c3b00000, 0x00000000c3c00000, 0x00000000c3c00000|100%| E|CS|TAMS 0x00000000c3b00000, 0x00000000c3b00000| Complete 
|  62|0x00000000c5a00000, 0x00000000c5b00000, 0x00000000c5b00000|100%| E|CS|TAMS 0x00000000c5a00000, 0x00000000c5a00000| Complete 
|  63|0x00000000c5b00000, 0x00000000c5c00000, 0x00000000c5c00000|100%| E|CS|TAMS 0x00000000c5b00000, 0x00000000c5b00000| Complete 

Card table byte_map: [0x000001b1eb860000,0x000001b1eba60000] _byte_map_base: 0x000001b1eb252000

Marking Bits (Prev, Next): (CMBitMap*) 0x000001b1d3cc5610, (CMBitMap*) 0x000001b1d3cc55d0
 Prev Bits: [0x000001b1ecbf0000, 0x000001b1edb80000)
 Next Bits: [0x000001b1ebc60000, 0x000001b1ecbf0000)

Polling page: 0x000001b1d1cb0000

Metaspace:

Usage:
  Non-class:     25.74 MB used.
      Class:      3.13 MB used.
       Both:     28.88 MB used.

Virtual space:
  Non-class space:       32.00 MB reserved,      25.81 MB ( 81%) committed,  4 nodes.
      Class space:        1.00 GB reserved,       3.25 MB ( <1%) committed,  1 nodes.
              Both:        1.03 GB reserved,      29.06 MB (  3%) committed. 

Chunk freelists:
   Non-Class:  2.06 MB
       Class:  688.00 KB
        Both:  2.73 MB

MaxMetaspaceSize: 17179869184.00 GB
CompressedClassSpaceSize: 1.00 GB
 - commit_granule_bytes: 65536.
 - commit_granule_words: 8192.
 - virtual_space_node_default_size: 1048576.
 - enlarge_chunks_in_place: 1.
 - new_chunks_are_fully_committed: 0.
 - uncommit_free_chunks: 1.
 - use_allocation_guard: 0.
 - handle_deallocations: 1.


Internal statistics:

num_allocs_failed_limit: 3.
num_arena_births: 142.
num_arena_deaths: 0.
num_vsnodes_births: 5.
num_vsnodes_deaths: 0.
num_space_committed: 465.
num_space_uncommitted: 0.
num_chunks_returned_to_freelist: 3.
num_chunks_taken_from_freelist: 751.
num_chunk_merges: 0.
num_chunk_splits: 617.
num_chunks_enlarged: 550.
num_purges: 0.

CodeHeap 'non-profiled nmethods': size=120000Kb used=1726Kb max_used=1726Kb free=118273Kb
 bounds [0x000001b1e4130000, 0x000001b1e43a0000, 0x000001b1eb660000]
CodeHeap 'profiled nmethods': size=120000Kb used=8518Kb max_used=8518Kb free=111481Kb
 bounds [0x000001b1dcc00000, 0x000001b1dd460000, 0x000001b1e4130000]
CodeHeap 'non-nmethods': size=5760Kb used=1738Kb max_used=1781Kb free=4021Kb
 bounds [0x000001b1dc660000, 0x000001b1dc8d0000, 0x000001b1dcc00000]
 total_blobs=5482 nmethods=4310 adapters=1084
 compilation: enabled
              stopped_count=0, restarted_count=0
 full_count=0

Compilation events (20 events):
Event: 35.168 Thread 0x000001b1effd7ff0 4304       1       sun.util.locale.BaseLocale::getScript (5 bytes)
Event: 35.169 Thread 0x000001b1effd7ff0 nmethod 4304 0x000001b1e42df690 code [0x000001b1e42df820, 0x000001b1e42df8f8]
Event: 35.169 Thread 0x000001b1effd7ff0 4305       3       java.awt.Component$1::getPeer (5 bytes)
Event: 35.169 Thread 0x000001b1effd7ff0 nmethod 4305 0x000001b1dd443290 code [0x000001b1dd443420, 0x000001b1dd443538]
Event: 35.170 Thread 0x000001b1effd7ff0 4306       3       sun.util.locale.LocaleUtils::toLower (17 bytes)
Event: 35.170 Thread 0x000001b1effd7ff0 nmethod 4306 0x000001b1dd443610 code [0x000001b1dd4437c0, 0x000001b1dd4439f8]
Event: 35.171 Thread 0x000001b1effd7ff0 4308       3       javax.swing.JComponent::rectangleIsObscured (119 bytes)
Event: 35.172 Thread 0x000001b1effd7ff0 nmethod 4308 0x000001b1dd443a90 code [0x000001b1dd443d20, 0x000001b1dd444d98]
Event: 35.172 Thread 0x000001b1effd7ff0 4309   !   3       javax.swing.JComponent::paintChildren (691 bytes)
Event: 35.180 Thread 0x000001b1effd7ff0 nmethod 4309 0x000001b1dd445290 code [0x000001b1dd445980, 0x000001b1dd44af58]
Event: 35.181 Thread 0x000001b1effd7ff0 4307       3       java.awt.geom.AffineTransform::isIdentity (20 bytes)
Event: 35.181 Thread 0x000001b1effd7ff0 nmethod 4307 0x000001b1dd44d390 code [0x000001b1dd44d540, 0x000001b1dd44d7c8]
Event: 35.230 Thread 0x000001b1effd7ff0 4310   !   3       java.awt.EventQueue::removeSourceEvents (316 bytes)
Event: 35.231 Thread 0x000001b1effd7ff0 nmethod 4310 0x000001b1dd44d890 code [0x000001b1dd44dbe0, 0x000001b1dd44fa38]
Event: 35.231 Thread 0x000001b1effd7ff0 4311   !   3       java.awt.Container::isParentOf (49 bytes)
Event: 35.232 Thread 0x000001b1effd7ff0 nmethod 4311 0x000001b1dd450410 code [0x000001b1dd4505e0, 0x000001b1dd450b88]
Event: 35.232 Thread 0x000001b1effd7ff0 4312       3       java.util.LinkedList::listIterator (15 bytes)
Event: 35.232 Thread 0x000001b1effd7ff0 nmethod 4312 0x000001b1dd450d10 code [0x000001b1dd450f00, 0x000001b1dd451368]
Event: 35.232 Thread 0x000001b1effd7ff0 4313       3       java.util.LinkedList$ListItr::<init> (47 bytes)
Event: 35.232 Thread 0x000001b1effd7ff0 nmethod 4313 0x000001b1dd451510 code [0x000001b1dd4516c0, 0x000001b1dd4519a8]

GC Heap History (8 events):
Event: 0.444 GC heap before
{Heap before GC invocations=0 (full 0):
 garbage-first heap   total 65536K, used 13312K [0x00000000c1c00000, 0x0000000100000000)
  region size 1024K, 13 young (13312K), 0 survivors (0K)
 Metaspace       used 5334K, committed 5504K, reserved 1056768K
  class space    used 428K, committed 512K, reserved 1048576K
}
Event: 0.447 GC heap after
{Heap after GC invocations=1 (full 0):
 garbage-first heap   total 65536K, used 2729K [0x00000000c1c00000, 0x0000000100000000)
  region size 1024K, 2 young (2048K), 2 survivors (2048K)
 Metaspace       used 5334K, committed 5504K, reserved 1056768K
  class space    used 428K, committed 512K, reserved 1048576K
}
Event: 0.905 GC heap before
{Heap before GC invocations=1 (full 0):
 garbage-first heap   total 65536K, used 18089K [0x00000000c1c00000, 0x0000000100000000)
  region size 1024K, 18 young (18432K), 2 survivors (2048K)
 Metaspace       used 12257K, committed 12480K, reserved 1064960K
  class space    used 1228K, committed 1344K, reserved 1048576K
}
Event: 0.909 GC heap after
{Heap after GC invocations=2 (full 0):
 garbage-first heap   total 65536K, used 4296K [0x00000000c1c00000, 0x0000000100000000)
  region size 1024K, 2 young (2048K), 2 survivors (2048K)
 Metaspace       used 12257K, committed 12480K, reserved 1064960K
  class space    used 1228K, committed 1344K, reserved 1048576K
}
Event: 4.302 GC heap before
{Heap before GC invocations=2 (full 0):
 garbage-first heap   total 65536K, used 38088K [0x00000000c1c00000, 0x0000000100000000)
  region size 1024K, 34 young (34816K), 2 survivors (2048K)
 Metaspace       used 21078K, committed 21248K, reserved 1073152K
  class space    used 2194K, committed 2304K, reserved 1048576K
}
Event: 4.306 GC heap after
{Heap after GC invocations=3 (full 0):
 garbage-first heap   total 65536K, used 7596K [0x00000000c1c00000, 0x0000000100000000)
  region size 1024K, 3 young (3072K), 3 survivors (3072K)
 Metaspace       used 21078K, committed 21248K, reserved 1073152K
  class space    used 2194K, committed 2304K, reserved 1048576K
}
Event: 22.298 GC heap before
{Heap before GC invocations=4 (full 0):
 garbage-first heap   total 34816K, used 25004K [0x00000000c1c00000, 0x0000000100000000)
  region size 1024K, 20 young (20480K), 3 survivors (3072K)
 Metaspace       used 28464K, committed 28672K, reserved 1081344K
  class space    used 3091K, committed 3200K, reserved 1048576K
}
Event: 22.304 GC heap after
{Heap after GC invocations=5 (full 0):
 garbage-first heap   total 34816K, used 9123K [0x00000000c1c00000, 0x0000000100000000)
  region size 1024K, 3 young (3072K), 3 survivors (3072K)
 Metaspace       used 28464K, committed 28672K, reserved 1081344K
  class space    used 3091K, committed 3200K, reserved 1048576K
}

Deoptimization events (20 events):
Event: 22.374 Thread 0x000001b1f14f1ba0 Uncommon trap: trap_request=0xffffffd6 fr.pc=0x000001b1e4280664 relative=0x0000000000002184
Event: 22.374 Thread 0x000001b1f14f1ba0 Uncommon trap: reason=array_check action=maybe_recompile pc=0x000001b1e4280664 method=androidx.compose.runtime.collection.MutableVector.add(Ljava/lang/Object;)Z @ 19 c2
Event: 22.374 Thread 0x000001b1f14f1ba0 DEOPT PACKING pc=0x000001b1e4280664 sp=0x0000008ef0efaf10
Event: 22.374 Thread 0x000001b1f14f1ba0 DEOPT UNPACKING pc=0x000001b1dc6ad72e sp=0x0000008ef0efad28 mode 2
Event: 22.374 Thread 0x000001b1f14f1ba0 Uncommon trap: trap_request=0xffffffd6 fr.pc=0x000001b1e4280664 relative=0x0000000000002184
Event: 22.374 Thread 0x000001b1f14f1ba0 Uncommon trap: reason=array_check action=maybe_recompile pc=0x000001b1e4280664 method=androidx.compose.runtime.collection.MutableVector.add(Ljava/lang/Object;)Z @ 19 c2
Event: 22.374 Thread 0x000001b1f14f1ba0 DEOPT PACKING pc=0x000001b1e4280664 sp=0x0000008ef0ef9f00
Event: 22.374 Thread 0x000001b1f14f1ba0 DEOPT UNPACKING pc=0x000001b1dc6ad72e sp=0x0000008ef0ef9d18 mode 2
Event: 22.376 Thread 0x000001b1f14f1ba0 Uncommon trap: trap_request=0xffffffd6 fr.pc=0x000001b1e4280664 relative=0x0000000000002184
Event: 22.376 Thread 0x000001b1f14f1ba0 Uncommon trap: reason=array_check action=maybe_recompile pc=0x000001b1e4280664 method=androidx.compose.runtime.collection.MutableVector.add(Ljava/lang/Object;)Z @ 19 c2
Event: 22.376 Thread 0x000001b1f14f1ba0 DEOPT PACKING pc=0x000001b1e4280664 sp=0x0000008ef0efc5c0
Event: 22.376 Thread 0x000001b1f14f1ba0 DEOPT UNPACKING pc=0x000001b1dc6ad72e sp=0x0000008ef0efc3d8 mode 2
Event: 22.403 Thread 0x000001b1f14f1ba0 Uncommon trap: trap_request=0xffffffde fr.pc=0x000001b1e425bfdc relative=0x000000000000557c
Event: 22.403 Thread 0x000001b1f14f1ba0 Uncommon trap: reason=class_check action=maybe_recompile pc=0x000001b1e425bfdc method=java.awt.EventQueue.coalesceEvent(Ljava/awt/AWTEvent;I)Z @ 61 c2
Event: 22.403 Thread 0x000001b1f14f1ba0 DEOPT PACKING pc=0x000001b1e425bfdc sp=0x0000008ef0efe6a0
Event: 22.403 Thread 0x000001b1f14f1ba0 DEOPT UNPACKING pc=0x000001b1dc6ad72e sp=0x0000008ef0efe4e0 mode 2
Event: 22.438 Thread 0x000001b1effdfac0 Uncommon trap: trap_request=0xffffff45 fr.pc=0x000001b1e4275cb4 relative=0x0000000000001294
Event: 22.438 Thread 0x000001b1effdfac0 Uncommon trap: reason=unstable_if action=reinterpret pc=0x000001b1e4275cb4 method=kotlinx.coroutines.internal.LockFreeTaskQueueCore.removeFirstOrNull()Ljava/lang/Object; @ 161 c2
Event: 22.438 Thread 0x000001b1effdfac0 DEOPT PACKING pc=0x000001b1e4275cb4 sp=0x0000008ef17ff530
Event: 22.438 Thread 0x000001b1effdfac0 DEOPT UNPACKING pc=0x000001b1dc6ad72e sp=0x0000008ef17ff278 mode 2

Classes unloaded (0 events):
No events

Classes redefined (0 events):
No events

Internal exceptions (17 events):
Event: 0.176 Thread 0x000001b1f0e73170 Exception <a 'java/lang/NoSuchMethodError'{0x00000000c5869c00}: 'java.lang.Object java.lang.invoke.DirectMethodHandle$Holder.invokeStatic(java.lang.Object)'> (0x00000000c5869c00) 
thrown [c:\wsjdk\correttojdksrc\installers\windows\zip\corretto-build\buildroot\src\hotspot\share\interpreter\linkResolver.cpp, line 790]
Event: 0.176 Thread 0x000001b1f0e73170 Exception <a 'java/lang/NoSuchMethodError'{0x00000000c586d510}: 'java.lang.Object java.lang.invoke.DirectMethodHandle$Holder.invokeStaticInit(java.lang.Object)'> (0x00000000c586d510) 
thrown [c:\wsjdk\correttojdksrc\installers\windows\zip\corretto-build\buildroot\src\hotspot\share\interpreter\linkResolver.cpp, line 790]
Event: 0.184 Thread 0x000001b1f0e73170 Exception <a 'java/lang/NoSuchMethodError'{0x00000000c587b1d0}: 'void java.lang.invoke.DirectMethodHandle$Holder.invokeStatic(java.lang.Object, java.lang.Object)'> (0x00000000c587b1d0) 
thrown [c:\wsjdk\correttojdksrc\installers\windows\zip\corretto-build\buildroot\src\hotspot\share\interpreter\linkResolver.cpp, line 790]
Event: 0.254 Thread 0x000001b1d3c96420 Exception <a 'java/lang/ClassNotFoundException'{0x00000000c55a3a48}: sun/awt/resources/spi/awtProvider> (0x00000000c55a3a48) 
thrown [c:\wsjdk\correttojdksrc\installers\windows\zip\corretto-build\buildroot\src\hotspot\share\classfile\systemDictionary.cpp, line 256]
Event: 0.278 Thread 0x000001b1d3c96420 Exception <a 'java/io/FileNotFoundException'{0x00000000c55fae60}> (0x00000000c55fae60) 
thrown [c:\wsjdk\correttojdksrc\installers\windows\zip\corretto-build\buildroot\src\hotspot\share\prims\jni.cpp, line 579]
Event: 0.285 Thread 0x000001b1d3c96420 Exception <a 'java/io/FileNotFoundException'{0x00000000c542a100}> (0x00000000c542a100) 
thrown [c:\wsjdk\correttojdksrc\installers\windows\zip\corretto-build\buildroot\src\hotspot\share\prims\jni.cpp, line 579]
Event: 0.289 Thread 0x000001b1d3c96420 Exception <a 'java/lang/NoSuchMethodError'{0x00000000c542fbe8}: 'void java.lang.invoke.DirectMethodHandle$Holder.invokeSpecial(java.lang.Object, java.lang.Object, java.lang.Object)'> (0x00000000c542fbe8) 
thrown [c:\wsjdk\correttojdksrc\installers\windows\zip\corretto-build\buildroot\src\hotspot\share\interpreter\linkResolver.cpp, line 790]
Event: 0.594 Thread 0x000001b1f14f1ba0 Exception <a 'java/lang/NoSuchMethodError'{0x00000000c57c7a18}: 'java.lang.Object java.lang.invoke.DirectMethodHandle$Holder.newInvokeSpecial(java.lang.Object, java.lang.Object, java.lang.Object, java.lang.Object, java.lang.Object)'> (0x00000000c57c7a18) 
thrown [c:\wsjdk\correttojdksrc\installers\windows\zip\corretto-build\buildroot\src\hotspot\share\interpreter\linkResolver.cpp, line 790]
Event: 0.596 Thread 0x000001b1f14f1ba0 Exception <a 'java/lang/NoSuchMethodError'{0x00000000c57d37a8}: 'java.lang.Object java.lang.invoke.DirectMethodHandle$Holder.invokeStatic(java.lang.Object, int, java.lang.Object, java.lang.Object, java.lang.Object, java.lang.Object)'> (0x00000000c57d37a8) 
thrown [c:\wsjdk\correttojdksrc\installers\windows\zip\corretto-build\buildroot\src\hotspot\share\interpreter\linkResolver.cpp, line 790]
Event: 0.600 Thread 0x000001b1f14f1ba0 Exception <a 'java/lang/NoSuchMethodError'{0x00000000c57f9d88}: 'java.lang.Object java.lang.invoke.DirectMethodHandle$Holder.invokeStatic(java.lang.Object, int, java.lang.Object)'> (0x00000000c57f9d88) 
thrown [c:\wsjdk\correttojdksrc\installers\windows\zip\corretto-build\buildroot\src\hotspot\share\interpreter\linkResolver.cpp, line 790]
Event: 0.625 Thread 0x000001b1f14f1ba0 Exception <a 'java/lang/ClassNotFoundException'{0x00000000c56dbad0}: com/sun/swing/internal/plaf/metal/resources/spi/metalProvider> (0x00000000c56dbad0) 
thrown [c:\wsjdk\correttojdksrc\installers\windows\zip\corretto-build\buildroot\src\hotspot\share\classfile\systemDictionary.cpp, line 256]
Event: 0.626 Thread 0x000001b1f14f1ba0 Exception <a 'java/lang/ClassNotFoundException'{0x00000000c56dfce0}: com/sun/swing/internal/plaf/basic/resources/spi/basicProvider> (0x00000000c56dfce0) 
thrown [c:\wsjdk\correttojdksrc\installers\windows\zip\corretto-build\buildroot\src\hotspot\share\classfile\systemDictionary.cpp, line 256]
Event: 0.724 Thread 0x000001b1f14f1ba0 Exception <a 'java/lang/NoSuchMethodError'{0x00000000c513ba50}: 'void java.lang.invoke.DirectMethodHandle$Holder.invokeStatic(java.lang.Object, java.lang.Object, java.lang.Object)'> (0x00000000c513ba50) 
thrown [c:\wsjdk\correttojdksrc\installers\windows\zip\corretto-build\buildroot\src\hotspot\share\interpreter\linkResolver.cpp, line 790]
Event: 0.798 Thread 0x000001b1f14f1ba0 Exception <a 'java/lang/NoSuchMethodError'{0x00000000c4f39980}: 'void java.lang.invoke.DirectMethodHandle$Holder.invokeStaticInit(java.lang.Object)'> (0x00000000c4f39980) 
thrown [c:\wsjdk\correttojdksrc\installers\windows\zip\corretto-build\buildroot\src\hotspot\share\interpreter\linkResolver.cpp, line 790]
Event: 1.333 Thread 0x000001b1f1213430 Exception <a 'java/lang/NoSuchMethodError'{0x00000000c43829a8}: 'void java.lang.invoke.DirectMethodHandle$Holder.invokeVirtual(java.lang.Object, java.lang.Object)'> (0x00000000c43829a8) 
thrown [c:\wsjdk\correttojdksrc\installers\windows\zip\corretto-build\buildroot\src\hotspot\share\interpreter\linkResolver.cpp, line 790]
Event: 4.293 Thread 0x000001b1effe1aa0 Exception <a 'java/lang/NoSuchMethodError'{0x00000000c3bc62d8}: 'java.lang.Object java.lang.invoke.DirectMethodHandle$Holder.newInvokeSpecial(java.lang.Object, java.lang.Object, java.lang.Object, int, int, int, int, int)'> (0x00000000c3bc62d8) 
thrown [c:\wsjdk\correttojdksrc\installers\windows\zip\corretto-build\buildroot\src\hotspot\share\interpreter\linkResolver.cpp, line 790]
Event: 4.673 Thread 0x000001b1f14f1ba0 Exception <a 'java/lang/NoSuchMethodError'{0x00000000c5a81860}: 'int java.lang.invoke.DirectMethodHandle$Holder.invokeStatic(java.lang.Object)'> (0x00000000c5a81860) 
thrown [c:\wsjdk\correttojdksrc\installers\windows\zip\corretto-build\buildroot\src\hotspot\share\interpreter\linkResolver.cpp, line 790]

Events (20 events):
Event: 33.783 loading class javax/swing/plaf/basic/BasicToolTipUI
Event: 33.792 loading class javax/swing/plaf/ToolTipUI
Event: 33.792 loading class javax/swing/plaf/ToolTipUI done
Event: 33.792 loading class javax/swing/plaf/basic/BasicToolTipUI done
Event: 33.792 loading class javax/swing/plaf/metal/MetalToolTipUI done
Event: 33.793 loading class javax/swing/plaf/basic/BasicToolTipUI$PropertyChangeHandler
Event: 33.793 loading class javax/swing/plaf/basic/BasicToolTipUI$PropertyChangeHandler done
Event: 33.803 loading class javax/swing/PopupFactory$MediumWeightPopup
Event: 33.803 loading class javax/swing/PopupFactory$MediumWeightPopup done
Event: 33.803 loading class javax/swing/PopupFactory$MediumWeightPopup$MediumWeightComponent
Event: 33.804 loading class javax/swing/PopupFactory$MediumWeightPopup$MediumWeightComponent done
Event: 33.804 loading class javax/swing/PopupFactory$HeavyWeightPopup
Event: 33.843 loading class javax/swing/PopupFactory$HeavyWeightPopup done
Event: 33.849 loading class com/sun/java/swing/plaf/windows/WindowsPopupWindow
Event: 33.858 loading class com/sun/java/swing/plaf/windows/WindowsPopupWindow done
Event: 35.166 loading class javax/swing/Popup$DefaultFrame
Event: 35.166 loading class javax/swing/Popup$DefaultFrame done
Event: 35.167 loading class javax/swing/PopupFactory$HeavyWeightPopup$1
Event: 35.167 loading class javax/swing/PopupFactory$HeavyWeightPopup$1 done
Event: 35.307 Executing  VM operation: Cleanup


Dynamic libraries:
0x00007ff795560000 - 0x00007ff79556d000 	C:\Users\User\.jdks\corretto-16.0.2\bin\java.exe
0x00007ffac3fb0000 - 0x00007ffac417f000 	C:\Windows\SYSTEM32\ntdll.dll
0x00007ffac35f0000 - 0x00007ffac369d000 	C:\Windows\System32\KERNEL32.DLL
0x00007ffac0680000 - 0x00007ffac089e000 	C:\Windows\System32\KERNELBASE.dll
0x00007ffac08a0000 - 0x00007ffac0994000 	C:\Windows\System32\ucrtbase.dll
0x00007ffab7a40000 - 0x00007ffab7a58000 	C:\Users\User\.jdks\corretto-16.0.2\bin\jli.dll
0x00007ffab3790000 - 0x00007ffab37a5000 	C:\Users\User\.jdks\corretto-16.0.2\bin\VCRUNTIME140.dll
0x00007ffac1600000 - 0x00007ffac1766000 	C:\Windows\System32\USER32.dll
0x00007ffac0db0000 - 0x00007ffac0dce000 	C:\Windows\System32\win32u.dll
0x00007ffac1550000 - 0x00007ffac1584000 	C:\Windows\System32\GDI32.dll
0x00007ffab7570000 - 0x00007ffab77ea000 	C:\Windows\WinSxS\amd64_microsoft.windows.common-controls_6595b64144ccf1df_6.0.14393.4169_none_7de0bbf28341b1f2\COMCTL32.dll
0x00007ffac0b10000 - 0x00007ffac0c94000 	C:\Windows\System32\gdi32full.dll
0x00007ffac3a90000 - 0x00007ffac3b2e000 	C:\Windows\System32\msvcrt.dll
0x00007ffac3710000 - 0x00007ffac39d6000 	C:\Windows\System32\combase.dll
0x00007ffac3ba0000 - 0x00007ffac3cbd000 	C:\Windows\System32\RPCRT4.dll
0x00007ffac09a0000 - 0x00007ffac0a0c000 	C:\Windows\System32\bcryptPrimitives.dll
0x00007ffac3f60000 - 0x00007ffac3f8e000 	C:\Windows\System32\IMM32.DLL
0x00007ffaa3e20000 - 0x00007ffaa3ebb000 	C:\Users\User\.jdks\corretto-16.0.2\bin\msvcp140.dll
0x00007ffaa14d0000 - 0x00007ffaa20d9000 	C:\Users\User\.jdks\corretto-16.0.2\bin\server\jvm.dll
0x00007ffac39e0000 - 0x00007ffac3a86000 	C:\Windows\System32\ADVAPI32.dll
0x00007ffac1590000 - 0x00007ffac15eb000 	C:\Windows\System32\sechost.dll
0x00007ffac15f0000 - 0x00007ffac15f8000 	C:\Windows\System32\PSAPI.DLL
0x00007ffabc2d0000 - 0x00007ffabc2d9000 	C:\Windows\SYSTEM32\WSOCK32.dll
0x00007ffabe8e0000 - 0x00007ffabe903000 	C:\Windows\SYSTEM32\WINMM.dll
0x00007ffabc320000 - 0x00007ffabc32a000 	C:\Windows\SYSTEM32\VERSION.dll
0x00007ffac36a0000 - 0x00007ffac370a000 	C:\Windows\System32\WS2_32.dll
0x00007ffabe8b0000 - 0x00007ffabe8db000 	C:\Windows\SYSTEM32\WINMMBASE.dll
0x00007ffac0a10000 - 0x00007ffac0a52000 	C:\Windows\System32\cfgmgr32.dll
0x00007ffac0440000 - 0x00007ffac044f000 	C:\Windows\System32\kernel.appcore.dll
0x00007ffabe9f0000 - 0x00007ffabe9fa000 	C:\Users\User\.jdks\corretto-16.0.2\bin\jimage.dll
0x00007ffab73d0000 - 0x00007ffab7562000 	C:\Windows\SYSTEM32\DBGHELP.DLL
0x00007ffabd850000 - 0x00007ffabd879000 	C:\Windows\SYSTEM32\dbgcore.DLL
0x00007ffab28a0000 - 0x00007ffab28ae000 	C:\Users\User\.jdks\corretto-16.0.2\bin\instrument.dll
0x00007ffaa3df0000 - 0x00007ffaa3e15000 	C:\Users\User\.jdks\corretto-16.0.2\bin\java.dll
0x00007ffac18b0000 - 0x00007ffac2db6000 	C:\Windows\System32\SHELL32.dll
0x00007ffac0e70000 - 0x00007ffac1543000 	C:\Windows\System32\windows.storage.dll
0x00007ffac03f0000 - 0x00007ffac043c000 	C:\Windows\System32\powrprof.dll
0x00007ffac32f0000 - 0x00007ffac3342000 	C:\Windows\System32\shlwapi.dll
0x00007ffac0d00000 - 0x00007ffac0da8000 	C:\Windows\System32\shcore.dll
0x00007ffac0450000 - 0x00007ffac0464000 	C:\Windows\System32\profapi.dll
0x00007ffaaf6f0000 - 0x00007ffaaf708000 	C:\Users\User\.jdks\corretto-16.0.2\bin\zip.dll
0x00007ffab25f0000 - 0x00007ffab2609000 	C:\Users\User\.jdks\corretto-16.0.2\bin\net.dll
0x00007ffabcf10000 - 0x00007ffabcfdd000 	C:\Windows\SYSTEM32\WINHTTP.dll
0x00007ffabfcb0000 - 0x00007ffabfd0d000 	C:\Windows\system32\mswsock.dll
0x00007ffab06c0000 - 0x00007ffab06d3000 	C:\Users\User\.jdks\corretto-16.0.2\bin\nio.dll
0x00007ffaae5b0000 - 0x00007ffaae5ca000 	D:\jb\apps\IDEA-C\ch-0\222.3739.54\bin\breakgen64.dll
0x00007ffaa26f0000 - 0x00007ffaa2888000 	C:\Users\User\.jdks\corretto-16.0.2\bin\awt.dll
0x00007ffac1790000 - 0x00007ffac1850000 	C:\Windows\System32\OLEAUT32.dll
0x00007ffac0dd0000 - 0x00007ffac0e6c000 	C:\Windows\System32\msvcp_win.dll
0x00007ffabea30000 - 0x00007ffabeaaa000 	C:\Windows\SYSTEM32\apphelp.dll
0x00007ffabebf0000 - 0x00007ffabec85000 	C:\Windows\system32\uxtheme.dll
0x00007ffac3cc0000 - 0x00007ffac3e1b000 	C:\Windows\System32\MSCTF.dll
0x00007ffabe2b0000 - 0x00007ffabe2d6000 	C:\Windows\system32\dwmapi.dll
0x00007ffac3e20000 - 0x00007ffac3f59000 	C:\Windows\System32\ole32.dll
0x00007ffab3330000 - 0x00007ffab3453000 	C:\Windows\system32\opengl32.dll
0x00007ffabafd0000 - 0x00007ffabaffd000 	C:\Windows\SYSTEM32\GLU32.dll
0x00007ffab68b0000 - 0x00007ffab69a7000 	C:\Windows\SYSTEM32\DDRAW.dll
0x00007ffabb160000 - 0x00007ffabb168000 	C:\Windows\SYSTEM32\DCIMAN32.dll
0x00007ffaa0520000 - 0x00007ffaa14c7000 	C:\Users\User\.skiko\b3c771e301b5b16c06aaacc0de998266b7bf66d0191c51cfe19fcd72512220b2\skiko-windows-x64.dll
0x00007ffaa29d0000 - 0x00007ffaa2a56000 	C:\Users\User\.jdks\corretto-16.0.2\bin\freetype.dll
0x00007ffaa25f0000 - 0x00007ffaa26e2000 	C:\Users\User\.jdks\corretto-16.0.2\bin\harfbuzz.dll
0x00007ffaaa6d0000 - 0x00007ffaaa6e2000 	C:\Users\User\.jdks\corretto-16.0.2\bin\fontmanager.dll
0x00007ffab27f0000 - 0x00007ffab27f7000 	C:\Users\User\.jdks\corretto-16.0.2\bin\jawt.dll
0x00007ffabf420000 - 0x00007ffabf4bf000 	C:\Windows\SYSTEM32\Dxgi.dll
0x00007ffaa0410000 - 0x00007ffaa0512000 	C:\Windows\SYSTEM32\D3D12.dll
0x00007ffabeeb0000 - 0x00007ffabef41000 	C:\Windows\SYSTEM32\msvcp110_win.dll
0x00007ffabb560000 - 0x00007ffabb7c9000 	C:\Windows\SYSTEM32\dwrite.dll
0x00007ffabcbd0000 - 0x00007ffabcc7c000 	C:\Windows\WinSxS\amd64_microsoft.windows.common-controls_6595b64144ccf1df_5.82.14393.2457_none_a13eaee9d8fd5c07\comctl32.dll
0x00007ffac3250000 - 0x00007ffac32ef000 	C:\Windows\System32\clbcatq.dll
0x00007ffabe0b0000 - 0x00007ffabe235000 	C:\Windows\SYSTEM32\PROPSYS.dll
0x00007ffab6220000 - 0x00007ffab6586000 	C:\Windows\System32\ActXPrxy.dll
0x00007ffaa3be0000 - 0x00007ffaa3d07000 	C:\Windows\system32\NetworkExplorer.dll
0x00007ffabe9c0000 - 0x00007ffabe9db000 	C:\Windows\SYSTEM32\MPR.dll
0x00007ffabc090000 - 0x00007ffabc09b000 	C:\Windows\System32\drprov.dll
0x00007ffabff00000 - 0x00007ffabff56000 	C:\Windows\System32\WINSTA.dll
0x00007ffabc070000 - 0x00007ffabc086000 	C:\Windows\System32\ntlanman.dll
0x00007ffabc050000 - 0x00007ffabc070000 	C:\Windows\System32\davclnt.dll
0x00007ffabc040000 - 0x00007ffabc04c000 	C:\Windows\System32\DAVHLPR.dll
0x00007ffabda30000 - 0x00007ffabda48000 	C:\Windows\System32\wkscli.dll
0x00007ffac0330000 - 0x00007ffac035b000 	C:\Windows\System32\bcrypt.dll
0x00007ffab39e0000 - 0x00007ffab39f2000 	C:\Windows\SYSTEM32\cscapi.dll
0x00007ffabfad0000 - 0x00007ffabfadd000 	C:\Windows\System32\netutils.dll
0x00007ffaa9460000 - 0x00007ffaa94ad000 	C:\Windows\System32\dlnashext.dll
0x00007ffaa2580000 - 0x00007ffaa25f0000 	C:\Windows\System32\PlayToDevice.dll
0x00007ffab2f70000 - 0x00007ffab2f8e000 	C:\Windows\System32\DevDispItemProvider.dll
0x00007ffabc500000 - 0x00007ffabc56f000 	C:\Windows\System32\MMDevApi.dll
0x00007ffabf130000 - 0x00007ffabf158000 	C:\Windows\System32\DEVOBJ.dll
0x00007ffaa0210000 - 0x00007ffaa040f000 	C:\Windows\system32\wpdshext.dll
0x00007ffabb3c0000 - 0x00007ffabb559000 	C:\Windows\WinSxS\amd64_microsoft.windows.gdiplus_6595b64144ccf1df_1.1.14393.5127_none_aec7dd25ddd79049\gdiplus.dll
0x00007ffabbe50000 - 0x00007ffabbeee000 	C:\Windows\System32\PortableDeviceApi.dll
0x00007ffac2e20000 - 0x00007ffac3249000 	C:\Windows\System32\SETUPAPI.dll
0x00007ffac0ca0000 - 0x00007ffac0cf5000 	C:\Windows\System32\WINTRUST.dll
0x00007ffac0470000 - 0x00007ffac0480000 	C:\Windows\System32\MSASN1.dll
0x00007ffac0480000 - 0x00007ffac0673000 	C:\Windows\System32\CRYPT32.dll
0x00007ffab6f40000 - 0x00007ffab6f76000 	C:\Windows\System32\EhStorShell.dll
0x00007ffaa3dc0000 - 0x00007ffaa3de5000 	C:\Windows\System32\EhStorAPI.dll
0x00007ffabe090000 - 0x00007ffabe0a3000 	C:\Windows\System32\WTSAPI32.dll
0x00007ffab8300000 - 0x00007ffab8310000 	C:\Windows\SYSTEM32\LINKINFO.dll
0x00007ffaba830000 - 0x00007ffaba9d8000 	C:\Windows\SYSTEM32\WindowsCodecs.dll
0x00007ffab6c20000 - 0x00007ffab6c69000 	C:\Windows\system32\dataexchange.dll
0x00007ffaba040000 - 0x00007ffaba2f6000 	C:\Windows\system32\d3d11.dll
0x00007ffabe400000 - 0x00007ffabe551000 	C:\Windows\system32\dcomp.dll
0x00007ffabef50000 - 0x00007ffabf063000 	C:\Windows\system32\twinapi.appcore.dll

dbghelp: loaded successfully - version: 4.0.5 - missing functions: none
symbol engine: initialized successfully - sym options: 0x614 - pdb path: .;C:\Users\User\.jdks\corretto-16.0.2\bin;C:\Windows\SYSTEM32;C:\Windows\WinSxS\amd64_microsoft.windows.common-controls_6595b64144ccf1df_6.0.14393.4169_none_7de0bbf28341b1f2;C:\Users\User\.jdks\corretto-16.0.2\bin\server;D:\jb\apps\IDEA-C\ch-0\222.3739.54\bin;C:\Users\User\.skiko\b3c771e301b5b16c06aaacc0de998266b7bf66d0191c51cfe19fcd72512220b2;C:\Windows\WinSxS\amd64_microsoft.windows.common-controls_6595b64144ccf1df_5.82.14393.2457_none_a13eaee9d8fd5c07;C:\Windows\WinSxS\amd64_microsoft.windows.gdiplus_6595b64144ccf1df_1.1.14393.5127_none_aec7dd25ddd79049

VM Arguments:
jvm_args: -Djava.library.path=D:\Kotlin\CardCom\build\classes\kotlin\jvm\main -javaagent:D:\jb\apps\IDEA-C\ch-0\222.3739.54\lib\idea_rt.jar=57204:D:\jb\apps\IDEA-C\ch-0\222.3739.54\bin -Dfile.encoding=UTF-8 
java_command: MainKt
java_class_path (initial): D:\Kotlin\CardCom\build\classes\kotlin\jvm\main;C:\Users\User\.gradle\caches\modules-2\files-2.1\org.jetbrains.kotlin\kotlin-stdlib-jdk8\1.6.10\e80fe6ac3c3573a80305f5ec43f86b829e8ab53d\kotlin-stdlib-jdk8-1.6.10.jar;C:\Users\User\.gradle\caches\modules-2\files-2.1\com.google.code.gson\gson\2.9.1\2cc2131b98ebfb04e2b2c7dfb84431f4045096b\gson-2.9.1.jar;C:\Users\User\.gradle\caches\modules-2\files-2.1\org.jetbrains.compose.desktop\desktop\1.1.0\5b8f86fea035328fc9e8c660773037a3401ce25f\desktop-metadata-1.1.0.jar;C:\Users\User\.gradle\caches\modules-2\files-2.1\org.jetbrains.compose.material\material\1.1.0\4d3b2a4752f78fe976a157e09a1b8767470fd8f4\material-metadata-1.1.0.jar;C:\Users\User\.gradle\caches\modules-2\files-2.1\org.jetbrains.kotlin\kotlin-stdlib-jdk7\1.6.10\e1c380673654a089c4f0c9f83d0ddfdc1efdb498\kotlin-stdlib-jdk7-1.6.10.jar;C:\Users\User\.gradle\caches\modules-2\files-2.1\org.jetbrains.skiko\skiko-awt-runtime-windows-x64\0.7.12\1c57babf7ee417a95ab2ba898f6e562875590e57\skiko-awt-runtime-windows-x64-0.7.12.jar;C:\Users\User\.gradle\caches\modules-2\files-2.1\org.jetbrains.compose.foundation\foundation\1.1.0\d834fa431c21a0c301ac779cb83ed4b6ea45997e\foundation-metadata-1.1.0.jar;C:\Users\User\.gradle\caches\modules-2\files-2.1\org.jetbrains.kotlin\kotlin-stdlib\1.6.10\b8af3fe6f1ca88526914929add63cf5e7c5049af\kotlin-stdlib-1.6.10.jar;C:\Users\User\.gradle\caches\modules-2\files-2.1\org.jetbrains.compose.desktop\desktop-jvm\1.1.0\5ee1b0cb95662b9ec8e19c2d7f94b38673fdbe14\desktop-jvm-1.1.0.jar;C:\Users\User\.gradle\caches\modules-2\files-2.1\org.jetbrains.compose.ui\ui-tooling-preview\1.1.0\5b8f86fea035328fc9e8c660773037a3401ce25f\ui-tooling-preview-metadata-1.1.0.jar;C:\Users\User\.gradle\caches\modules-2\files-2.1\org.jetbrains.compose.ui\ui\1.1.0\9a9c686c518fef3c5896bf546dc9165f423a3520\ui-metadata-1.1.0.jar;C:\Users\User\.gradle\caches\modules-2\files-2.1\org.jetbrains\annotations\13.0\919f0dfe192fb4e063e7dacadee7f8bb9a2672a9\annotati
Launcher Type: SUN_STANDARD

[Global flags]
     intx CICompilerCount                          = 3                                         {product} {ergonomic}
     uint ConcGCThreads                            = 1                                         {product} {ergonomic}
     uint G1ConcRefinementThreads                  = 4                                         {product} {ergonomic}
   size_t G1HeapRegionSize                         = 1048576                                   {product} {ergonomic}
    uintx GCDrainStackTargetSize                   = 64                                        {product} {ergonomic}
   size_t InitialHeapSize                          = 67108864                                  {product} {ergonomic}
   size_t MarkStackSize                            = 4194304                                   {product} {ergonomic}
   size_t MaxHeapSize                              = 1044381696                                {product} {ergonomic}
   size_t MaxNewSize                               = 625999872                                 {product} {ergonomic}
   size_t MinHeapDeltaBytes                        = 1048576                                   {product} {ergonomic}
   size_t MinHeapSize                              = 8388608                                   {product} {ergonomic}
    uintx NonNMethodCodeHeapSize                   = 5832780                                {pd product} {ergonomic}
    uintx NonProfiledCodeHeapSize                  = 122912730                              {pd product} {ergonomic}
    uintx ProfiledCodeHeapSize                     = 122912730                              {pd product} {ergonomic}
    uintx ReservedCodeCacheSize                    = 251658240                              {pd product} {ergonomic}
     bool SegmentedCodeCache                       = true                                      {product} {ergonomic}
   size_t SoftMaxHeapSize                          = 1044381696                             {manageable} {ergonomic}
     bool UseCompressedClassPointers               = true                           {product lp64_product} {ergonomic}
     bool UseCompressedOops                        = true                           {product lp64_product} {ergonomic}
     bool UseG1GC                                  = true                                      {product} {ergonomic}
     bool UseLargePagesIndividualAllocation        = false                                  {pd product} {ergonomic}

Logging:
Log output configuration:
 #0: stdout all=warning uptime,level,tags
 #1: stderr all=off uptime,level,tags

Environment Variables:
PATH=C:\Windows\system32;C:\Windows;C:\Windows\System32\Wbem;C:\Windows\System32\WindowsPowerShell\v1.0\;C:\Program Files\OpenVPN\bin;C:\Users\User\AppData\Local\Microsoft\WindowsApps;D:\Microsoft VS Code\bin;C:\Users\User\AppData\Local\JetBrains\Toolbox\scripts;C:\Users\User\AppData\Local\GitHubDesktop\bin;C:\Users\User\AppData\Local\Programs\Git\cmd
USERNAME=User
OS=Windows_NT
PROCESSOR_IDENTIFIER=Intel64 Family 6 Model 42 Stepping 7, GenuineIntel



---------------  S Y S T E M  ---------------

OS:
 Windows 10 , 64 bit Build 14393 (10.0.14393.5127)
OS uptime: 13 days 5:29 hours

CPU: total 4 (initial active 4) (4 cores per cpu, 1 threads per core) family 6 model 42 stepping 7 microcode 0x2e, cx8, cmov, fxsr, mmx, sse, sse2, sse3, ssse3, sse4.1, sse4.2, popcnt, tsc, tscinvbit, avx, aes, clmul, vzeroupper, clflush

Memory: 4k page, system-wide physical 3981M (709M free)
TotalPageFile size 8364M (AvailPageFile size 1429M)
current process WorkingSet (physical memory assigned to process): 142M, peak: 164M
current process commit charge ("private bytes"): 164M, peak: 187M

vm_info: OpenJDK 64-Bit Server VM (16.0.2+7) for windows-amd64 JRE (16.0.2+7), built on Jul 22 2021 01:11:46 by "Administrator" with MS VC++ 15.9 (VS2017)

END.
