#
# A fatal error has been detected by the Java Runtime Environment:
#
#  EXCEPTION_ACCESS_VIOLATION (0xc0000005) at pc=0x00007ffc6b49d7a0, pid=6900, tid=1628
#
# JRE version: OpenJDK Runtime Environment Corretto-16.0.2.7.1 (16.0.2+7) (build 16.0.2+7)
# Java VM: OpenJDK 64-Bit Server VM Corretto-16.0.2.7.1 (16.0.2+7, mixed mode, sharing, tiered, compressed oops, compressed class ptrs, g1 gc, windows-amd64)
# Problematic frame:
# V  [jvm.dll+0x1d7a0]
#
# No core dump will be written. Minidumps are not enabled by default on client versions of Windows
#
# If you would like to submit a bug report, please visit:
#   https://github.com/corretto/corretto-jdk/issues/
#

---------------  S U M M A R Y ------------

Command Line: -Djava.library.path=D:\Kotlin\CardCom\build\classes\kotlin\jvm\main -javaagent:D:\jb\apps\IDEA-C\ch-0\222.3739.54\lib\idea_rt.jar=60695:D:\jb\apps\IDEA-C\ch-0\222.3739.54\bin -Dfile.encoding=UTF-8 MainKt

Host: Intel(R) Core(TM) i5-2500 CPU @ 3.30GHz, 4 cores, 3G,  Windows 10 , 64 bit Build 14393 (10.0.14393.5127)
Time: Fri Sep  2 09:55:53 2022 Новосибирское стандартное время elapsed time: 8.978941 seconds (0d 0h 0m 8s)

---------------  T H R E A D  ---------------

Current thread (0x000001c17dc5f810):  JavaThread "AWT-EventQueue-0" [_thread_in_vm, id=1628, stack(0x000000a0feb00000,0x000000a0fec00000)]

Stack: [0x000000a0feb00000,0x000000a0fec00000],  sp=0x000000a0febfcc88,  free space=1011k
Native frames: (J=compiled Java code, j=interpreted, Vv=VM code, C=native code)
V  [jvm.dll+0x1d7a0]

Java frames: (J=compiled Java code, j=interpreted, Vv=VM code)
j  org.jetbrains.skia.ImageKt._nMakeFromEncoded(Ljava/lang/Object;I)J+0
j  org.jetbrains.skia.ImageKt.access$_nMakeFromEncoded(Ljava/lang/Object;I)J+2
j  org.jetbrains.skia.Image$Companion.makeFromEncoded([B)Lorg/jetbrains/skia/Image;+41
j  file.FileManagerKt.getImageByPath()Landroidx/compose/ui/graphics/ImageBitmap;+21
j  AddNewCardKt$newCardDialog$2$1.invoke(Landroidx/compose/runtime/Composer;I)V+1267
j  AddNewCardKt$newCardDialog$2$1.invoke(Ljava/lang/Object;Ljava/lang/Object;)Ljava/lang/Object;+12
j  androidx.compose.runtime.internal.ComposableLambdaImpl.invoke(Landroidx/compose/runtime/Composer;I)Ljava/lang/Object;+79
j  androidx.compose.runtime.internal.ComposableLambdaImpl.invoke(Ljava/lang/Object;Ljava/lang/Object;)Ljava/lang/Object;+12
j  androidx.compose.runtime.RecomposeScopeImpl.compose(Landroidx/compose/runtime/Composer;)V+24
j  androidx.compose.runtime.ComposerImpl.recomposeToGroupEnd()V+178
j  androidx.compose.runtime.ComposerImpl.skipCurrentGroup()V+58
j  androidx.compose.runtime.ComposerImpl$doCompose$2$5.invoke()V+48
j  androidx.compose.runtime.ComposerImpl$doCompose$2$5.invoke()Ljava/lang/Object;+1
j  androidx.compose.runtime.SnapshotStateKt__DerivedStateKt.observeDerivedStateRecalculations(Lkotlin/jvm/functions/Function1;Lkotlin/jvm/functions/Function1;Lkotlin/jvm/functions/Function0;)V+63
j  androidx.compose.runtime.SnapshotStateKt.observeDerivedStateRecalculations(Lkotlin/jvm/functions/Function1;Lkotlin/jvm/functions/Function1;Lkotlin/jvm/functions/Function0;)V+3
j  androidx.compose.runtime.ComposerImpl.doCompose(Landroidx/compose/runtime/collection/IdentityArrayMap;Lkotlin/jvm/functions/Function2;)V+303
j  androidx.compose.runtime.ComposerImpl.recompose$runtime(Landroidx/compose/runtime/collection/IdentityArrayMap;)Z+82
j  androidx.compose.runtime.CompositionImpl.recompose()Z+37
j  androidx.compose.runtime.Recomposer.performRecompose(Landroidx/compose/runtime/ControlledComposition;Landroidx/compose/runtime/collection/IdentityArraySet;)Landroidx/compose/runtime/ControlledComposition;+110
j  androidx.compose.runtime.Recomposer.access$performRecompose(Landroidx/compose/runtime/Recomposer;Landroidx/compose/runtime/ControlledComposition;Landroidx/compose/runtime/collection/IdentityArraySet;)Landroidx/compose/runtime/ControlledComposition;+3
j  androidx.compose.runtime.Recomposer$runRecomposeAndApplyChanges$2$2.invoke(J)Lkotlinx/coroutines/CancellableContinuation;+358
j  androidx.compose.runtime.Recomposer$runRecomposeAndApplyChanges$2$2.invoke(Ljava/lang/Object;)Ljava/lang/Object;+8
j  androidx.compose.runtime.BroadcastFrameClock$FrameAwaiter.resume(J)V+31
j  androidx.compose.runtime.BroadcastFrameClock.sendFrame(J)V+73
j  androidx.compose.ui.ComposeScene.render(Lorg/jetbrains/skia/Canvas;J)V+120
j  androidx.compose.ui.awt.ComposeLayer$1$onRender$1.invoke()V+15
j  androidx.compose.ui.awt.ComposeLayer$1$onRender$1.invoke()Ljava/lang/Object;+1
j  androidx.compose.ui.awt.ComposeLayer.catchExceptions(Lkotlin/jvm/functions/Function0;)V+2
j  androidx.compose.ui.awt.ComposeLayer.access$catchExceptions(Landroidx/compose/ui/awt/ComposeLayer;Lkotlin/jvm/functions/Function0;)V+2
j  androidx.compose.ui.awt.ComposeLayer$1.onRender(Lorg/jetbrains/skia/Canvas;IIJ)V+27
j  org.jetbrains.skiko.SkiaLayer.update$skiko(J)V+213
j  org.jetbrains.skiko.redrawer.AbstractDirectSoftwareRedrawer$frameDispatcher$1.invokeSuspend(Ljava/lang/Object;)Ljava/lang/Object;+117
J 1518 c1 kotlin.coroutines.jvm.internal.BaseContinuationImpl.resumeWith(Ljava/lang/Object;)V (130 bytes) @ 0x000001c1698f7024 [0x000001c1698f6bc0+0x0000000000000464]
J 1541 c1 kotlinx.coroutines.DispatchedTask.run()V (658 bytes) @ 0x000001c169904db4 [0x000001c169903c80+0x0000000000001134]
J 1600 c1 java.awt.event.InvocationEvent.dispatch()V java.desktop@16.0.2 (69 bytes) @ 0x000001c16992211c [0x000001c169921f00+0x000000000000021c]
J 1746 c1 java.awt.EventQueue.dispatchEventImpl(Ljava/awt/AWTEvent;Ljava/lang/Object;)V java.desktop@16.0.2 (136 bytes) @ 0x000001c16996a13c [0x000001c169968600+0x0000000000001b3c]
J 1529 c1 java.awt.EventQueue$4.run()Ljava/lang/Void; java.desktop@16.0.2 (60 bytes) @ 0x000001c1698ff0ac [0x000001c1698fef80+0x000000000000012c]
J 1527 c1 java.awt.EventQueue.dispatchEvent(Ljava/awt/AWTEvent;)V java.desktop@16.0.2 (80 bytes) @ 0x000001c1698fd514 [0x000001c1698fcf60+0x00000000000005b4]
J 1741 c1 java.awt.EventDispatchThread.pumpOneEventForFilters(I)V java.desktop@16.0.2 (113 bytes) @ 0x000001c1699635bc [0x000001c169962f20+0x000000000000069c]
j  java.awt.EventDispatchThread.pumpEventsForFilter(ILjava/awt/Conditional;Ljava/awt/EventFilter;)V+35 java.desktop@16.0.2
j  java.awt.EventDispatchThread.pumpEventsForFilter(Ljava/awt/Conditional;Ljava/awt/EventFilter;)V+4 java.desktop@16.0.2
j  java.awt.WaitDispatchSupport$2.run()V+59 java.desktop@16.0.2
j  java.awt.WaitDispatchSupport$4.run()Ljava/lang/Void;+4 java.desktop@16.0.2
j  java.awt.WaitDispatchSupport$4.run()Ljava/lang/Object;+1 java.desktop@16.0.2
J 1266 c1 java.security.AccessController.doPrivileged(Ljava/security/PrivilegedAction;)Ljava/lang/Object; java.base@16.0.2 (9 bytes) @ 0x000001c169892fcc [0x000001c169892e60+0x000000000000016c]
j  java.awt.WaitDispatchSupport.enter()Z+260 java.desktop@16.0.2
j  java.awt.Dialog.show()V+225 java.desktop@16.0.2
j  java.awt.Component.show(Z)V+5 java.desktop@16.0.2
j  java.awt.Component.setVisible(Z)V+2 java.desktop@16.0.2
j  java.awt.Window.setVisible(Z)V+2 java.desktop@16.0.2
j  java.awt.Dialog.setVisible(Z)V+2 java.desktop@16.0.2
j  androidx.compose.ui.window.AwtWindow_desktopKt$AwtWindow$4$1.invokeSuspend(Ljava/lang/Object;)Ljava/lang/Object;+46
J 1518 c1 kotlin.coroutines.jvm.internal.BaseContinuationImpl.resumeWith(Ljava/lang/Object;)V (130 bytes) @ 0x000001c1698f7024 [0x000001c1698f6bc0+0x0000000000000464]
J 1541 c1 kotlinx.coroutines.DispatchedTask.run()V (658 bytes) @ 0x000001c169904db4 [0x000001c169903c80+0x0000000000001134]
J 1600 c1 java.awt.event.InvocationEvent.dispatch()V java.desktop@16.0.2 (69 bytes) @ 0x000001c16992211c [0x000001c169921f00+0x000000000000021c]
J 1746 c1 java.awt.EventQueue.dispatchEventImpl(Ljava/awt/AWTEvent;Ljava/lang/Object;)V java.desktop@16.0.2 (136 bytes) @ 0x000001c16996a13c [0x000001c169968600+0x0000000000001b3c]
J 1529 c1 java.awt.EventQueue$4.run()Ljava/lang/Void; java.desktop@16.0.2 (60 bytes) @ 0x000001c1698ff0ac [0x000001c1698fef80+0x000000000000012c]
J 1527 c1 java.awt.EventQueue.dispatchEvent(Ljava/awt/AWTEvent;)V java.desktop@16.0.2 (80 bytes) @ 0x000001c1698fd514 [0x000001c1698fcf60+0x00000000000005b4]
J 1741 c1 java.awt.EventDispatchThread.pumpOneEventForFilters(I)V java.desktop@16.0.2 (113 bytes) @ 0x000001c1699635bc [0x000001c169962f20+0x000000000000069c]
j  java.awt.EventDispatchThread.pumpEventsForFilter(ILjava/awt/Conditional;Ljava/awt/EventFilter;)V+35 java.desktop@16.0.2
j  java.awt.EventDispatchThread.pumpEventsForHierarchy(ILjava/awt/Conditional;Ljava/awt/Component;)V+11 java.desktop@16.0.2
j  java.awt.EventDispatchThread.pumpEvents(ILjava/awt/Conditional;)V+4 java.desktop@16.0.2
j  java.awt.EventDispatchThread.pumpEvents(Ljava/awt/Conditional;)V+3 java.desktop@16.0.2
j  java.awt.EventDispatchThread.run()V+9 java.desktop@16.0.2
v  ~StubRoutines::call_stub

siginfo: EXCEPTION_ACCESS_VIOLATION (0xc0000005), reading address 0x0000000000000000


Register to memory mapping:

RIP=0x00007ffc6b49d7a0 jvm.dll
RAX=0x0 is NULL
RBX=0x000001c17dc5f810 is a thread
RCX=0x0 is NULL
RDX=0x0 is NULL
RSP=0x000000a0febfcc88 is pointing into the stack for thread: 0x000001c17dc5f810
RBP=0x0 is NULL
RSI=0x000001c17dc5f810 is a thread
RDI=0x0 is NULL
R8 =0x0 is NULL
R9 =0x0 is NULL
R10=0x000001c1690edc73 is at code_begin+979 in an Interpreter codelet
method entry point (kind = native)  [0x000001c1690ed8a0, 0x000001c1690ee280]  2528 bytes
R11=0x00000000c2ebb970 is an oop: java.lang.Class 
{0x00000000c2ebb970} - klass: 'java/lang/Class'
R12=0x0 is NULL
R13={method} {0x000001c103306390} '_nMakeFromEncoded' '(Ljava/lang/Object;I)J' in 'org/jetbrains/skia/ImageKt'
R14=0x000000a0febfcd00 is pointing into the stack for thread: 0x000001c17dc5f810
R15=0x000001c17dc5f810 is a thread


Registers:
RAX=0x0000000000000000, RBX=0x000001c17dc5f810, RCX=0x0000000000000000, RDX=0x0000000000000000
RSP=0x000000a0febfcc88, RBP=0x0000000000000000, RSI=0x000001c17dc5f810, RDI=0x0000000000000000
R8 =0x0000000000000000, R9 =0x0000000000000000, R10=0x000001c1690edc73, R11=0x00000000c2ebb970
R12=0x0000000000000000, R13=0x000001c103306388, R14=0x000000a0febfcd00, R15=0x000001c17dc5f810
RIP=0x00007ffc6b49d7a0, EFLAGS=0x0000000000010246

Top of Stack: (sp=0x000000a0febfcc88)
0x000000a0febfcc88:   00007ffc6b83c208 000001c17dc5f810
0x000000a0febfcc98:   000001c17dc5f810 000000a0febfcd98
0x000000a0febfcca8:   00007ffc6b7ef2c7 000001c17dc5f810
0x000000a0febfccb8:   000000a0febfcdc0 0000000000000000
0x000000a0febfccc8:   00007ffc6a534b3c 000001c103306388
0x000000a0febfccd8:   0000000000000000 000001c17dc5fb20
0x000000a0febfcce8:   0000000000000000 000001c103307400
0x000000a0febfccf8:   000001c103306388 000001c103306388
0x000000a0febfcd08:   000000a0febfd240 00000000000012c6
0x000000a0febfcd18:   000001c1690edca2 000001c103306388
0x000000a0febfcd28:   000001c103306388 000000a0febfcd98
0x000000a0febfcd38:   0000000800c30cc8 0000000800c30cc8
0x000000a0febfcd48:   000001c1690ed956 000000a0febfcd50
0x000000a0febfcd58:   000001c103306388 000000a0febfcdc0
0x000000a0febfcd68:   000001c103307270 0000000000000000
0x000000a0febfcd78:   00000000c2ebb970 000001c103306388 

Instructions: (pc=0x00007ffc6b49d7a0)
0x00007ffc6b49d6a0:   00 00 00 48 8b 13 0f b6 c2 24 03 3c 03 75 19 48
0x00007ffc6b49d6b0:   83 e2 fc 74 13 48 3b da 74 11 48 8b c2 48 8b 5c
0x00007ffc6b49d6c0:   24 38 48 83 c4 20 5e c3 48 8b d3 48 8b 46 38 0f
0x00007ffc6b49d6d0:   be 88 f0 02 00 00 c1 e9 02 f6 c1 01 74 dc 8b 0d
0x00007ffc6b49d6e0:   28 2a b5 00 65 48 8b 04 25 58 00 00 00 48 89 7c
0x00007ffc6b49d6f0:   24 30 bf 10 00 00 00 48 8b 04 c8 48 8b 0d 56 a4
0x00007ffc6b49d700:   b4 00 48 81 c1 20 0a 00 00 48 8b 3c 07 8b 41 40
0x00007ffc6b49d710:   0f b6 57 21 8d 42 01 88 47 21 84 d2 75 0a 48 8b
0x00007ffc6b49d720:   d7 e8 9a 85 6c 00 eb 20 80 7f 22 00 75 1a 8b 41
0x00007ffc6b49d730:   40 85 05 c9 a1 96 00 74 0f b8 ff ff ff ff f0 0f
0x00007ffc6b49d740:   c1 41 40 e8 08 86 6c 00 48 8b 4e 38 4c 8b c7 48
0x00007ffc6b49d750:   8b d3 e8 29 f8 ff ff 0f b6 4f 21 48 8b d8 48 8b
0x00007ffc6b49d760:   15 f3 a3 b4 00 8d 41 ff 88 47 21 80 f9 01 77 0f
0x00007ffc6b49d770:   48 8d 8a 20 0a 00 00 48 8b d7 e8 b1 85 6c 00 48
0x00007ffc6b49d780:   8b 7c 24 30 48 8b c3 48 8b 5c 24 38 48 83 c4 20
0x00007ffc6b49d790:   5e c3 cc cc cc cc cc cc cc cc cc cc cc cc cc cc
0x00007ffc6b49d7a0:   48 8b 01 c3 cc cc cc cc cc cc cc cc cc cc cc cc
0x00007ffc6b49d7b0:   48 89 5c 24 08 57 48 83 ec 20 48 8b 19 48 8b f9
0x00007ffc6b49d7c0:   48 85 db 74 36 48 8b 0d d4 3d b0 00 48 8b d3 e8
0x00007ffc6b49d7d0:   7c fe ff ff 80 3d e9 ad aa 00 00 48 8b d0 74 0d
0x00007ffc6b49d7e0:   48 3b c3 74 08 48 8b c3 f0 48 0f b1 17 48 8b c2
0x00007ffc6b49d7f0:   48 8b 5c 24 30 48 83 c4 20 5f c3 48 8b c3 48 8b
0x00007ffc6b49d800:   5c 24 30 48 83 c4 20 5f c3 cc cc cc cc cc cc cc
0x00007ffc6b49d810:   48 8b 11 e9 28 fc ff ff cc cc cc cc cc cc cc cc
0x00007ffc6b49d820:   4c 8b ca 48 85 d2 0f 84 a1 00 00 00 80 3d 04 ad
0x00007ffc6b49d830:   aa 00 00 0f 84 94 00 00 00 48 8b 41 38 44 0f be
0x00007ffc6b49d840:   80 f0 02 00 00 41 d1 e8 41 f6 c0 01 74 7f 48 8b
0x00007ffc6b49d850:   41 38 48 8b 0d af e6 b2 00 48 d3 ea 4c 8b 90 58
0x00007ffc6b49d860:   09 00 00 49 8b 42 38 4c 3b 0c d0 73 60 49 8b 52
0x00007ffc6b49d870:   18 48 b9 fe ff ff ff ff ff ff 3f 49 8b c1 49 2b
0x00007ffc6b49d880:   42 08 48 c1 e8 02 48 23 c1 41 8b 0a 48 d3 e8 4c
0x00007ffc6b49d890:   8b c0 24 3f 49 c1 e8 06 0f b6 c8 4a 8b 04 c2 48 


Stack slot to memory mapping:
stack at sp + 0 slots: 0x00007ffc6b83c208 jvm.dll
stack at sp + 1 slots: 0x000001c17dc5f810 is a thread
stack at sp + 2 slots: 0x000001c17dc5f810 is a thread
stack at sp + 3 slots: 0x000000a0febfcd98 is pointing into the stack for thread: 0x000001c17dc5f810
stack at sp + 4 slots: 0x00007ffc6b7ef2c7 jvm.dll
stack at sp + 5 slots: 0x000001c17dc5f810 is a thread
stack at sp + 6 slots: 0x000000a0febfcdc0 is pointing into the stack for thread: 0x000001c17dc5f810
stack at sp + 7 slots: 0x0 is NULL


---------------  P R O C E S S  ---------------

Threads class SMR info:
_java_thread_list=0x000001c17d980520, length=27, elements={
0x000001c160716230, 0x000001c1607d5870, 0x000001c1607d7650, 0x000001c1607ebd50,
0x000001c1607ed9d0, 0x000001c1607ee4e0, 0x000001c17ca50f20, 0x000001c17ca52aa0,
0x000001c17ca55ba0, 0x000001c17ca5b610, 0x000001c1607b2c70, 0x000001c17d7645f0,
0x000001c17d5c8cf0, 0x000001c17db48410, 0x000001c17db49040, 0x000001c17dadba60,
0x000001c17dc5f810, 0x000001c17e8b13b0, 0x000001c17df133d0, 0x000001c17de6c7f0,
0x000001c17de6d290, 0x000001c17de6ed20, 0x000001c17de6e7d0, 0x000001c17de6f7c0,
0x000001c17de6f270, 0x000001c17de6fd10, 0x000001c17de6cd40
}

Java Threads: ( => current thread )
  0x000001c160716230 JavaThread "main" [_thread_blocked, id=7100, stack(0x000000a0fd400000,0x000000a0fd500000)]
  0x000001c1607d5870 JavaThread "Reference Handler" daemon [_thread_blocked, id=192, stack(0x000000a0fdb00000,0x000000a0fdc00000)]
  0x000001c1607d7650 JavaThread "Finalizer" daemon [_thread_blocked, id=3864, stack(0x000000a0fdc00000,0x000000a0fdd00000)]
  0x000001c1607ebd50 JavaThread "Signal Dispatcher" daemon [_thread_blocked, id=3316, stack(0x000000a0fdd00000,0x000000a0fde00000)]
  0x000001c1607ed9d0 JavaThread "Attach Listener" daemon [_thread_blocked, id=4192, stack(0x000000a0fde00000,0x000000a0fdf00000)]
  0x000001c1607ee4e0 JavaThread "Service Thread" daemon [_thread_blocked, id=5340, stack(0x000000a0fdf00000,0x000000a0fe000000)]
  0x000001c17ca50f20 JavaThread "Monitor Deflation Thread" daemon [_thread_blocked, id=3760, stack(0x000000a0fe000000,0x000000a0fe100000)]
  0x000001c17ca52aa0 JavaThread "C2 CompilerThread0" daemon [_thread_blocked, id=508, stack(0x000000a0fe100000,0x000000a0fe200000)]
  0x000001c17ca55ba0 JavaThread "C1 CompilerThread0" daemon [_thread_blocked, id=5308, stack(0x000000a0fe200000,0x000000a0fe300000)]
  0x000001c17ca5b610 JavaThread "Sweeper thread" daemon [_thread_blocked, id=5424, stack(0x000000a0fe300000,0x000000a0fe400000)]
  0x000001c1607b2c70 JavaThread "Common-Cleaner" daemon [_thread_blocked, id=2584, stack(0x000000a0fe400000,0x000000a0fe500000)]
  0x000001c17d7645f0 JavaThread "Monitor Ctrl-Break" daemon [_thread_in_native, id=2740, stack(0x000000a0fe500000,0x000000a0fe600000)]
  0x000001c17d5c8cf0 JavaThread "Notification Thread" daemon [_thread_blocked, id=3452, stack(0x000000a0fe600000,0x000000a0fe700000)]
  0x000001c17db48410 JavaThread "Java2D Disposer" daemon [_thread_blocked, id=6656, stack(0x000000a0fe800000,0x000000a0fe900000)]
  0x000001c17db49040 JavaThread "AWT-Shutdown" [_thread_blocked, id=7020, stack(0x000000a0fe900000,0x000000a0fea00000)]
  0x000001c17dadba60 JavaThread "AWT-Windows" daemon [_thread_in_native, id=7052, stack(0x000000a0fea00000,0x000000a0feb00000)]
=>0x000001c17dc5f810 JavaThread "AWT-EventQueue-0" [_thread_in_vm, id=1628, stack(0x000000a0feb00000,0x000000a0fec00000)]
  0x000001c17e8b13b0 JavaThread "DefaultDispatcher-worker-1" daemon [_thread_blocked, id=6584, stack(0x000000a0ff000000,0x000000a0ff100000)]
  0x000001c17df133d0 JavaThread "DefaultDispatcher-worker-2" daemon [_thread_blocked, id=3644, stack(0x000000a0ff100000,0x000000a0ff200000)]
  0x000001c17de6c7f0 JavaThread "DefaultDispatcher-worker-3" daemon [_thread_blocked, id=164, stack(0x000000a0ff200000,0x000000a0ff300000)]
  0x000001c17de6d290 JavaThread "kotlinx.coroutines.DefaultExecutor" daemon [_thread_blocked, id=3400, stack(0x000000a0ff300000,0x000000a0ff400000)]
  0x000001c17de6ed20 JavaThread "Reference Cleaner" daemon [_thread_blocked, id=3588, stack(0x000000a0ff400000,0x000000a0ff500000)]
  0x000001c17de6e7d0 JavaThread "DefaultDispatcher-worker-4" daemon [_thread_blocked, id=4340, stack(0x000000a0ff500000,0x000000a0ff600000)]
  0x000001c17de6f7c0 JavaThread "DefaultDispatcher-worker-5" daemon [_thread_blocked, id=6108, stack(0x000000a0ff600000,0x000000a0ff700000)]
  0x000001c17de6f270 JavaThread "Image Fetcher 0" daemon [_thread_blocked, id=3248, stack(0x000000a0ff800000,0x000000a0ff900000)]
  0x000001c17de6fd10 JavaThread "Swing-Shell" daemon [_thread_blocked, id=2204, stack(0x000000a0ff900000,0x000000a0ffa00000)]
  0x000001c17de6cd40 JavaThread "TimerQueue" daemon [_thread_blocked, id=2276, stack(0x000000a080100000,0x000000a080200000)]

Other Threads:
  0x000001c1607cd4c0 VMThread "VM Thread" [stack: 0x000000a0fda00000,0x000000a0fdb00000] [id=1396]
  0x000001c17d5c2ea0 WatcherThread [stack: 0x000000a0fe700000,0x000000a0fe800000] [id=5064]
  0x000001c160745f60 GCTaskThread "GC Thread#0" [stack: 0x000000a0fd500000,0x000000a0fd600000] [id=5636]
  0x000001c17ddeec70 GCTaskThread "GC Thread#1" [stack: 0x000000a0fec00000,0x000000a0fed00000] [id=5884]
  0x000001c17ddee030 GCTaskThread "GC Thread#2" [stack: 0x000000a0fed00000,0x000000a0fee00000] [id=336]
  0x000001c17ddee340 GCTaskThread "GC Thread#3" [stack: 0x000000a0fee00000,0x000000a0fef00000] [id=4772]
  0x000001c16074ec30 ConcurrentGCThread "G1 Main Marker" [stack: 0x000000a0fd600000,0x000000a0fd700000] [id=4556]
  0x000001c160751200 ConcurrentGCThread "G1 Conc#0" [stack: 0x000000a0fd700000,0x000000a0fd800000] [id=6072]
  0x000001c1607a0f90 ConcurrentGCThread "G1 Refine#0" [stack: 0x000000a0fd800000,0x000000a0fd900000] [id=6572]
  0x000001c1607a19a0 ConcurrentGCThread "G1 Service" [stack: 0x000000a0fd900000,0x000000a0fda00000] [id=4512]

Threads with active compile tasks:

VM state: not at safepoint (normal execution)

VM Mutex/Monitor currently owned by a thread: None

Heap address: 0x00000000c1c00000, size: 996 MB, Compressed Oops mode: 32-bit

CDS archive(s) mapped at: [0x0000000800000000-0x0000000800be0000-0x0000000800be0000), size 12451840, SharedBaseAddress: 0x0000000800000000, ArchiveRelocationMode: 0.
Compressed class space mapped at: 0x0000000800c00000-0x0000000840c00000, reserved size: 1073741824
Narrow klass base: 0x0000000800000000, Narrow klass shift: 3, Narrow klass range: 0x100000000

GC Precious Log:
 CPUs: 4 total, 4 available
 Memory: 3981M
 Large Page Support: Disabled
 NUMA Support: Disabled
 Compressed Oops: Enabled (32-bit)
 Heap Region Size: 1M
 Heap Min Capacity: 8M
 Heap Initial Capacity: 64M
 Heap Max Capacity: 996M
 Pre-touch: Disabled
 Parallel Workers: 4
 Concurrent Workers: 1
 Concurrent Refinement Workers: 4
 Periodic GC: Disabled

Heap:
 garbage-first heap   total 34816K, used 19387K [0x00000000c1c00000, 0x0000000100000000)
  region size 1024K, 16 young (16384K), 3 survivors (3072K)
 Metaspace       used 27371K, committed 27648K, reserved 1073152K
  class space    used 2991K, committed 3136K, reserved 1048576K

Heap Regions: E=young(eden), S=young(survivor), O=old, HS=humongous(starts), HC=humongous(continues), CS=collection set, F=free, OA=open archive, CA=closed archive, TAMS=top-at-mark-start (previous, next)
|   0|0x00000000c1c00000, 0x00000000c1d00000, 0x00000000c1d00000|100%| O|  |TAMS 0x00000000c1d00000, 0x00000000c1c00000| Untracked 
|   1|0x00000000c1d00000, 0x00000000c1e00000, 0x00000000c1e00000|100%| O|  |TAMS 0x00000000c1e00000, 0x00000000c1d00000| Untracked 
|   2|0x00000000c1e00000, 0x00000000c1e8be00, 0x00000000c1f00000| 54%| O|  |TAMS 0x00000000c1e8be00, 0x00000000c1e00000| Untracked 
|   3|0x00000000c1f00000, 0x00000000c2000000, 0x00000000c2000000|100%|HS|  |TAMS 0x00000000c2000000, 0x00000000c1f00000| Complete 
|   4|0x00000000c2000000, 0x00000000c2100000, 0x00000000c2100000|100%|HC|  |TAMS 0x00000000c2100000, 0x00000000c2000000| Complete 
|   5|0x00000000c2100000, 0x00000000c2100000, 0x00000000c2200000|  0%| F|  |TAMS 0x00000000c2100000, 0x00000000c2100000| Untracked 
|   6|0x00000000c2200000, 0x00000000c2200000, 0x00000000c2300000|  0%| F|  |TAMS 0x00000000c2200000, 0x00000000c2200000| Untracked 
|   7|0x00000000c2300000, 0x00000000c2300000, 0x00000000c2400000|  0%| F|  |TAMS 0x00000000c2300000, 0x00000000c2300000| Untracked 
|   8|0x00000000c2400000, 0x00000000c2400000, 0x00000000c2500000|  0%| F|  |TAMS 0x00000000c2400000, 0x00000000c2400000| Untracked 
|   9|0x00000000c2500000, 0x00000000c2500000, 0x00000000c2600000|  0%| F|  |TAMS 0x00000000c2500000, 0x00000000c2500000| Untracked 
|  10|0x00000000c2600000, 0x00000000c2600000, 0x00000000c2700000|  0%| F|  |TAMS 0x00000000c2600000, 0x00000000c2600000| Untracked 
|  11|0x00000000c2700000, 0x00000000c2700000, 0x00000000c2800000|  0%| F|  |TAMS 0x00000000c2700000, 0x00000000c2700000| Untracked 
|  12|0x00000000c2800000, 0x00000000c2800000, 0x00000000c2900000|  0%| F|  |TAMS 0x00000000c2800000, 0x00000000c2800000| Untracked 
|  13|0x00000000c2900000, 0x00000000c2900000, 0x00000000c2a00000|  0%| F|  |TAMS 0x00000000c2900000, 0x00000000c2900000| Untracked 
|  14|0x00000000c2a00000, 0x00000000c2a00000, 0x00000000c2b00000|  0%| F|  |TAMS 0x00000000c2a00000, 0x00000000c2a00000| Untracked 
|  15|0x00000000c2b00000, 0x00000000c2b00000, 0x00000000c2c00000|  0%| F|  |TAMS 0x00000000c2b00000, 0x00000000c2b00000| Untracked 
|  16|0x00000000c2c00000, 0x00000000c2c00000, 0x00000000c2d00000|  0%| F|  |TAMS 0x00000000c2c00000, 0x00000000c2c00000| Untracked 
|  17|0x00000000c2d00000, 0x00000000c2d00000, 0x00000000c2e00000|  0%| F|  |TAMS 0x00000000c2d00000, 0x00000000c2d00000| Untracked 
|  18|0x00000000c2e00000, 0x00000000c2f00000, 0x00000000c2f00000|100%| E|  |TAMS 0x00000000c2e00000, 0x00000000c2e00000| Complete 
|  19|0x00000000c2f00000, 0x00000000c3000000, 0x00000000c3000000|100%| E|CS|TAMS 0x00000000c2f00000, 0x00000000c2f00000| Complete 
|  20|0x00000000c3000000, 0x00000000c3100000, 0x00000000c3100000|100%| E|CS|TAMS 0x00000000c3000000, 0x00000000c3000000| Complete 
|  21|0x00000000c3100000, 0x00000000c3200000, 0x00000000c3200000|100%| E|CS|TAMS 0x00000000c3100000, 0x00000000c3100000| Complete 
|  22|0x00000000c3200000, 0x00000000c3300000, 0x00000000c3300000|100%| E|CS|TAMS 0x00000000c3200000, 0x00000000c3200000| Complete 
|  23|0x00000000c3300000, 0x00000000c3400000, 0x00000000c3400000|100%| E|CS|TAMS 0x00000000c3300000, 0x00000000c3300000| Complete 
|  24|0x00000000c3400000, 0x00000000c3500000, 0x00000000c3500000|100%| E|CS|TAMS 0x00000000c3400000, 0x00000000c3400000| Complete 
|  25|0x00000000c3500000, 0x00000000c3600000, 0x00000000c3600000|100%| E|CS|TAMS 0x00000000c3500000, 0x00000000c3500000| Complete 
|  26|0x00000000c3600000, 0x00000000c3662ec0, 0x00000000c3700000| 38%| S|CS|TAMS 0x00000000c3600000, 0x00000000c3600000| Complete 
|  27|0x00000000c3700000, 0x00000000c3800000, 0x00000000c3800000|100%| S|CS|TAMS 0x00000000c3700000, 0x00000000c3700000| Complete 
|  28|0x00000000c3800000, 0x00000000c3900000, 0x00000000c3900000|100%| S|CS|TAMS 0x00000000c3800000, 0x00000000c3800000| Complete 
|  29|0x00000000c3900000, 0x00000000c3a00000, 0x00000000c3a00000|100%| E|CS|TAMS 0x00000000c3900000, 0x00000000c3900000| Complete 
|  30|0x00000000c3a00000, 0x00000000c3b00000, 0x00000000c3b00000|100%| E|CS|TAMS 0x00000000c3a00000, 0x00000000c3a00000| Complete 
|  31|0x00000000c3b00000, 0x00000000c3c00000, 0x00000000c3c00000|100%| E|CS|TAMS 0x00000000c3b00000, 0x00000000c3b00000| Complete 
|  62|0x00000000c5a00000, 0x00000000c5b00000, 0x00000000c5b00000|100%| E|CS|TAMS 0x00000000c5a00000, 0x00000000c5a00000| Complete 
|  63|0x00000000c5b00000, 0x00000000c5c00000, 0x00000000c5c00000|100%| E|CS|TAMS 0x00000000c5b00000, 0x00000000c5b00000| Complete 

Card table byte_map: [0x000001c1782e0000,0x000001c1784e0000] _byte_map_base: 0x000001c177cd2000

Marking Bits (Prev, Next): (CMBitMap*) 0x000001c1607465a0, (CMBitMap*) 0x000001c160746560
 Prev Bits: [0x000001c179670000, 0x000001c17a600000)
 Next Bits: [0x000001c1786e0000, 0x000001c179670000)

Polling page: 0x000001c15e5f0000

Metaspace:

Usage:
  Non-class:     23.81 MB used.
      Class:      2.92 MB used.
       Both:     26.73 MB used.

Virtual space:
  Non-class space:       24.00 MB reserved,      23.94 MB (>99%) committed,  3 nodes.
      Class space:        1.00 GB reserved,       3.06 MB ( <1%) committed,  1 nodes.
              Both:        1.02 GB reserved,      27.00 MB (  3%) committed. 

Chunk freelists:
   Non-Class:  105.00 KB
       Class:  1022.00 KB
        Both:  1.10 MB

MaxMetaspaceSize: 17179869184.00 GB
CompressedClassSpaceSize: 1.00 GB
 - commit_granule_bytes: 65536.
 - commit_granule_words: 8192.
 - virtual_space_node_default_size: 1048576.
 - enlarge_chunks_in_place: 1.
 - new_chunks_are_fully_committed: 0.
 - uncommit_free_chunks: 1.
 - use_allocation_guard: 0.
 - handle_deallocations: 1.


Internal statistics:

num_allocs_failed_limit: 3.
num_arena_births: 130.
num_arena_deaths: 0.
num_vsnodes_births: 4.
num_vsnodes_deaths: 0.
num_space_committed: 432.
num_space_uncommitted: 0.
num_chunks_returned_to_freelist: 3.
num_chunks_taken_from_freelist: 708.
num_chunk_merges: 3.
num_chunk_splits: 588.
num_chunks_enlarged: 523.
num_purges: 0.

CodeHeap 'non-profiled nmethods': size=120000Kb used=1206Kb max_used=1206Kb free=118793Kb
 bounds [0x000001c170bb0000, 0x000001c170e20000, 0x000001c1780e0000]
CodeHeap 'profiled nmethods': size=120000Kb used=6202Kb max_used=6202Kb free=113797Kb
 bounds [0x000001c169680000, 0x000001c169c90000, 0x000001c170bb0000]
CodeHeap 'non-nmethods': size=5760Kb used=1730Kb max_used=1737Kb free=4029Kb
 bounds [0x000001c1690e0000, 0x000001c169350000, 0x000001c169680000]
 total_blobs=4382 nmethods=3218 adapters=1075
 compilation: enabled
              stopped_count=0, restarted_count=0
 full_count=0

Compilation events (20 events):
Event: 8.095 Thread 0x000001c17ca55ba0 3211       3       java.lang.Math::getExponent (17 bytes)
Event: 8.095 Thread 0x000001c17ca55ba0 nmethod 3211 0x000001c169c89b10 code [0x000001c169c89ca0, 0x000001c169c89dd8]
Event: 8.195 Thread 0x000001c17ca55ba0 3213   !   3       java.awt.Container::findComponentAt (42 bytes)
Event: 8.195 Thread 0x000001c17ca55ba0 nmethod 3213 0x000001c169c89e90 code [0x000001c169c8a060, 0x000001c169c8a498]
Event: 8.195 Thread 0x000001c17ca55ba0 3214       3       java.awt.event.InputEvent::consume (6 bytes)
Event: 8.195 Thread 0x000001c17ca55ba0 nmethod 3214 0x000001c169c8a610 code [0x000001c169c8a7a0, 0x000001c169c8a8b8]
Event: 8.430 Thread 0x000001c17ca55ba0 3215       3       javax.swing.SwingUtilities::computeIntersection (189 bytes)
Event: 8.431 Thread 0x000001c17ca55ba0 nmethod 3215 0x000001c169c8a990 code [0x000001c169c8ab40, 0x000001c169c8ae38]
Event: 8.431 Thread 0x000001c17ca55ba0 3216       1       java.awt.geom.AffineTransform::getScaleY (5 bytes)
Event: 8.431 Thread 0x000001c17ca55ba0 nmethod 3216 0x000001c170cdd290 code [0x000001c170cdd420, 0x000001c170cdd4f8]
Event: 8.431 Thread 0x000001c17ca55ba0 3217       1       javax.swing.JComponent::getBorder (5 bytes)
Event: 8.431 Thread 0x000001c17ca55ba0 nmethod 3217 0x000001c170cdd590 code [0x000001c170cdd720, 0x000001c170cdd7f8]
Event: 8.805 Thread 0x000001c17ca55ba0 3218       3       java.awt.Container::updateChildGraphicsData (55 bytes)
Event: 8.805 Thread 0x000001c17ca55ba0 nmethod 3218 0x000001c169c8af10 code [0x000001c169c8b140, 0x000001c169c8b8f8]
Event: 8.805 Thread 0x000001c17ca55ba0 3220       3       java.util.WeakHashMap::get (75 bytes)
Event: 8.806 Thread 0x000001c17ca55ba0 nmethod 3220 0x000001c169c8bb90 code [0x000001c169c8bdc0, 0x000001c169c8c698]
Event: 8.806 Thread 0x000001c17ca55ba0 3219       3       java.awt.geom.AffineTransform::equals (92 bytes)
Event: 8.806 Thread 0x000001c17ca55ba0 nmethod 3219 0x000001c169c8ca10 code [0x000001c169c8cbe0, 0x000001c169c8d1f8]
Event: 8.806 Thread 0x000001c17ca55ba0 3221       3       java.lang.String::substring (58 bytes)
Event: 8.806 Thread 0x000001c17ca55ba0 nmethod 3221 0x000001c169c8d310 code [0x000001c169c8d500, 0x000001c169c8d9a8]

GC Heap History (6 events):
Event: 0.559 GC heap before
{Heap before GC invocations=0 (full 0):
 garbage-first heap   total 65536K, used 13312K [0x00000000c1c00000, 0x0000000100000000)
  region size 1024K, 13 young (13312K), 0 survivors (0K)
 Metaspace       used 5357K, committed 5504K, reserved 1056768K
  class space    used 429K, committed 512K, reserved 1048576K
}
Event: 0.564 GC heap after
{Heap after GC invocations=1 (full 0):
 garbage-first heap   total 65536K, used 2621K [0x00000000c1c00000, 0x0000000100000000)
  region size 1024K, 2 young (2048K), 2 survivors (2048K)
 Metaspace       used 5357K, committed 5504K, reserved 1056768K
  class space    used 429K, committed 512K, reserved 1048576K
}
Event: 1.021 GC heap before
{Heap before GC invocations=1 (full 0):
 garbage-first heap   total 65536K, used 17981K [0x00000000c1c00000, 0x0000000100000000)
  region size 1024K, 18 young (18432K), 2 survivors (2048K)
 Metaspace       used 12285K, committed 12480K, reserved 1064960K
  class space    used 1228K, committed 1344K, reserved 1048576K
}
Event: 1.024 GC heap after
{Heap after GC invocations=2 (full 0):
 garbage-first heap   total 65536K, used 3752K [0x00000000c1c00000, 0x0000000100000000)
  region size 1024K, 2 young (2048K), 2 survivors (2048K)
 Metaspace       used 12285K, committed 12480K, reserved 1064960K
  class space    used 1228K, committed 1344K, reserved 1048576K
}
Event: 3.706 GC heap before
{Heap before GC invocations=2 (full 0):
 garbage-first heap   total 65536K, used 38568K [0x00000000c1c00000, 0x0000000100000000)
  region size 1024K, 35 young (35840K), 2 survivors (2048K)
 Metaspace       used 21102K, committed 21248K, reserved 1073152K
  class space    used 2211K, committed 2304K, reserved 1048576K
}
Event: 3.709 GC heap after
{Heap after GC invocations=3 (full 0):
 garbage-first heap   total 65536K, used 7099K [0x00000000c1c00000, 0x0000000100000000)
  region size 1024K, 3 young (3072K), 3 survivors (3072K)
 Metaspace       used 21102K, committed 21248K, reserved 1073152K
  class space    used 2211K, committed 2304K, reserved 1048576K
}

Deoptimization events (20 events):
Event: 5.335 Thread 0x000001c17dc5f810 Uncommon trap: trap_request=0xffffff45 fr.pc=0x000001c170bb90d0 relative=0x00000000000001b0
Event: 5.335 Thread 0x000001c17dc5f810 Uncommon trap: reason=unstable_if action=reinterpret pc=0x000001c170bb90d0 method=java.lang.String.isLatin1()Z @ 10 c2
Event: 5.335 Thread 0x000001c17dc5f810 DEOPT PACKING pc=0x000001c170bb90d0 sp=0x000000a0febfb280
Event: 5.335 Thread 0x000001c17dc5f810 DEOPT UNPACKING pc=0x000001c16912d72e sp=0x000000a0febfb1b8 mode 2
Event: 5.417 Thread 0x000001c17dc5f810 Uncommon trap: trap_request=0xffffff45 fr.pc=0x000001c170cb6e80 relative=0x0000000000000160
Event: 5.417 Thread 0x000001c17dc5f810 Uncommon trap: reason=unstable_if action=reinterpret pc=0x000001c170cb6e80 method=java.util.concurrent.locks.ReentrantLock$Sync.tryRelease(I)Z @ 26 c2
Event: 5.417 Thread 0x000001c17dc5f810 DEOPT PACKING pc=0x000001c170cb6e80 sp=0x000000a0febfbbf0
Event: 5.417 Thread 0x000001c17dc5f810 DEOPT UNPACKING pc=0x000001c16912d72e sp=0x000000a0febfbae0 mode 2
Event: 5.419 Thread 0x000001c17dc5f810 Uncommon trap: trap_request=0xffffff45 fr.pc=0x000001c170cb4e5c relative=0x00000000000000bc
Event: 5.419 Thread 0x000001c17dc5f810 Uncommon trap: reason=unstable_if action=reinterpret pc=0x000001c170cb4e5c method=java.util.concurrent.locks.ReentrantLock$Sync.tryRelease(I)Z @ 26 c2
Event: 5.419 Thread 0x000001c17dc5f810 DEOPT PACKING pc=0x000001c170cb4e5c sp=0x000000a0febfbcc0
Event: 5.419 Thread 0x000001c17dc5f810 DEOPT UNPACKING pc=0x000001c16912d72e sp=0x000000a0febfbc60 mode 2
Event: 5.423 Thread 0x000001c17dc5f810 Uncommon trap: trap_request=0xffffff45 fr.pc=0x000001c170c79c38 relative=0x0000000000000218
Event: 5.423 Thread 0x000001c17dc5f810 Uncommon trap: reason=unstable_if action=reinterpret pc=0x000001c170c79c38 method=java.lang.String.getChars(II[CI)V @ 23 c2
Event: 5.423 Thread 0x000001c17dc5f810 DEOPT PACKING pc=0x000001c170c79c38 sp=0x000000a0febfaff0
Event: 5.423 Thread 0x000001c17dc5f810 DEOPT UNPACKING pc=0x000001c16912d72e sp=0x000000a0febfafb0 mode 2
Event: 5.599 Thread 0x000001c17de6d290 Uncommon trap: trap_request=0xffffff45 fr.pc=0x000001c170cb4a58 relative=0x00000000000000b8
Event: 5.599 Thread 0x000001c17de6d290 Uncommon trap: reason=unstable_if action=reinterpret pc=0x000001c170cb4a58 method=java.util.concurrent.locks.AbstractQueuedSynchronizer.signalNext(Ljava/util/concurrent/locks/AbstractQueuedSynchronizer$Node;)V @ 17 c2
Event: 5.599 Thread 0x000001c17de6d290 DEOPT PACKING pc=0x000001c170cb4a58 sp=0x000000a0ff3feb00
Event: 5.599 Thread 0x000001c17de6d290 DEOPT UNPACKING pc=0x000001c16912d72e sp=0x000000a0ff3fea90 mode 2

Classes unloaded (0 events):
No events

Classes redefined (0 events):
No events

Internal exceptions (17 events):
Event: 0.311 Thread 0x000001c17d7645f0 Exception <a 'java/lang/NoSuchMethodError'{0x00000000c5869c00}: 'java.lang.Object java.lang.invoke.DirectMethodHandle$Holder.invokeStatic(java.lang.Object)'> (0x00000000c5869c00) 
thrown [c:\wsjdk\correttojdksrc\installers\windows\zip\corretto-build\buildroot\src\hotspot\share\interpreter\linkResolver.cpp, line 790]
Event: 0.311 Thread 0x000001c17d7645f0 Exception <a 'java/lang/NoSuchMethodError'{0x00000000c586d510}: 'java.lang.Object java.lang.invoke.DirectMethodHandle$Holder.invokeStaticInit(java.lang.Object)'> (0x00000000c586d510) 
thrown [c:\wsjdk\correttojdksrc\installers\windows\zip\corretto-build\buildroot\src\hotspot\share\interpreter\linkResolver.cpp, line 790]
Event: 0.319 Thread 0x000001c17d7645f0 Exception <a 'java/lang/NoSuchMethodError'{0x00000000c587b1d0}: 'void java.lang.invoke.DirectMethodHandle$Holder.invokeStatic(java.lang.Object, java.lang.Object)'> (0x00000000c587b1d0) 
thrown [c:\wsjdk\correttojdksrc\installers\windows\zip\corretto-build\buildroot\src\hotspot\share\interpreter\linkResolver.cpp, line 790]
Event: 0.387 Thread 0x000001c160716230 Exception <a 'java/lang/ClassNotFoundException'{0x00000000c55a3a18}: sun/awt/resources/spi/awtProvider> (0x00000000c55a3a18) 
thrown [c:\wsjdk\correttojdksrc\installers\windows\zip\corretto-build\buildroot\src\hotspot\share\classfile\systemDictionary.cpp, line 256]
Event: 0.409 Thread 0x000001c160716230 Exception <a 'java/io/FileNotFoundException'{0x00000000c55fad28}> (0x00000000c55fad28) 
thrown [c:\wsjdk\correttojdksrc\installers\windows\zip\corretto-build\buildroot\src\hotspot\share\prims\jni.cpp, line 579]
Event: 0.416 Thread 0x000001c160716230 Exception <a 'java/io/FileNotFoundException'{0x00000000c5429c90}> (0x00000000c5429c90) 
thrown [c:\wsjdk\correttojdksrc\installers\windows\zip\corretto-build\buildroot\src\hotspot\share\prims\jni.cpp, line 579]
Event: 0.421 Thread 0x000001c160716230 Exception <a 'java/lang/NoSuchMethodError'{0x00000000c542f778}: 'void java.lang.invoke.DirectMethodHandle$Holder.invokeSpecial(java.lang.Object, java.lang.Object, java.lang.Object)'> (0x00000000c542f778) 
thrown [c:\wsjdk\correttojdksrc\installers\windows\zip\corretto-build\buildroot\src\hotspot\share\interpreter\linkResolver.cpp, line 790]
Event: 0.685 Thread 0x000001c17dc5f810 Exception <a 'java/lang/NoSuchMethodError'{0x00000000c573e5e8}: 'java.lang.Object java.lang.invoke.DirectMethodHandle$Holder.newInvokeSpecial(java.lang.Object, java.lang.Object, java.lang.Object, java.lang.Object, java.lang.Object)'> (0x00000000c573e5e8) 
thrown [c:\wsjdk\correttojdksrc\installers\windows\zip\corretto-build\buildroot\src\hotspot\share\interpreter\linkResolver.cpp, line 790]
Event: 0.686 Thread 0x000001c17dc5f810 Exception <a 'java/lang/NoSuchMethodError'{0x00000000c574a378}: 'java.lang.Object java.lang.invoke.DirectMethodHandle$Holder.invokeStatic(java.lang.Object, int, java.lang.Object, java.lang.Object, java.lang.Object, java.lang.Object)'> (0x00000000c574a378) 
thrown [c:\wsjdk\correttojdksrc\installers\windows\zip\corretto-build\buildroot\src\hotspot\share\interpreter\linkResolver.cpp, line 790]
Event: 0.690 Thread 0x000001c17dc5f810 Exception <a 'java/lang/NoSuchMethodError'{0x00000000c57706e8}: 'java.lang.Object java.lang.invoke.DirectMethodHandle$Holder.invokeStatic(java.lang.Object, int, java.lang.Object)'> (0x00000000c57706e8) 
thrown [c:\wsjdk\correttojdksrc\installers\windows\zip\corretto-build\buildroot\src\hotspot\share\interpreter\linkResolver.cpp, line 790]
Event: 0.714 Thread 0x000001c17dc5f810 Exception <a 'java/lang/ClassNotFoundException'{0x00000000c56295a0}: com/sun/swing/internal/plaf/metal/resources/spi/metalProvider> (0x00000000c56295a0) 
thrown [c:\wsjdk\correttojdksrc\installers\windows\zip\corretto-build\buildroot\src\hotspot\share\classfile\systemDictionary.cpp, line 256]
Event: 0.715 Thread 0x000001c17dc5f810 Exception <a 'java/lang/ClassNotFoundException'{0x00000000c562d7b0}: com/sun/swing/internal/plaf/basic/resources/spi/basicProvider> (0x00000000c562d7b0) 
thrown [c:\wsjdk\correttojdksrc\installers\windows\zip\corretto-build\buildroot\src\hotspot\share\classfile\systemDictionary.cpp, line 256]
Event: 0.822 Thread 0x000001c17dc5f810 Exception <a 'java/lang/NoSuchMethodError'{0x00000000c528cf98}: 'void java.lang.invoke.DirectMethodHandle$Holder.invokeStatic(java.lang.Object, java.lang.Object, java.lang.Object)'> (0x00000000c528cf98) 
thrown [c:\wsjdk\correttojdksrc\installers\windows\zip\corretto-build\buildroot\src\hotspot\share\interpreter\linkResolver.cpp, line 790]
Event: 0.896 Thread 0x000001c17dc5f810 Exception <a 'java/lang/NoSuchMethodError'{0x00000000c50a7c40}: 'void java.lang.invoke.DirectMethodHandle$Holder.invokeStaticInit(java.lang.Object)'> (0x00000000c50a7c40) 
thrown [c:\wsjdk\correttojdksrc\installers\windows\zip\corretto-build\buildroot\src\hotspot\share\interpreter\linkResolver.cpp, line 790]
Event: 1.680 Thread 0x000001c17dadba60 Exception <a 'java/lang/NoSuchMethodError'{0x00000000c4301608}: 'void java.lang.invoke.DirectMethodHandle$Holder.invokeVirtual(java.lang.Object, java.lang.Object)'> (0x00000000c4301608) 
thrown [c:\wsjdk\correttojdksrc\installers\windows\zip\corretto-build\buildroot\src\hotspot\share\interpreter\linkResolver.cpp, line 790]
Event: 3.941 Thread 0x000001c17dc5f810 Exception <a 'java/lang/NoSuchMethodError'{0x00000000c325dfa8}: 'int java.lang.invoke.DirectMethodHandle$Holder.invokeStatic(java.lang.Object)'> (0x00000000c325dfa8) 
thrown [c:\wsjdk\correttojdksrc\installers\windows\zip\corretto-build\buildroot\src\hotspot\share\interpreter\linkResolver.cpp, line 790]
Event: 4.888 Thread 0x000001c17de6f270 Exception <a 'java/lang/NoSuchMethodError'{0x00000000c3090408}: 'java.lang.Object java.lang.invoke.DirectMethodHandle$Holder.newInvokeSpecial(java.lang.Object, java.lang.Object, java.lang.Object, int, int, int, int, int)'> (0x00000000c3090408) 
thrown [c:\wsjdk\correttojdksrc\installers\windows\zip\corretto-build\buildroot\src\hotspot\share\interpreter\linkResolver.cpp, line 790]

Events (20 events):
Event: 5.423 loading class javax/swing/text/JTextComponent$InputMethodRequestsHandler
Event: 5.423 loading class javax/swing/text/JTextComponent$InputMethodRequestsHandler done
Event: 5.462 Executing  VM operation: ICBufferFull
Event: 5.463 Executing  VM operation: ICBufferFull done
Event: 5.925 loading class javax/swing/Timer$1
Event: 5.925 loading class javax/swing/Timer$1 done
Event: 7.462 Executing  VM operation: Cleanup
Event: 7.462 Executing  VM operation: Cleanup done
Event: 8.215 loading class java/awt/LightweightDispatcher$2
Event: 8.216 loading class java/awt/LightweightDispatcher$2 done
Event: 8.462 Executing  VM operation: Cleanup
Event: 8.462 Executing  VM operation: Cleanup done
Event: 8.799 loading class java/awt/KeyboardFocusManager$2
Event: 8.799 loading class java/awt/KeyboardFocusManager$2 done
Event: 8.799 loading class sun/awt/SunToolkit$1
Event: 8.799 loading class sun/awt/SunToolkit$1 done
Event: 8.803 loading class javax/swing/Autoscroller
Event: 8.803 loading class javax/swing/Autoscroller done
Event: 8.805 loading class java/awt/Window$1DisposeAction
Event: 8.805 loading class java/awt/Window$1DisposeAction done


Dynamic libraries:
0x00007ff721a60000 - 0x00007ff721a6d000 	C:\Users\User\.jdks\corretto-16.0.2\bin\java.exe
0x00007ffc8bac0000 - 0x00007ffc8bc8f000 	C:\Windows\SYSTEM32\ntdll.dll
0x00007ffc89440000 - 0x00007ffc894ed000 	C:\Windows\System32\KERNEL32.DLL
0x00007ffc88e40000 - 0x00007ffc8905e000 	C:\Windows\System32\KERNELBASE.dll
0x00007ffc87f90000 - 0x00007ffc88084000 	C:\Windows\System32\ucrtbase.dll
0x00007ffc806a0000 - 0x00007ffc806b8000 	C:\Users\User\.jdks\corretto-16.0.2\bin\jli.dll
0x00007ffc7f960000 - 0x00007ffc7f975000 	C:\Users\User\.jdks\corretto-16.0.2\bin\VCRUNTIME140.dll
0x00007ffc892c0000 - 0x00007ffc89426000 	C:\Windows\System32\USER32.dll
0x00007ffc88390000 - 0x00007ffc883ae000 	C:\Windows\System32\win32u.dll
0x00007ffc8b5e0000 - 0x00007ffc8b614000 	C:\Windows\System32\GDI32.dll
0x00007ffc7e070000 - 0x00007ffc7e2ea000 	C:\Windows\WinSxS\amd64_microsoft.windows.common-controls_6595b64144ccf1df_6.0.14393.4169_none_7de0bbf28341b1f2\COMCTL32.dll
0x00007ffc88090000 - 0x00007ffc88214000 	C:\Windows\System32\gdi32full.dll
0x00007ffc89060000 - 0x00007ffc890fe000 	C:\Windows\System32\msvcrt.dll
0x00007ffc8b1c0000 - 0x00007ffc8b486000 	C:\Windows\System32\combase.dll
0x00007ffc8b870000 - 0x00007ffc8b98d000 	C:\Windows\System32\RPCRT4.dll
0x00007ffc88220000 - 0x00007ffc8828c000 	C:\Windows\System32\bcryptPrimitives.dll
0x00007ffc8b490000 - 0x00007ffc8b4be000 	C:\Windows\System32\IMM32.DLL
0x00007ffc76d00000 - 0x00007ffc76d9b000 	C:\Users\User\.jdks\corretto-16.0.2\bin\msvcp140.dll
0x00007ffc6b480000 - 0x00007ffc6c089000 	C:\Users\User\.jdks\corretto-16.0.2\bin\server\jvm.dll
0x00007ffc8b4c0000 - 0x00007ffc8b566000 	C:\Windows\System32\ADVAPI32.dll
0x00007ffc8ba60000 - 0x00007ffc8babb000 	C:\Windows\System32\sechost.dll
0x00007ffc8b5d0000 - 0x00007ffc8b5d8000 	C:\Windows\System32\PSAPI.DLL
0x00007ffc86450000 - 0x00007ffc86473000 	C:\Windows\SYSTEM32\WINMM.dll
0x00007ffc85b00000 - 0x00007ffc85b09000 	C:\Windows\SYSTEM32\WSOCK32.dll
0x00007ffc7f900000 - 0x00007ffc7f90a000 	C:\Windows\SYSTEM32\VERSION.dll
0x00007ffc8b990000 - 0x00007ffc8b9fa000 	C:\Windows\System32\WS2_32.dll
0x00007ffc863f0000 - 0x00007ffc8641b000 	C:\Windows\SYSTEM32\WINMMBASE.dll
0x00007ffc88710000 - 0x00007ffc88752000 	C:\Windows\System32\cfgmgr32.dll
0x00007ffc87f70000 - 0x00007ffc87f7f000 	C:\Windows\System32\kernel.appcore.dll
0x00007ffc815a0000 - 0x00007ffc815aa000 	C:\Users\User\.jdks\corretto-16.0.2\bin\jimage.dll
0x00007ffc7d950000 - 0x00007ffc7dae2000 	C:\Windows\SYSTEM32\DBGHELP.DLL
0x00007ffc84d30000 - 0x00007ffc84d59000 	C:\Windows\SYSTEM32\dbgcore.DLL
0x00007ffc7b740000 - 0x00007ffc7b74e000 	C:\Users\User\.jdks\corretto-16.0.2\bin\instrument.dll
0x00007ffc79cf0000 - 0x00007ffc79d15000 	C:\Users\User\.jdks\corretto-16.0.2\bin\java.dll
0x00007ffc89510000 - 0x00007ffc8aa16000 	C:\Windows\System32\SHELL32.dll
0x00007ffc88760000 - 0x00007ffc88e33000 	C:\Windows\System32\windows.storage.dll
0x00007ffc87f20000 - 0x00007ffc87f6c000 	C:\Windows\System32\powrprof.dll
0x00007ffc8b570000 - 0x00007ffc8b5c2000 	C:\Windows\System32\shlwapi.dll
0x00007ffc88460000 - 0x00007ffc88508000 	C:\Windows\System32\shcore.dll
0x00007ffc87f00000 - 0x00007ffc87f14000 	C:\Windows\System32\profapi.dll
0x00007ffc791f0000 - 0x00007ffc79208000 	C:\Users\User\.jdks\corretto-16.0.2\bin\zip.dll
0x00007ffc7f8a0000 - 0x00007ffc7f8b9000 	C:\Users\User\.jdks\corretto-16.0.2\bin\net.dll
0x00007ffc84840000 - 0x00007ffc8490d000 	C:\Windows\SYSTEM32\WINHTTP.dll
0x00007ffc877c0000 - 0x00007ffc8781d000 	C:\Windows\system32\mswsock.dll
0x00007ffc7ed30000 - 0x00007ffc7ed43000 	C:\Users\User\.jdks\corretto-16.0.2\bin\nio.dll
0x00007ffc78e30000 - 0x00007ffc78e4a000 	D:\jb\apps\IDEA-C\ch-0\222.3739.54\bin\breakgen64.dll
0x00007ffc6e970000 - 0x00007ffc6eb08000 	C:\Users\User\.jdks\corretto-16.0.2\bin\awt.dll
0x00007ffc89100000 - 0x00007ffc891c0000 	C:\Windows\System32\OLEAUT32.dll
0x00007ffc88290000 - 0x00007ffc8832c000 	C:\Windows\System32\msvcp_win.dll
0x00007ffc86540000 - 0x00007ffc865ba000 	C:\Windows\SYSTEM32\apphelp.dll
0x00007ffc866c0000 - 0x00007ffc86755000 	C:\Windows\system32\uxtheme.dll
0x00007ffc8b060000 - 0x00007ffc8b1bb000 	C:\Windows\System32\MSCTF.dll
0x00007ffc86330000 - 0x00007ffc86356000 	C:\Windows\system32\dwmapi.dll
0x00007ffc8af20000 - 0x00007ffc8b059000 	C:\Windows\System32\ole32.dll
0x00007ffc6de50000 - 0x00007ffc6df73000 	C:\Windows\system32\opengl32.dll
0x00007ffc6dd50000 - 0x00007ffc6de47000 	C:\Windows\SYSTEM32\DDRAW.dll
0x00007ffc7b8b0000 - 0x00007ffc7b8dd000 	C:\Windows\SYSTEM32\GLU32.dll
0x00007ffc80a00000 - 0x00007ffc80a08000 	C:\Windows\SYSTEM32\DCIMAN32.dll
0x00007ffc6a4d0000 - 0x00007ffc6b477000 	C:\Users\User\.skiko\b3c771e301b5b16c06aaacc0de998266b7bf66d0191c51cfe19fcd72512220b2\skiko-windows-x64.dll
0x00007ffc716b0000 - 0x00007ffc71736000 	C:\Users\User\.jdks\corretto-16.0.2\bin\freetype.dll
0x00007ffc713b0000 - 0x00007ffc714a2000 	C:\Users\User\.jdks\corretto-16.0.2\bin\harfbuzz.dll
0x00007ffc76f80000 - 0x00007ffc76f92000 	C:\Users\User\.jdks\corretto-16.0.2\bin\fontmanager.dll
0x00007ffc7b6d0000 - 0x00007ffc7b6d7000 	C:\Users\User\.jdks\corretto-16.0.2\bin\jawt.dll
0x00007ffc86f30000 - 0x00007ffc86fcf000 	C:\Windows\SYSTEM32\Dxgi.dll
0x00007ffc6e860000 - 0x00007ffc6e962000 	C:\Windows\SYSTEM32\D3D12.dll
0x00007ffc869c0000 - 0x00007ffc86a51000 	C:\Windows\SYSTEM32\msvcp110_win.dll
0x00007ffc80e40000 - 0x00007ffc810a9000 	C:\Windows\SYSTEM32\dwrite.dll
0x00007ffc84260000 - 0x00007ffc8430c000 	C:\Windows\WinSxS\amd64_microsoft.windows.common-controls_6595b64144ccf1df_5.82.14393.2457_none_a13eaee9d8fd5c07\comctl32.dll
0x00007ffc8b620000 - 0x00007ffc8b6bf000 	C:\Windows\System32\clbcatq.dll
0x00007ffc85de0000 - 0x00007ffc85f65000 	C:\Windows\SYSTEM32\PROPSYS.dll
0x00007ffc7be60000 - 0x00007ffc7c1c6000 	C:\Windows\System32\ActXPrxy.dll
0x00007ffc6dc20000 - 0x00007ffc6dd47000 	C:\Windows\system32\NetworkExplorer.dll
0x00007ffc805d0000 - 0x00007ffc805eb000 	C:\Windows\SYSTEM32\MPR.dll
0x00007ffc80af0000 - 0x00007ffc80afb000 	C:\Windows\System32\drprov.dll
0x00007ffc87ba0000 - 0x00007ffc87bf6000 	C:\Windows\System32\WINSTA.dll
0x00007ffc80ad0000 - 0x00007ffc80ae6000 	C:\Windows\System32\ntlanman.dll
0x00007ffc80ab0000 - 0x00007ffc80ad0000 	C:\Windows\System32\davclnt.dll
0x00007ffc80aa0000 - 0x00007ffc80aac000 	C:\Windows\System32\DAVHLPR.dll
0x00007ffc84210000 - 0x00007ffc84228000 	C:\Windows\System32\wkscli.dll
0x00007ffc87e40000 - 0x00007ffc87e6b000 	C:\Windows\System32\bcrypt.dll
0x00007ffc79800000 - 0x00007ffc79812000 	C:\Windows\SYSTEM32\cscapi.dll
0x00007ffc875e0000 - 0x00007ffc875ed000 	C:\Windows\System32\netutils.dll
0x00007ffc70500000 - 0x00007ffc7054d000 	C:\Windows\System32\dlnashext.dll
0x00007ffc700e0000 - 0x00007ffc70150000 	C:\Windows\System32\PlayToDevice.dll
0x00007ffc7fae0000 - 0x00007ffc7fafe000 	C:\Windows\System32\DevDispItemProvider.dll
0x00007ffc820f0000 - 0x00007ffc8215f000 	C:\Windows\System32\MMDevApi.dll
0x00007ffc86c40000 - 0x00007ffc86c68000 	C:\Windows\System32\DEVOBJ.dll
0x00007ffc6da20000 - 0x00007ffc6dc1f000 	C:\Windows\system32\wpdshext.dll
0x00007ffc81360000 - 0x00007ffc814f9000 	C:\Windows\WinSxS\amd64_microsoft.windows.gdiplus_6595b64144ccf1df_1.1.14393.5127_none_aec7dd25ddd79049\gdiplus.dll
0x00007ffc82020000 - 0x00007ffc820be000 	C:\Windows\System32\PortableDeviceApi.dll
0x00007ffc8aaf0000 - 0x00007ffc8af19000 	C:\Windows\System32\SETUPAPI.dll
0x00007ffc88330000 - 0x00007ffc88385000 	C:\Windows\System32\WINTRUST.dll
0x00007ffc87f80000 - 0x00007ffc87f90000 	C:\Windows\System32\MSASN1.dll
0x00007ffc88510000 - 0x00007ffc88703000 	C:\Windows\System32\CRYPT32.dll
0x00007ffc7a560000 - 0x00007ffc7a596000 	C:\Windows\System32\EhStorShell.dll
0x00007ffc791c0000 - 0x00007ffc791e5000 	C:\Windows\System32\EhStorAPI.dll
0x00007ffc85c60000 - 0x00007ffc85c73000 	C:\Windows\System32\WTSAPI32.dll
0x00007ffc7f070000 - 0x00007ffc7f080000 	C:\Windows\SYSTEM32\LINKINFO.dll
0x00007ffc856f0000 - 0x00007ffc85898000 	C:\Windows\SYSTEM32\WindowsCodecs.dll
0x00007ffc7dbb0000 - 0x00007ffc7dbf9000 	C:\Windows\system32\dataexchange.dll
0x00007ffc85c80000 - 0x00007ffc85dd1000 	C:\Windows\system32\dcomp.dll
0x00007ffc84580000 - 0x00007ffc84836000 	C:\Windows\system32\d3d11.dll
0x00007ffc86a60000 - 0x00007ffc86b73000 	C:\Windows\system32\twinapi.appcore.dll

dbghelp: loaded successfully - version: 4.0.5 - missing functions: none
symbol engine: initialized successfully - sym options: 0x614 - pdb path: .;C:\Users\User\.jdks\corretto-16.0.2\bin;C:\Windows\SYSTEM32;C:\Windows\WinSxS\amd64_microsoft.windows.common-controls_6595b64144ccf1df_6.0.14393.4169_none_7de0bbf28341b1f2;C:\Users\User\.jdks\corretto-16.0.2\bin\server;D:\jb\apps\IDEA-C\ch-0\222.3739.54\bin;C:\Users\User\.skiko\b3c771e301b5b16c06aaacc0de998266b7bf66d0191c51cfe19fcd72512220b2;C:\Windows\WinSxS\amd64_microsoft.windows.common-controls_6595b64144ccf1df_5.82.14393.2457_none_a13eaee9d8fd5c07;C:\Windows\WinSxS\amd64_microsoft.windows.gdiplus_6595b64144ccf1df_1.1.14393.5127_none_aec7dd25ddd79049

VM Arguments:
jvm_args: -Djava.library.path=D:\Kotlin\CardCom\build\classes\kotlin\jvm\main -javaagent:D:\jb\apps\IDEA-C\ch-0\222.3739.54\lib\idea_rt.jar=60695:D:\jb\apps\IDEA-C\ch-0\222.3739.54\bin -Dfile.encoding=UTF-8 
java_command: MainKt
java_class_path (initial): D:\Kotlin\CardCom\build\classes\kotlin\jvm\main;C:\Users\User\.gradle\caches\modules-2\files-2.1\org.jetbrains.kotlin\kotlin-stdlib-jdk8\1.6.10\e80fe6ac3c3573a80305f5ec43f86b829e8ab53d\kotlin-stdlib-jdk8-1.6.10.jar;C:\Users\User\.gradle\caches\modules-2\files-2.1\com.google.code.gson\gson\2.9.1\2cc2131b98ebfb04e2b2c7dfb84431f4045096b\gson-2.9.1.jar;C:\Users\User\.gradle\caches\modules-2\files-2.1\org.jetbrains.compose.desktop\desktop\1.1.0\5b8f86fea035328fc9e8c660773037a3401ce25f\desktop-metadata-1.1.0.jar;C:\Users\User\.gradle\caches\modules-2\files-2.1\org.jetbrains.compose.material\material\1.1.0\4d3b2a4752f78fe976a157e09a1b8767470fd8f4\material-metadata-1.1.0.jar;C:\Users\User\.gradle\caches\modules-2\files-2.1\org.jetbrains.kotlin\kotlin-stdlib-jdk7\1.6.10\e1c380673654a089c4f0c9f83d0ddfdc1efdb498\kotlin-stdlib-jdk7-1.6.10.jar;C:\Users\User\.gradle\caches\modules-2\files-2.1\org.jetbrains.skiko\skiko-awt-runtime-windows-x64\0.7.12\1c57babf7ee417a95ab2ba898f6e562875590e57\skiko-awt-runtime-windows-x64-0.7.12.jar;C:\Users\User\.gradle\caches\modules-2\files-2.1\org.jetbrains.compose.foundation\foundation\1.1.0\d834fa431c21a0c301ac779cb83ed4b6ea45997e\foundation-metadata-1.1.0.jar;C:\Users\User\.gradle\caches\modules-2\files-2.1\org.jetbrains.kotlin\kotlin-stdlib\1.6.10\b8af3fe6f1ca88526914929add63cf5e7c5049af\kotlin-stdlib-1.6.10.jar;C:\Users\User\.gradle\caches\modules-2\files-2.1\org.jetbrains.compose.desktop\desktop-jvm\1.1.0\5ee1b0cb95662b9ec8e19c2d7f94b38673fdbe14\desktop-jvm-1.1.0.jar;C:\Users\User\.gradle\caches\modules-2\files-2.1\org.jetbrains.compose.ui\ui-tooling-preview\1.1.0\5b8f86fea035328fc9e8c660773037a3401ce25f\ui-tooling-preview-metadata-1.1.0.jar;C:\Users\User\.gradle\caches\modules-2\files-2.1\org.jetbrains.compose.ui\ui\1.1.0\9a9c686c518fef3c5896bf546dc9165f423a3520\ui-metadata-1.1.0.jar;C:\Users\User\.gradle\caches\modules-2\files-2.1\org.jetbrains\annotations\13.0\919f0dfe192fb4e063e7dacadee7f8bb9a2672a9\annotati
Launcher Type: SUN_STANDARD

[Global flags]
     intx CICompilerCount                          = 3                                         {product} {ergonomic}
     uint ConcGCThreads                            = 1                                         {product} {ergonomic}
     uint G1ConcRefinementThreads                  = 4                                         {product} {ergonomic}
   size_t G1HeapRegionSize                         = 1048576                                   {product} {ergonomic}
    uintx GCDrainStackTargetSize                   = 64                                        {product} {ergonomic}
   size_t InitialHeapSize                          = 67108864                                  {product} {ergonomic}
   size_t MarkStackSize                            = 4194304                                   {product} {ergonomic}
   size_t MaxHeapSize                              = 1044381696                                {product} {ergonomic}
   size_t MaxNewSize                               = 625999872                                 {product} {ergonomic}
   size_t MinHeapDeltaBytes                        = 1048576                                   {product} {ergonomic}
   size_t MinHeapSize                              = 8388608                                   {product} {ergonomic}
    uintx NonNMethodCodeHeapSize                   = 5832780                                {pd product} {ergonomic}
    uintx NonProfiledCodeHeapSize                  = 122912730                              {pd product} {ergonomic}
    uintx ProfiledCodeHeapSize                     = 122912730                              {pd product} {ergonomic}
    uintx ReservedCodeCacheSize                    = 251658240                              {pd product} {ergonomic}
     bool SegmentedCodeCache                       = true                                      {product} {ergonomic}
   size_t SoftMaxHeapSize                          = 1044381696                             {manageable} {ergonomic}
     bool UseCompressedClassPointers               = true                           {product lp64_product} {ergonomic}
     bool UseCompressedOops                        = true                           {product lp64_product} {ergonomic}
     bool UseG1GC                                  = true                                      {product} {ergonomic}
     bool UseLargePagesIndividualAllocation        = false                                  {pd product} {ergonomic}

Logging:
Log output configuration:
 #0: stdout all=warning uptime,level,tags
 #1: stderr all=off uptime,level,tags

Environment Variables:
PATH=C:\Windows\system32;C:\Windows;C:\Windows\System32\Wbem;C:\Windows\System32\WindowsPowerShell\v1.0\;C:\Program Files\OpenVPN\bin;C:\Users\User\AppData\Local\Microsoft\WindowsApps;D:\Microsoft VS Code\bin;C:\Users\User\AppData\Local\JetBrains\Toolbox\scripts;C:\Users\User\AppData\Local\GitHubDesktop\bin;C:\Users\User\AppData\Local\Programs\Git\cmd
USERNAME=User
OS=Windows_NT
PROCESSOR_IDENTIFIER=Intel64 Family 6 Model 42 Stepping 7, GenuineIntel



---------------  S Y S T E M  ---------------

OS:
 Windows 10 , 64 bit Build 14393 (10.0.14393.5127)
OS uptime: 6 days 21:10 hours

CPU: total 4 (initial active 4) (4 cores per cpu, 1 threads per core) family 6 model 42 stepping 7 microcode 0x2e, cx8, cmov, fxsr, mmx, sse, sse2, sse3, ssse3, sse4.1, sse4.2, popcnt, tsc, tscinvbit, avx, aes, clmul, vzeroupper, clflush

Memory: 4k page, system-wide physical 3981M (469M free)
TotalPageFile size 7770M (AvailPageFile size 1801M)
current process WorkingSet (physical memory assigned to process): 131M, peak: 133M
current process commit charge ("private bytes"): 166M, peak: 182M

vm_info: OpenJDK 64-Bit Server VM (16.0.2+7) for windows-amd64 JRE (16.0.2+7), built on Jul 22 2021 01:11:46 by "Administrator" with MS VC++ 15.9 (VS2017)

END.
