#
# A fatal error has been detected by the Java Runtime Environment:
#
#  EXCEPTION_ACCESS_VIOLATION (0xc0000005) at pc=0x00007ffaa14ed7a0, pid=7360, tid=4332
#
# JRE version: OpenJDK Runtime Environment Corretto-16.0.2.7.1 (16.0.2+7) (build 16.0.2+7)
# Java VM: OpenJDK 64-Bit Server VM Corretto-16.0.2.7.1 (16.0.2+7, mixed mode, sharing, tiered, compressed oops, compressed class ptrs, g1 gc, windows-amd64)
# Problematic frame:
# V  [jvm.dll+0x1d7a0]
#
# No core dump will be written. Minidumps are not enabled by default on client versions of Windows
#
# If you would like to submit a bug report, please visit:
#   https://github.com/corretto/corretto-jdk/issues/
#

---------------  S U M M A R Y ------------

Command Line: -Djava.library.path=D:\Kotlin\CardCom\build\classes\kotlin\jvm\main -javaagent:D:\jb\apps\IDEA-C\ch-0\222.3739.54\lib\idea_rt.jar=62824:D:\jb\apps\IDEA-C\ch-0\222.3739.54\bin -Dfile.encoding=UTF-8 MainKt

Host: Intel(R) Core(TM) i5-2500 CPU @ 3.30GHz, 4 cores, 3G,  Windows 10 , 64 bit Build 14393 (10.0.14393.5127)
Time: Fri Aug 26 12:39:29 2022 Новосибирское стандартное время elapsed time: 203.086232 seconds (0d 0h 3m 23s)

---------------  T H R E A D  ---------------

Current thread (0x0000023ac847a320):  JavaThread "AWT-EventQueue-0" [_thread_in_vm, id=4332, stack(0x00000099cbb00000,0x00000099cbc00000)]

Stack: [0x00000099cbb00000,0x00000099cbc00000],  sp=0x00000099cbbfcf58,  free space=1011k
Native frames: (J=compiled Java code, j=interpreted, Vv=VM code, C=native code)
V  [jvm.dll+0x1d7a0]

Java frames: (J=compiled Java code, j=interpreted, Vv=VM code)
j  org.jetbrains.skia.ImageKt._nMakeFromEncoded(Ljava/lang/Object;I)J+0
j  org.jetbrains.skia.ImageKt.access$_nMakeFromEncoded(Ljava/lang/Object;I)J+2
j  org.jetbrains.skia.Image$Companion.makeFromEncoded([B)Lorg/jetbrains/skia/Image;+41
j  file.FileManagerKt.getImageByPath(Lgson/NewCard;)Landroidx/compose/ui/graphics/ImageBitmap;+21
j  AddNewCardKt$newCardDialog$2$1$1$1.invoke(Landroidx/compose/foundation/lazy/LazyListScope;)V+84
j  AddNewCardKt$newCardDialog$2$1$1$1.invoke(Ljava/lang/Object;)Ljava/lang/Object;+5
j  androidx.compose.foundation.lazy.list.LazyListItemsProviderImplKt$rememberStateOfItemsProvider$2$1.invoke()Landroidx/compose/foundation/lazy/list/LazyListItemsProvider;+21
j  androidx.compose.foundation.lazy.list.LazyListItemsProviderImplKt$rememberStateOfItemsProvider$2$1.invoke()Ljava/lang/Object;+1
J 3365 c1 androidx.compose.runtime.snapshots.Snapshot$Companion.observe(Lkotlin/jvm/functions/Function1;Lkotlin/jvm/functions/Function1;Lkotlin/jvm/functions/Function0;)Ljava/lang/Object; (164 bytes) @ 0x0000023ab447e5ec [0x0000023ab447d280+0x000000000000136c]
J 5918 c1 androidx.compose.runtime.DerivedSnapshotState.currentRecord(Landroidx/compose/runtime/DerivedSnapshotState$ResultRecord;Landroidx/compose/runtime/snapshots/Snapshot;Lkotlin/jvm/functions/Function0;)Landroidx/compose/runtime/DerivedSnapshotState$ResultRecord; (509 bytes) @ 0x0000023ab3ff6f6c [0x0000023ab3ff58a0+0x00000000000016cc]
J 6018 c1 androidx.compose.runtime.DerivedSnapshotState.getCurrentValue()Ljava/lang/Object; (46 bytes) @ 0x0000023ab41161ec [0x0000023ab4115f80+0x000000000000026c]
J 4543 c1 androidx.compose.runtime.RecomposeScopeImpl.isInvalidFor(Landroidx/compose/runtime/collection/IdentityArraySet;)Z (140 bytes) @ 0x0000023ab47540b4 [0x0000023ab47532a0+0x0000000000000e14]
J 4163 c1 androidx.compose.runtime.ComposerImpl.recomposeToGroupEnd()V (305 bytes) @ 0x0000023ab466e7cc [0x0000023ab466e1e0+0x00000000000005ec]
J 5074 c1 androidx.compose.runtime.ComposerImpl.skipCurrentGroup()V (74 bytes) @ 0x0000023ab488ea7c [0x0000023ab488e020+0x0000000000000a5c]
J 5554 c1 androidx.compose.runtime.ComposerImpl$doCompose$2$5.invoke()V (52 bytes) @ 0x0000023ab49f3114 [0x0000023ab49f2740+0x00000000000009d4]
J 5553 c1 androidx.compose.runtime.ComposerImpl$doCompose$2$5.invoke()Ljava/lang/Object; (8 bytes) @ 0x0000023ab49f22b4 [0x0000023ab49f2240+0x0000000000000074]
J 5739 c1 androidx.compose.runtime.SnapshotStateKt__DerivedStateKt.observeDerivedStateRecalculations(Lkotlin/jvm/functions/Function1;Lkotlin/jvm/functions/Function1;Lkotlin/jvm/functions/Function0;)V (92 bytes) @ 0x0000023ab4a741e4 [0x0000023ab4a72de0+0x0000000000001404]
J 5060 c1 androidx.compose.runtime.ComposerImpl.doCompose(Landroidx/compose/runtime/collection/IdentityArrayMap;Lkotlin/jvm/functions/Function2;)V (399 bytes) @ 0x0000023ab488515c [0x0000023ab48833c0+0x0000000000001d9c]
J 4292 c1 androidx.compose.runtime.ComposerImpl.recompose$runtime(Landroidx/compose/runtime/collection/IdentityArrayMap;)Z (108 bytes) @ 0x0000023ab46bf1ac [0x0000023ab46bea60+0x000000000000074c]
J 4291 c1 androidx.compose.runtime.CompositionImpl.recompose()Z (157 bytes) @ 0x0000023ab46bdcd4 [0x0000023ab46bdbc0+0x0000000000000114]
J 4537 c1 androidx.compose.runtime.Recomposer.performRecompose(Landroidx/compose/runtime/ControlledComposition;Landroidx/compose/runtime/collection/IdentityArraySet;)Landroidx/compose/runtime/ControlledComposition; (174 bytes) @ 0x0000023ab4750bd4 [0x0000023ab474fca0+0x0000000000000f34]
J 4041 c1 androidx.compose.runtime.Recomposer$runRecomposeAndApplyChanges$2$2.invoke(J)Lkotlinx/coroutines/CancellableContinuation; (764 bytes) @ 0x0000023ab462de94 [0x0000023ab462cc00+0x0000000000001294]
J 4067 c1 androidx.compose.runtime.Recomposer$runRecomposeAndApplyChanges$2$2.invoke(Ljava/lang/Object;)Ljava/lang/Object; (12 bytes) @ 0x0000023ab4643514 [0x0000023ab46432e0+0x0000000000000234]
J 6438 c2 androidx.compose.runtime.BroadcastFrameClock.sendFrame(J)V (106 bytes) @ 0x0000023abb750208 [0x0000023abb74ffe0+0x0000000000000228]
J 4170 c1 androidx.compose.ui.ComposeScene.render(Lorg/jetbrains/skia/Canvas;J)V (472 bytes) @ 0x0000023ab46751b4 [0x0000023ab4674b80+0x0000000000000634]
J 4488 c1 androidx.compose.ui.awt.ComposeLayer$1$onRender$1.invoke()Ljava/lang/Object; (8 bytes) @ 0x0000023ab472e024 [0x0000023ab472df40+0x00000000000000e4]
J 6581 c2 androidx.compose.ui.awt.ComposeLayer.catchExceptions(Lkotlin/jvm/functions/Function0;)V (43 bytes) @ 0x0000023abb77c7e4 [0x0000023abb77c7a0+0x0000000000000044]
J 4511 c1 androidx.compose.ui.awt.ComposeLayer$1.onRender(Lorg/jetbrains/skia/Canvas;IIJ)V (31 bytes) @ 0x0000023ab473d49c [0x0000023ab473cfe0+0x00000000000004bc]
J 4031 c1 org.jetbrains.skiko.SkiaLayer.update$skiko(J)V (332 bytes) @ 0x0000023ab4624b34 [0x0000023ab4623660+0x00000000000014d4]
J 6437 c2 org.jetbrains.skiko.redrawer.AbstractDirectSoftwareRedrawer$frameDispatcher$1.invokeSuspend(Ljava/lang/Object;)Ljava/lang/Object; (141 bytes) @ 0x0000023abb74a460 [0x0000023abb74a380+0x00000000000000e0]
J 3429 c2 kotlin.coroutines.jvm.internal.BaseContinuationImpl.resumeWith(Ljava/lang/Object;)V (130 bytes) @ 0x0000023abb4e93c4 [0x0000023abb4e9360+0x0000000000000064]
J 3441 c2 kotlinx.coroutines.DispatchedTask.run()V (658 bytes) @ 0x0000023abb4eeed8 [0x0000023abb4eeb80+0x0000000000000358]
J 3965 c2 java.awt.EventQueue.dispatchEvent(Ljava/awt/AWTEvent;)V java.desktop@16.0.2 (80 bytes) @ 0x0000023abb553604 [0x0000023abb553040+0x00000000000005c4]
J 6428 c2 java.awt.EventDispatchThread.pumpOneEventForFilters(I)V java.desktop@16.0.2 (113 bytes) @ 0x0000023abb73017c [0x0000023abb72fda0+0x00000000000003dc]
j  java.awt.EventDispatchThread.pumpEventsForFilter(ILjava/awt/Conditional;Ljava/awt/EventFilter;)V+35 java.desktop@16.0.2
j  java.awt.EventDispatchThread.pumpEventsForFilter(Ljava/awt/Conditional;Ljava/awt/EventFilter;)V+4 java.desktop@16.0.2
j  java.awt.WaitDispatchSupport$2.run()V+59 java.desktop@16.0.2
j  java.awt.WaitDispatchSupport$4.run()Ljava/lang/Void;+4 java.desktop@16.0.2
j  java.awt.WaitDispatchSupport$4.run()Ljava/lang/Object;+1 java.desktop@16.0.2
J 1255 c1 java.security.AccessController.doPrivileged(Ljava/security/PrivilegedAction;)Ljava/lang/Object; java.base@16.0.2 (9 bytes) @ 0x0000023ab404a84c [0x0000023ab404a6e0+0x000000000000016c]
j  java.awt.WaitDispatchSupport.enter()Z+260 java.desktop@16.0.2
j  java.awt.Dialog.show()V+225 java.desktop@16.0.2
j  java.awt.Component.show(Z)V+5 java.desktop@16.0.2
j  java.awt.Component.setVisible(Z)V+2 java.desktop@16.0.2
j  java.awt.Window.setVisible(Z)V+2 java.desktop@16.0.2
j  java.awt.Dialog.setVisible(Z)V+2 java.desktop@16.0.2
j  androidx.compose.ui.window.AwtWindow_desktopKt$AwtWindow$4$1.invokeSuspend(Ljava/lang/Object;)Ljava/lang/Object;+46
J 3429 c2 kotlin.coroutines.jvm.internal.BaseContinuationImpl.resumeWith(Ljava/lang/Object;)V (130 bytes) @ 0x0000023abb4e93c4 [0x0000023abb4e9360+0x0000000000000064]
J 3441 c2 kotlinx.coroutines.DispatchedTask.run()V (658 bytes) @ 0x0000023abb4eeed8 [0x0000023abb4eeb80+0x0000000000000358]
J 3965 c2 java.awt.EventQueue.dispatchEvent(Ljava/awt/AWTEvent;)V java.desktop@16.0.2 (80 bytes) @ 0x0000023abb553604 [0x0000023abb553040+0x00000000000005c4]
J 6428 c2 java.awt.EventDispatchThread.pumpOneEventForFilters(I)V java.desktop@16.0.2 (113 bytes) @ 0x0000023abb73017c [0x0000023abb72fda0+0x00000000000003dc]
j  java.awt.EventDispatchThread.pumpEventsForFilter(ILjava/awt/Conditional;Ljava/awt/EventFilter;)V+35 java.desktop@16.0.2
j  java.awt.EventDispatchThread.pumpEventsForHierarchy(ILjava/awt/Conditional;Ljava/awt/Component;)V+11 java.desktop@16.0.2
j  java.awt.EventDispatchThread.pumpEvents(ILjava/awt/Conditional;)V+4 java.desktop@16.0.2
j  java.awt.EventDispatchThread.pumpEvents(Ljava/awt/Conditional;)V+3 java.desktop@16.0.2
j  java.awt.EventDispatchThread.run()V+9 java.desktop@16.0.2
v  ~StubRoutines::call_stub

siginfo: EXCEPTION_ACCESS_VIOLATION (0xc0000005), reading address 0x0000000000000000


Register to memory mapping:

RIP=0x00007ffaa14ed7a0 jvm.dll
RAX=0x0 is NULL
RBX=0x0000023ac847a320 is a thread
RCX=0x0 is NULL
RDX=0x0 is NULL
RSP=0x00000099cbbfcf58 is pointing into the stack for thread: 0x0000023ac847a320
RBP=0x0 is NULL
RSI=0x0000023ac847a320 is a thread
RDI=0x0 is NULL
R8 =0x0 is NULL
R9 =0x0 is NULL
R10=0x0000023ab38adc73 is at code_begin+979 in an Interpreter codelet
method entry point (kind = native)  [0x0000023ab38ad8a0, 0x0000023ab38ae280]  2528 bytes
R11=0x00000000c3329730 is an oop: java.lang.Class 
{0x00000000c3329730} - klass: 'java/lang/Class'
R12=0x0 is NULL
R13={method} {0x0000023acfe07258} '_nMakeFromEncoded' '(Ljava/lang/Object;I)J' in 'org/jetbrains/skia/ImageKt'
R14=0x00000099cbbfd000 is pointing into the stack for thread: 0x0000023ac847a320
R15=0x0000023ac847a320 is a thread


Registers:
RAX=0x0000000000000000, RBX=0x0000023ac847a320, RCX=0x0000000000000000, RDX=0x0000000000000000
RSP=0x00000099cbbfcf58, RBP=0x0000000000000000, RSI=0x0000023ac847a320, RDI=0x0000000000000000
R8 =0x0000000000000000, R9 =0x0000000000000000, R10=0x0000023ab38adc73, R11=0x00000000c3329730
R12=0x0000000000000000, R13=0x0000023acfe07250, R14=0x00000099cbbfd000, R15=0x0000023ac847a320
RIP=0x00007ffaa14ed7a0, EFLAGS=0x0000000000010246

Top of Stack: (sp=0x00000099cbbfcf58)
0x00000099cbbfcf58:   00007ffaa188c208 0000023ac847a320
0x00000099cbbfcf68:   0000023ac847a320 00000099cbbfd070
0x00000099cbbfcf78:   00007ffaa183f2c7 0000023ac847a320
0x00000099cbbfcf88:   00000099cbbfd098 0000000000000000
0x00000099cbbfcf98:   00007ffaa0584b3c 0000023acfe07250
0x00000099cbbfcfa8:   0000000000000000 0000023ac847a630
0x00000099cbbfcfb8:   0000000000000000 0000023ac847a300
0x00000099cbbfcfc8:   0000023acfe07250 0000023acfe07250
0x00000099cbbfcfd8:   0000000000000000 0000000000000000
0x00000099cbbfcfe8:   0000023ab38adca2 0000000000000000
0x00000099cbbfcff8:   0000023acfe07250 00000099cbbfd070
0x00000099cbbfd008:   0000000000007649 0000000000007649
0x00000099cbbfd018:   0000000000007649 0000023ab38ad956
0x00000099cbbfd028:   00000099cbbfd028 0000023acfe07250
0x00000099cbbfd038:   00000099cbbfd098 0000023acfe02140
0x00000099cbbfd048:   0000000000000000 00000000c3329730 

Instructions: (pc=0x00007ffaa14ed7a0)
0x00007ffaa14ed6a0:   00 00 00 48 8b 13 0f b6 c2 24 03 3c 03 75 19 48
0x00007ffaa14ed6b0:   83 e2 fc 74 13 48 3b da 74 11 48 8b c2 48 8b 5c
0x00007ffaa14ed6c0:   24 38 48 83 c4 20 5e c3 48 8b d3 48 8b 46 38 0f
0x00007ffaa14ed6d0:   be 88 f0 02 00 00 c1 e9 02 f6 c1 01 74 dc 8b 0d
0x00007ffaa14ed6e0:   28 2a b5 00 65 48 8b 04 25 58 00 00 00 48 89 7c
0x00007ffaa14ed6f0:   24 30 bf 10 00 00 00 48 8b 04 c8 48 8b 0d 56 a4
0x00007ffaa14ed700:   b4 00 48 81 c1 20 0a 00 00 48 8b 3c 07 8b 41 40
0x00007ffaa14ed710:   0f b6 57 21 8d 42 01 88 47 21 84 d2 75 0a 48 8b
0x00007ffaa14ed720:   d7 e8 9a 85 6c 00 eb 20 80 7f 22 00 75 1a 8b 41
0x00007ffaa14ed730:   40 85 05 c9 a1 96 00 74 0f b8 ff ff ff ff f0 0f
0x00007ffaa14ed740:   c1 41 40 e8 08 86 6c 00 48 8b 4e 38 4c 8b c7 48
0x00007ffaa14ed750:   8b d3 e8 29 f8 ff ff 0f b6 4f 21 48 8b d8 48 8b
0x00007ffaa14ed760:   15 f3 a3 b4 00 8d 41 ff 88 47 21 80 f9 01 77 0f
0x00007ffaa14ed770:   48 8d 8a 20 0a 00 00 48 8b d7 e8 b1 85 6c 00 48
0x00007ffaa14ed780:   8b 7c 24 30 48 8b c3 48 8b 5c 24 38 48 83 c4 20
0x00007ffaa14ed790:   5e c3 cc cc cc cc cc cc cc cc cc cc cc cc cc cc
0x00007ffaa14ed7a0:   48 8b 01 c3 cc cc cc cc cc cc cc cc cc cc cc cc
0x00007ffaa14ed7b0:   48 89 5c 24 08 57 48 83 ec 20 48 8b 19 48 8b f9
0x00007ffaa14ed7c0:   48 85 db 74 36 48 8b 0d d4 3d b0 00 48 8b d3 e8
0x00007ffaa14ed7d0:   7c fe ff ff 80 3d e9 ad aa 00 00 48 8b d0 74 0d
0x00007ffaa14ed7e0:   48 3b c3 74 08 48 8b c3 f0 48 0f b1 17 48 8b c2
0x00007ffaa14ed7f0:   48 8b 5c 24 30 48 83 c4 20 5f c3 48 8b c3 48 8b
0x00007ffaa14ed800:   5c 24 30 48 83 c4 20 5f c3 cc cc cc cc cc cc cc
0x00007ffaa14ed810:   48 8b 11 e9 28 fc ff ff cc cc cc cc cc cc cc cc
0x00007ffaa14ed820:   4c 8b ca 48 85 d2 0f 84 a1 00 00 00 80 3d 04 ad
0x00007ffaa14ed830:   aa 00 00 0f 84 94 00 00 00 48 8b 41 38 44 0f be
0x00007ffaa14ed840:   80 f0 02 00 00 41 d1 e8 41 f6 c0 01 74 7f 48 8b
0x00007ffaa14ed850:   41 38 48 8b 0d af e6 b2 00 48 d3 ea 4c 8b 90 58
0x00007ffaa14ed860:   09 00 00 49 8b 42 38 4c 3b 0c d0 73 60 49 8b 52
0x00007ffaa14ed870:   18 48 b9 fe ff ff ff ff ff ff 3f 49 8b c1 49 2b
0x00007ffaa14ed880:   42 08 48 c1 e8 02 48 23 c1 41 8b 0a 48 d3 e8 4c
0x00007ffaa14ed890:   8b c0 24 3f 49 c1 e8 06 0f b6 c8 4a 8b 04 c2 48 


Stack slot to memory mapping:
stack at sp + 0 slots: 0x00007ffaa188c208 jvm.dll
stack at sp + 1 slots: 0x0000023ac847a320 is a thread
stack at sp + 2 slots: 0x0000023ac847a320 is a thread
stack at sp + 3 slots: 0x00000099cbbfd070 is pointing into the stack for thread: 0x0000023ac847a320
stack at sp + 4 slots: 0x00007ffaa183f2c7 jvm.dll
stack at sp + 5 slots: 0x0000023ac847a320 is a thread
stack at sp + 6 slots: 0x00000099cbbfd098 is pointing into the stack for thread: 0x0000023ac847a320
stack at sp + 7 slots: 0x0 is NULL


---------------  P R O C E S S  ---------------

Threads class SMR info:
_java_thread_list=0x0000023ac906e3c0, length=29, elements={
0x0000023aaaed5240, 0x0000023aaaf91320, 0x0000023aaaf93100, 0x0000023aaafa84c0,
0x0000023aaafaa540, 0x0000023aaafab460, 0x0000023aaafae1a0, 0x0000023ac72166f0,
0x0000023ac7217930, 0x0000023ac721aff0, 0x0000023ac7c59170, 0x0000023ac7efa1d0,
0x0000023ac7efec10, 0x0000023ac7ffe830, 0x0000023ac7ef8000, 0x0000023ac7ef89a0,
0x0000023ac847a320, 0x0000023ac85bd070, 0x0000023ac85bd5c0, 0x0000023ac85bdb10,
0x0000023ac85be060, 0x0000023ac85be5b0, 0x0000023ac85bfaf0, 0x0000023ac85bcb20,
0x0000023ac85bf050, 0x0000023ac8b523a0, 0x0000023ac8b578a0, 0x0000023ac8b558c0,
0x0000023ac8b54380
}

Java Threads: ( => current thread )
  0x0000023aaaed5240 JavaThread "main" [_thread_blocked, id=6696, stack(0x00000099ca400000,0x00000099ca500000)]
  0x0000023aaaf91320 JavaThread "Reference Handler" daemon [_thread_blocked, id=7796, stack(0x00000099cab00000,0x00000099cac00000)]
  0x0000023aaaf93100 JavaThread "Finalizer" daemon [_thread_blocked, id=1684, stack(0x00000099cac00000,0x00000099cad00000)]
  0x0000023aaafa84c0 JavaThread "Signal Dispatcher" daemon [_thread_blocked, id=5288, stack(0x00000099cad00000,0x00000099cae00000)]
  0x0000023aaafaa540 JavaThread "Attach Listener" daemon [_thread_blocked, id=1708, stack(0x00000099cae00000,0x00000099caf00000)]
  0x0000023aaafab460 JavaThread "Service Thread" daemon [_thread_blocked, id=8040, stack(0x00000099caf00000,0x00000099cb000000)]
  0x0000023aaafae1a0 JavaThread "Monitor Deflation Thread" daemon [_thread_blocked, id=2968, stack(0x00000099cb000000,0x00000099cb100000)]
  0x0000023ac72166f0 JavaThread "C2 CompilerThread0" daemon [_thread_blocked, id=5652, stack(0x00000099cb100000,0x00000099cb200000)]
  0x0000023ac7217930 JavaThread "C1 CompilerThread0" daemon [_thread_blocked, id=6824, stack(0x00000099cb200000,0x00000099cb300000)]
  0x0000023ac721aff0 JavaThread "Sweeper thread" daemon [_thread_blocked, id=5884, stack(0x00000099cb300000,0x00000099cb400000)]
  0x0000023ac7c59170 JavaThread "Common-Cleaner" daemon [_thread_blocked, id=32, stack(0x00000099cb400000,0x00000099cb500000)]
  0x0000023ac7efa1d0 JavaThread "Monitor Ctrl-Break" daemon [_thread_in_native, id=4940, stack(0x00000099cb500000,0x00000099cb600000)]
  0x0000023ac7efec10 JavaThread "Notification Thread" daemon [_thread_blocked, id=7736, stack(0x00000099cb600000,0x00000099cb700000)]
  0x0000023ac7ffe830 JavaThread "Java2D Disposer" daemon [_thread_blocked, id=436, stack(0x00000099cb800000,0x00000099cb900000)]
  0x0000023ac7ef8000 JavaThread "AWT-Shutdown" [_thread_blocked, id=7240, stack(0x00000099cb900000,0x00000099cba00000)]
  0x0000023ac7ef89a0 JavaThread "AWT-Windows" daemon [_thread_in_native, id=5300, stack(0x00000099cba00000,0x00000099cbb00000)]
=>0x0000023ac847a320 JavaThread "AWT-EventQueue-0" [_thread_in_vm, id=4332, stack(0x00000099cbb00000,0x00000099cbc00000)]
  0x0000023ac85bd070 JavaThread "DefaultDispatcher-worker-1" daemon [_thread_blocked, id=1632, stack(0x00000099cbf00000,0x00000099cc000000)]
  0x0000023ac85bd5c0 JavaThread "DefaultDispatcher-worker-2" daemon [_thread_blocked, id=2496, stack(0x00000099cc000000,0x00000099cc100000)]
  0x0000023ac85bdb10 JavaThread "DefaultDispatcher-worker-3" daemon [_thread_blocked, id=6464, stack(0x00000099cc100000,0x00000099cc200000)]
  0x0000023ac85be060 JavaThread "kotlinx.coroutines.DefaultExecutor" daemon [_thread_blocked, id=4092, stack(0x00000099cc200000,0x00000099cc300000)]
  0x0000023ac85be5b0 JavaThread "Reference Cleaner" daemon [_thread_blocked, id=3952, stack(0x00000099cc300000,0x00000099cc400000)]
  0x0000023ac85bfaf0 JavaThread "DefaultDispatcher-worker-4" daemon [_thread_blocked, id=4648, stack(0x00000099cc400000,0x00000099cc500000)]
  0x0000023ac85bcb20 JavaThread "DefaultDispatcher-worker-5" daemon [_thread_blocked, id=5480, stack(0x00000099cc500000,0x00000099cc600000)]
  0x0000023ac85bf050 JavaThread "DefaultDispatcher-worker-6" daemon [_thread_blocked, id=3972, stack(0x00000099cc800000,0x00000099cc900000)]
  0x0000023ac8b523a0 JavaThread "DefaultDispatcher-worker-7" daemon [_thread_blocked, id=500, stack(0x00000099ccb00000,0x00000099ccc00000)]
  0x0000023ac8b578a0 JavaThread "DefaultDispatcher-worker-8" daemon [_thread_blocked, id=5828, stack(0x00000099ccc00000,0x00000099ccd00000)]
  0x0000023ac8b558c0 JavaThread "Swing-Shell" daemon [_thread_blocked, id=1520, stack(0x00000099cce00000,0x00000099ccf00000)]
  0x0000023ac8b54380 JavaThread "TimerQueue" daemon [_thread_blocked, id=5228, stack(0x00000099cd700000,0x00000099cd800000)]

Other Threads:
  0x0000023aaaf8d3a0 VMThread "VM Thread" [stack: 0x00000099caa00000,0x00000099cab00000] [id=6620]
  0x0000023ac7efa6f0 WatcherThread [stack: 0x00000099cb700000,0x00000099cb800000] [id=5892]
  0x0000023aaaf03ef0 GCTaskThread "GC Thread#0" [stack: 0x00000099ca500000,0x00000099ca600000] [id=6892]
  0x0000023ac84ceb00 GCTaskThread "GC Thread#1" [stack: 0x00000099cbc00000,0x00000099cbd00000] [id=960]
  0x0000023ac84cee10 GCTaskThread "GC Thread#2" [stack: 0x00000099cbd00000,0x00000099cbe00000] [id=1140]
  0x0000023ac84cf120 GCTaskThread "GC Thread#3" [stack: 0x00000099cbe00000,0x00000099cbf00000] [id=8]
  0x0000023aaaf0cbc0 ConcurrentGCThread "G1 Main Marker" [stack: 0x00000099ca600000,0x00000099ca700000] [id=3560]
  0x0000023aaaf0e5d0 ConcurrentGCThread "G1 Conc#0" [stack: 0x00000099ca700000,0x00000099ca800000] [id=5060]
  0x0000023aaaf61e10 ConcurrentGCThread "G1 Refine#0" [stack: 0x00000099ca800000,0x00000099ca900000] [id=1748]
  0x0000023aaaf62820 ConcurrentGCThread "G1 Service" [stack: 0x00000099ca900000,0x00000099caa00000] [id=656]

Threads with active compile tasks:

VM state: not at safepoint (normal execution)

VM Mutex/Monitor currently owned by a thread: None

Heap address: 0x00000000c1c00000, size: 996 MB, Compressed Oops mode: 32-bit

CDS archive(s) mapped at: [0x0000000800000000-0x0000000800be0000-0x0000000800be0000), size 12451840, SharedBaseAddress: 0x0000000800000000, ArchiveRelocationMode: 0.
Compressed class space mapped at: 0x0000000800c00000-0x0000000840c00000, reserved size: 1073741824
Narrow klass base: 0x0000000800000000, Narrow klass shift: 3, Narrow klass range: 0x100000000

GC Precious Log:
 CPUs: 4 total, 4 available
 Memory: 3981M
 Large Page Support: Disabled
 NUMA Support: Disabled
 Compressed Oops: Enabled (32-bit)
 Heap Region Size: 1M
 Heap Min Capacity: 8M
 Heap Initial Capacity: 64M
 Heap Max Capacity: 996M
 Pre-touch: Disabled
 Parallel Workers: 4
 Concurrent Workers: 1
 Concurrent Refinement Workers: 4
 Periodic GC: Disabled

Heap:
 garbage-first heap   total 30720K, used 14808K [0x00000000c1c00000, 0x0000000100000000)
  region size 1024K, 8 young (8192K), 1 survivors (1024K)
 Metaspace       used 30233K, committed 30400K, reserved 1081344K
  class space    used 3081K, committed 3136K, reserved 1048576K

Heap Regions: E=young(eden), S=young(survivor), O=old, HS=humongous(starts), HC=humongous(continues), CS=collection set, F=free, OA=open archive, CA=closed archive, TAMS=top-at-mark-start (previous, next)
|   0|0x00000000c1c00000, 0x00000000c1cff438, 0x00000000c1d00000| 99%| O|  |TAMS 0x00000000c1c00000, 0x00000000c1c00000| Untracked 
|   1|0x00000000c1d00000, 0x00000000c1dfffd8, 0x00000000c1e00000| 99%| O|  |TAMS 0x00000000c1d00000, 0x00000000c1d00000| Untracked 
|   2|0x00000000c1e00000, 0x00000000c1effff0, 0x00000000c1f00000| 99%| O|  |TAMS 0x00000000c1e00000, 0x00000000c1e00000| Untracked 
|   3|0x00000000c1f00000, 0x00000000c2000000, 0x00000000c2000000|100%|HS|  |TAMS 0x00000000c2000000, 0x00000000c1f00000| Untracked 
|   4|0x00000000c2000000, 0x00000000c2100000, 0x00000000c2100000|100%|HC|  |TAMS 0x00000000c2100000, 0x00000000c2000000| Untracked 
|   5|0x00000000c2100000, 0x00000000c21ffff0, 0x00000000c2200000| 99%| O|  |TAMS 0x00000000c2100000, 0x00000000c2100000| Untracked 
|   6|0x00000000c2200000, 0x00000000c22ffff8, 0x00000000c2300000| 99%| O|  |TAMS 0x00000000c2200000, 0x00000000c2200000| Untracked 
|   7|0x00000000c2300000, 0x00000000c2400000, 0x00000000c2400000|100%| O|  |TAMS 0x00000000c2300000, 0x00000000c2300000| Untracked 
|   8|0x00000000c2400000, 0x00000000c24c5920, 0x00000000c2500000| 77%| O|  |TAMS 0x00000000c2400000, 0x00000000c2400000| Untracked 
|   9|0x00000000c2500000, 0x00000000c2500000, 0x00000000c2600000|  0%| F|  |TAMS 0x00000000c2500000, 0x00000000c2500000| Untracked 
|  10|0x00000000c2600000, 0x00000000c2600000, 0x00000000c2700000|  0%| F|  |TAMS 0x00000000c2600000, 0x00000000c2600000| Untracked 
|  11|0x00000000c2700000, 0x00000000c2700000, 0x00000000c2800000|  0%| F|  |TAMS 0x00000000c2700000, 0x00000000c2700000| Untracked 
|  12|0x00000000c2800000, 0x00000000c2812190, 0x00000000c2900000|  7%| O|  |TAMS 0x00000000c2800000, 0x00000000c2800000| Untracked 
|  13|0x00000000c2900000, 0x00000000c2900000, 0x00000000c2a00000|  0%| F|  |TAMS 0x00000000c2900000, 0x00000000c2900000| Untracked 
|  14|0x00000000c2a00000, 0x00000000c2a00000, 0x00000000c2b00000|  0%| F|  |TAMS 0x00000000c2a00000, 0x00000000c2a00000| Untracked 
|  15|0x00000000c2b00000, 0x00000000c2b9f470, 0x00000000c2c00000| 62%| S|CS|TAMS 0x00000000c2b00000, 0x00000000c2b00000| Complete 
|  16|0x00000000c2c00000, 0x00000000c2c00000, 0x00000000c2d00000|  0%| F|  |TAMS 0x00000000c2c00000, 0x00000000c2c00000| Untracked 
|  17|0x00000000c2d00000, 0x00000000c2d00000, 0x00000000c2e00000|  0%| F|  |TAMS 0x00000000c2d00000, 0x00000000c2d00000| Untracked 
|  18|0x00000000c2e00000, 0x00000000c2e00000, 0x00000000c2f00000|  0%| F|  |TAMS 0x00000000c2e00000, 0x00000000c2e00000| Untracked 
|  19|0x00000000c2f00000, 0x00000000c2f00000, 0x00000000c3000000|  0%| F|  |TAMS 0x00000000c2f00000, 0x00000000c2f00000| Untracked 
|  20|0x00000000c3000000, 0x00000000c3000000, 0x00000000c3100000|  0%| F|  |TAMS 0x00000000c3000000, 0x00000000c3000000| Untracked 
|  21|0x00000000c3100000, 0x00000000c3100000, 0x00000000c3200000|  0%| F|  |TAMS 0x00000000c3100000, 0x00000000c3100000| Untracked 
|  22|0x00000000c3200000, 0x00000000c3200000, 0x00000000c3300000|  0%| F|  |TAMS 0x00000000c3200000, 0x00000000c3200000| Untracked 
|  23|0x00000000c3300000, 0x00000000c3346e38, 0x00000000c3400000| 27%| E|  |TAMS 0x00000000c3300000, 0x00000000c3300000| Complete 
|  24|0x00000000c3400000, 0x00000000c3500000, 0x00000000c3500000|100%| E|CS|TAMS 0x00000000c3400000, 0x00000000c3400000| Complete 
|  25|0x00000000c3500000, 0x00000000c3600000, 0x00000000c3600000|100%| E|CS|TAMS 0x00000000c3500000, 0x00000000c3500000| Complete 
|  26|0x00000000c3600000, 0x00000000c3700000, 0x00000000c3700000|100%| E|CS|TAMS 0x00000000c3600000, 0x00000000c3600000| Complete 
|  27|0x00000000c3700000, 0x00000000c3800000, 0x00000000c3800000|100%| E|CS|TAMS 0x00000000c3700000, 0x00000000c3700000| Complete 
|  28|0x00000000c3800000, 0x00000000c3900000, 0x00000000c3900000|100%| E|CS|TAMS 0x00000000c3800000, 0x00000000c3800000| Complete 
|  29|0x00000000c3900000, 0x00000000c3a00000, 0x00000000c3a00000|100%| E|  |TAMS 0x00000000c3900000, 0x00000000c3900000| Complete 

Card table byte_map: [0x0000023ac2aa0000,0x0000023ac2ca0000] _byte_map_base: 0x0000023ac2492000

Marking Bits (Prev, Next): (CMBitMap*) 0x0000023aaaf04530, (CMBitMap*) 0x0000023aaaf044f0
 Prev Bits: [0x0000023ac3e30000, 0x0000023ac4dc0000)
 Next Bits: [0x0000023ac2ea0000, 0x0000023ac3e30000)

Polling page: 0x0000023aa8f00000

Metaspace:

Usage:
  Non-class:     26.52 MB used.
      Class:      3.01 MB used.
       Both:     29.53 MB used.

Virtual space:
  Non-class space:       32.00 MB reserved,      26.63 MB ( 83%) committed,  4 nodes.
      Class space:        1.00 GB reserved,       3.06 MB ( <1%) committed,  1 nodes.
              Both:        1.03 GB reserved,      29.69 MB (  3%) committed. 

Chunk freelists:
   Non-Class:  996.00 KB
       Class:  768.00 KB
        Both:  1.72 MB

MaxMetaspaceSize: 17179869184.00 GB
CompressedClassSpaceSize: 1.00 GB
 - commit_granule_bytes: 65536.
 - commit_granule_words: 8192.
 - virtual_space_node_default_size: 1048576.
 - enlarge_chunks_in_place: 1.
 - new_chunks_are_fully_committed: 0.
 - uncommit_free_chunks: 1.
 - use_allocation_guard: 0.
 - handle_deallocations: 1.


Internal statistics:

num_allocs_failed_limit: 3.
num_arena_births: 130.
num_arena_deaths: 0.
num_vsnodes_births: 5.
num_vsnodes_deaths: 0.
num_space_committed: 475.
num_space_uncommitted: 0.
num_chunks_returned_to_freelist: 3.
num_chunks_taken_from_freelist: 796.
num_chunk_merges: 3.
num_chunk_splits: 675.
num_chunks_enlarged: 609.
num_purges: 0.

CodeHeap 'non-profiled nmethods': size=120000Kb used=4415Kb max_used=4415Kb free=115584Kb
 bounds [0x0000023abb370000, 0x0000023abb7c0000, 0x0000023ac28a0000]
CodeHeap 'profiled nmethods': size=120000Kb used=13803Kb max_used=13803Kb free=106196Kb
 bounds [0x0000023ab3e40000, 0x0000023ab4bc0000, 0x0000023abb370000]
CodeHeap 'non-nmethods': size=5760Kb used=1720Kb max_used=1735Kb free=4039Kb
 bounds [0x0000023ab38a0000, 0x0000023ab3b10000, 0x0000023ab3e40000]
 total_blobs=7347 nmethods=6191 adapters=1067
 compilation: enabled
              stopped_count=0, restarted_count=0
 full_count=0

Compilation events (20 events):
Event: 202.659 Thread 0x0000023ac7217930 7042  s    3       sun.font.FontManagerFactory::getInstance (25 bytes)
Event: 202.660 Thread 0x0000023ac7217930 nmethod 7042 0x0000023ab4bb7810 code [0x0000023ab4bb7a20, 0x0000023ab4bb7f98]
Event: 202.660 Thread 0x0000023ac7217930 7043       3       java.lang.String::substring (58 bytes)
Event: 202.661 Thread 0x0000023ac7217930 nmethod 7043 0x0000023ab4bb8190 code [0x0000023ab4bb8380, 0x0000023ab4bb8828]
Event: 202.661 Thread 0x0000023ac7217930 7044       3       sun.util.locale.ParseStatus::isError (13 bytes)
Event: 202.661 Thread 0x0000023ac7217930 nmethod 7044 0x0000023ab4bb8a10 code [0x0000023ab4bb8ba0, 0x0000023ab4bb8d18]
Event: 202.661 Thread 0x0000023ac7217930 7045       1       sun.util.locale.StringTokenIterator::currentEnd (5 bytes)
Event: 202.661 Thread 0x0000023ac7217930 nmethod 7045 0x0000023abb7bf910 code [0x0000023abb7bfaa0, 0x0000023abb7bfb78]
Event: 202.785 Thread 0x0000023ac7217930 7046       3       sun.java2d.SunGraphics2D::setColor (108 bytes)
Event: 202.786 Thread 0x0000023ac7217930 nmethod 7046 0x0000023ab4bb8d90 code [0x0000023ab4bb8f80, 0x0000023ab4bb9438]
Event: 202.786 Thread 0x0000023ac7217930 7047       3       sun.java2d.SunGraphics2D::dispose (12 bytes)
Event: 202.786 Thread 0x0000023ac7217930 nmethod 7047 0x0000023ab4bb9510 code [0x0000023ab4bb96c0, 0x0000023ab4bb9868]
Event: 202.790 Thread 0x0000023ac7217930 7048       3       java.util.LinkedList$ListItr::hasNext (20 bytes)
Event: 202.791 Thread 0x0000023ac7217930 nmethod 7048 0x0000023ab4bb9910 code [0x0000023ab4bb9aa0, 0x0000023ab4bb9c18]
Event: 202.805 Thread 0x0000023ac72166f0 7049       4       java.awt.Component::getParent (5 bytes)
Event: 202.805 Thread 0x0000023ac7217930 7050   !   3       java.awt.KeyboardFocusManager::getFocusOwner (42 bytes)
Event: 202.805 Thread 0x0000023ac7217930 nmethod 7050 0x0000023ab4bb9d10 code [0x0000023ab4bb9ee0, 0x0000023ab4bba248]
Event: 202.806 Thread 0x0000023ac72166f0 nmethod 7049 0x0000023abb7bfc10 code [0x0000023abb7bfd80, 0x0000023abb7bfdf8]
Event: 202.806 Thread 0x0000023ac7217930 7051       3       java.awt.geom.AffineTransform::equals (92 bytes)
Event: 202.806 Thread 0x0000023ac7217930 nmethod 7051 0x0000023ab4bba390 code [0x0000023ab4bba560, 0x0000023ab4bbab78]

GC Heap History (20 events):
Event: 119.485 GC heap before
{Heap before GC invocations=6 (full 0):
 garbage-first heap   total 34816K, used 23840K [0x00000000c1c00000, 0x0000000100000000)
  region size 1024K, 17 young (17408K), 2 survivors (2048K)
 Metaspace       used 24524K, committed 24640K, reserved 1073152K
  class space    used 2458K, committed 2496K, reserved 1048576K
}
Event: 119.489 GC heap after
{Heap after GC invocations=7 (full 0):
 garbage-first heap   total 34816K, used 8638K [0x00000000c1c00000, 0x0000000100000000)
  region size 1024K, 2 young (2048K), 2 survivors (2048K)
 Metaspace       used 24524K, committed 24640K, reserved 1073152K
  class space    used 2458K, committed 2496K, reserved 1048576K
}
Event: 127.164 GC heap before
{Heap before GC invocations=7 (full 0):
 garbage-first heap   total 34816K, used 23998K [0x00000000c1c00000, 0x0000000100000000)
  region size 1024K, 17 young (17408K), 2 survivors (2048K)
 Metaspace       used 25143K, committed 25344K, reserved 1073152K
  class space    used 2491K, committed 2624K, reserved 1048576K
}
Event: 127.167 GC heap after
{Heap after GC invocations=8 (full 0):
 garbage-first heap   total 34816K, used 8959K [0x00000000c1c00000, 0x0000000100000000)
  region size 1024K, 2 young (2048K), 2 survivors (2048K)
 Metaspace       used 25143K, committed 25344K, reserved 1073152K
  class space    used 2491K, committed 2624K, reserved 1048576K
}
Event: 150.811 GC heap before
{Heap before GC invocations=8 (full 0):
 garbage-first heap   total 34816K, used 23295K [0x00000000c1c00000, 0x0000000100000000)
  region size 1024K, 17 young (17408K), 2 survivors (2048K)
 Metaspace       used 25354K, committed 25536K, reserved 1073152K
  class space    used 2491K, committed 2624K, reserved 1048576K
}
Event: 150.839 GC heap after
{Heap after GC invocations=9 (full 1):
 garbage-first heap   total 30720K, used 8355K [0x00000000c1c00000, 0x0000000100000000)
  region size 1024K, 0 young (0K), 0 survivors (0K)
 Metaspace       used 25354K, committed 25536K, reserved 1073152K
  class space    used 2491K, committed 2624K, reserved 1048576K
}
Event: 156.279 GC heap before
{Heap before GC invocations=9 (full 1):
 garbage-first heap   total 30720K, used 22691K [0x00000000c1c00000, 0x0000000100000000)
  region size 1024K, 14 young (14336K), 0 survivors (0K)
 Metaspace       used 25552K, committed 25728K, reserved 1073152K
  class space    used 2491K, committed 2624K, reserved 1048576K
}
Event: 156.281 GC heap after
{Heap after GC invocations=10 (full 1):
 garbage-first heap   total 30720K, used 9080K [0x00000000c1c00000, 0x0000000100000000)
  region size 1024K, 1 young (1024K), 1 survivors (1024K)
 Metaspace       used 25552K, committed 25728K, reserved 1073152K
  class space    used 2491K, committed 2624K, reserved 1048576K
}
Event: 160.894 GC heap before
{Heap before GC invocations=10 (full 1):
 garbage-first heap   total 30720K, used 23416K [0x00000000c1c00000, 0x0000000100000000)
  region size 1024K, 15 young (15360K), 1 survivors (1024K)
 Metaspace       used 25653K, committed 25856K, reserved 1073152K
  class space    used 2492K, committed 2624K, reserved 1048576K
}
Event: 160.895 GC heap after
{Heap after GC invocations=11 (full 1):
 garbage-first heap   total 30720K, used 9236K [0x00000000c1c00000, 0x0000000100000000)
  region size 1024K, 1 young (1024K), 1 survivors (1024K)
 Metaspace       used 25653K, committed 25856K, reserved 1073152K
  class space    used 2492K, committed 2624K, reserved 1048576K
}
Event: 164.419 GC heap before
{Heap before GC invocations=11 (full 1):
 garbage-first heap   total 30720K, used 23572K [0x00000000c1c00000, 0x0000000100000000)
  region size 1024K, 15 young (15360K), 1 survivors (1024K)
 Metaspace       used 25716K, committed 25920K, reserved 1073152K
  class space    used 2492K, committed 2624K, reserved 1048576K
}
Event: 164.421 GC heap after
{Heap after GC invocations=12 (full 1):
 garbage-first heap   total 30720K, used 9249K [0x00000000c1c00000, 0x0000000100000000)
  region size 1024K, 1 young (1024K), 1 survivors (1024K)
 Metaspace       used 25716K, committed 25920K, reserved 1073152K
  class space    used 2492K, committed 2624K, reserved 1048576K
}
Event: 167.575 GC heap before
{Heap before GC invocations=12 (full 1):
 garbage-first heap   total 30720K, used 23585K [0x00000000c1c00000, 0x0000000100000000)
  region size 1024K, 15 young (15360K), 1 survivors (1024K)
 Metaspace       used 25833K, committed 26048K, reserved 1073152K
  class space    used 2492K, committed 2624K, reserved 1048576K
}
Event: 167.579 GC heap after
{Heap after GC invocations=13 (full 1):
 garbage-first heap   total 30720K, used 9231K [0x00000000c1c00000, 0x0000000100000000)
  region size 1024K, 1 young (1024K), 1 survivors (1024K)
 Metaspace       used 25833K, committed 26048K, reserved 1073152K
  class space    used 2492K, committed 2624K, reserved 1048576K
}
Event: 173.021 GC heap before
{Heap before GC invocations=13 (full 1):
 garbage-first heap   total 30720K, used 24591K [0x00000000c1c00000, 0x0000000100000000)
  region size 1024K, 16 young (16384K), 1 survivors (1024K)
 Metaspace       used 25894K, committed 26112K, reserved 1073152K
  class space    used 2497K, committed 2624K, reserved 1048576K
}
Event: 173.023 GC heap after
{Heap after GC invocations=14 (full 1):
 garbage-first heap   total 30720K, used 9702K [0x00000000c1c00000, 0x0000000100000000)
  region size 1024K, 2 young (2048K), 2 survivors (2048K)
 Metaspace       used 25894K, committed 26112K, reserved 1073152K
  class space    used 2497K, committed 2624K, reserved 1048576K
}
Event: 180.841 GC heap before
{Heap before GC invocations=14 (full 1):
 garbage-first heap   total 30720K, used 21990K [0x00000000c1c00000, 0x0000000100000000)
  region size 1024K, 15 young (15360K), 2 survivors (2048K)
 Metaspace       used 25956K, committed 26176K, reserved 1073152K
  class space    used 2497K, committed 2624K, reserved 1048576K
}
Event: 180.877 GC heap after
{Heap after GC invocations=15 (full 2):
 garbage-first heap   total 30720K, used 9051K [0x00000000c1c00000, 0x0000000100000000)
  region size 1024K, 0 young (0K), 0 survivors (0K)
 Metaspace       used 25956K, committed 26176K, reserved 1073152K
  class space    used 2497K, committed 2624K, reserved 1048576K
}
Event: 195.274 GC heap before
{Heap before GC invocations=15 (full 2):
 garbage-first heap   total 30720K, used 23387K [0x00000000c1c00000, 0x0000000100000000)
  region size 1024K, 14 young (14336K), 0 survivors (0K)
 Metaspace       used 25989K, committed 26240K, reserved 1073152K
  class space    used 2497K, committed 2624K, reserved 1048576K
}
Event: 195.276 GC heap after
{Heap after GC invocations=16 (full 2):
 garbage-first heap   total 30720K, used 9688K [0x00000000c1c00000, 0x0000000100000000)
  region size 1024K, 1 young (1024K), 1 survivors (1024K)
 Metaspace       used 25989K, committed 26240K, reserved 1073152K
  class space    used 2497K, committed 2624K, reserved 1048576K
}

Deoptimization events (20 events):
Event: 200.953 Thread 0x0000023ac847a320 Uncommon trap: trap_request=0xffffffde fr.pc=0x0000023abb789e68 relative=0x00000000000004a8
Event: 200.953 Thread 0x0000023ac847a320 Uncommon trap: reason=class_check action=maybe_recompile pc=0x0000023abb789e68 method=sun.awt.GlobalCursorManager._updateCursor(Z)V @ 104 c2
Event: 200.953 Thread 0x0000023ac847a320 DEOPT PACKING pc=0x0000023abb789e68 sp=0x00000099cbbfc8f0
Event: 200.953 Thread 0x0000023ac847a320 DEOPT UNPACKING pc=0x0000023ab38ed72e sp=0x00000099cbbfc898 mode 2
Event: 200.954 Thread 0x0000023ac847a320 Uncommon trap: trap_request=0xffffffde fr.pc=0x0000023abb789e68 relative=0x00000000000004a8
Event: 200.954 Thread 0x0000023ac847a320 Uncommon trap: reason=class_check action=maybe_recompile pc=0x0000023abb789e68 method=sun.awt.GlobalCursorManager._updateCursor(Z)V @ 104 c2
Event: 200.954 Thread 0x0000023ac847a320 DEOPT PACKING pc=0x0000023abb789e68 sp=0x00000099cbbfc710
Event: 200.954 Thread 0x0000023ac847a320 DEOPT UNPACKING pc=0x0000023ab38ed72e sp=0x00000099cbbfc6b8 mode 2
Event: 201.171 Thread 0x0000023ac847a320 Uncommon trap: trap_request=0xffffff45 fr.pc=0x0000023abb46bcf4 relative=0x0000000000000154
Event: 201.171 Thread 0x0000023ac847a320 Uncommon trap: reason=unstable_if action=reinterpret pc=0x0000023abb46bcf4 method=java.util.concurrent.locks.ReentrantLock$Sync.tryRelease(I)Z @ 26 c2
Event: 201.171 Thread 0x0000023ac847a320 DEOPT PACKING pc=0x0000023abb46bcf4 sp=0x00000099cbbfc0f0
Event: 201.171 Thread 0x0000023ac847a320 DEOPT UNPACKING pc=0x0000023ab38ed72e sp=0x00000099cbbfbfe0 mode 2
Event: 201.190 Thread 0x0000023ac847a320 Uncommon trap: trap_request=0xffffff45 fr.pc=0x0000023abb46895c relative=0x00000000000000bc
Event: 201.190 Thread 0x0000023ac847a320 Uncommon trap: reason=unstable_if action=reinterpret pc=0x0000023abb46895c method=java.util.concurrent.locks.ReentrantLock$Sync.tryRelease(I)Z @ 26 c2
Event: 201.190 Thread 0x0000023ac847a320 DEOPT PACKING pc=0x0000023abb46895c sp=0x00000099cbbfc1d0
Event: 201.190 Thread 0x0000023ac847a320 DEOPT UNPACKING pc=0x0000023ab38ed72e sp=0x00000099cbbfc170 mode 2
Event: 201.252 Thread 0x0000023ac847a320 Uncommon trap: trap_request=0xffffff45 fr.pc=0x0000023abb4322b8 relative=0x0000000000000218
Event: 201.252 Thread 0x0000023ac847a320 Uncommon trap: reason=unstable_if action=reinterpret pc=0x0000023abb4322b8 method=java.lang.String.getChars(II[CI)V @ 23 c2
Event: 201.252 Thread 0x0000023ac847a320 DEOPT PACKING pc=0x0000023abb4322b8 sp=0x00000099cbbfb570
Event: 201.252 Thread 0x0000023ac847a320 DEOPT UNPACKING pc=0x0000023ab38ed72e sp=0x00000099cbbfb530 mode 2

Classes unloaded (0 events):
No events

Classes redefined (0 events):
No events

Internal exceptions (20 events):
Event: 0.677 Thread 0x0000023ac847a320 Exception <a 'java/lang/NoSuchMethodError'{0x00000000c5736fc8}: 'java.lang.Object java.lang.invoke.DirectMethodHandle$Holder.newInvokeSpecial(java.lang.Object, java.lang.Object, java.lang.Object, java.lang.Object, java.lang.Object)'> (0x00000000c5736fc8) 
thrown [c:\wsjdk\correttojdksrc\installers\windows\zip\corretto-build\buildroot\src\hotspot\share\interpreter\linkResolver.cpp, line 790]
Event: 0.679 Thread 0x0000023ac847a320 Exception <a 'java/lang/NoSuchMethodError'{0x00000000c5742fa8}: 'java.lang.Object java.lang.invoke.DirectMethodHandle$Holder.invokeStatic(java.lang.Object, int, java.lang.Object, java.lang.Object, java.lang.Object, java.lang.Object)'> (0x00000000c5742fa8) 
thrown [c:\wsjdk\correttojdksrc\installers\windows\zip\corretto-build\buildroot\src\hotspot\share\interpreter\linkResolver.cpp, line 790]
Event: 0.683 Thread 0x0000023ac847a320 Exception <a 'java/lang/NoSuchMethodError'{0x00000000c5769318}: 'java.lang.Object java.lang.invoke.DirectMethodHandle$Holder.invokeStatic(java.lang.Object, int, java.lang.Object)'> (0x00000000c5769318) 
thrown [c:\wsjdk\correttojdksrc\installers\windows\zip\corretto-build\buildroot\src\hotspot\share\interpreter\linkResolver.cpp, line 790]
Event: 0.706 Thread 0x0000023ac847a320 Exception <a 'java/lang/ClassNotFoundException'{0x00000000c5622670}: com/sun/swing/internal/plaf/metal/resources/spi/metalProvider> (0x00000000c5622670) 
thrown [c:\wsjdk\correttojdksrc\installers\windows\zip\corretto-build\buildroot\src\hotspot\share\classfile\systemDictionary.cpp, line 256]
Event: 0.707 Thread 0x0000023ac847a320 Exception <a 'java/lang/ClassNotFoundException'{0x00000000c5626880}: com/sun/swing/internal/plaf/basic/resources/spi/basicProvider> (0x00000000c5626880) 
thrown [c:\wsjdk\correttojdksrc\installers\windows\zip\corretto-build\buildroot\src\hotspot\share\classfile\systemDictionary.cpp, line 256]
Event: 0.902 Thread 0x0000023ac847a320 Exception <a 'java/lang/NoSuchMethodError'{0x00000000c5284ce0}: 'void java.lang.invoke.DirectMethodHandle$Holder.invokeStatic(java.lang.Object, java.lang.Object, java.lang.Object)'> (0x00000000c5284ce0) 
thrown [c:\wsjdk\correttojdksrc\installers\windows\zip\corretto-build\buildroot\src\hotspot\share\interpreter\linkResolver.cpp, line 790]
Event: 0.963 Thread 0x0000023ac847a320 Exception <a 'java/lang/NoSuchMethodError'{0x00000000c50a7ac8}: 'void java.lang.invoke.DirectMethodHandle$Holder.invokeStaticInit(java.lang.Object)'> (0x00000000c50a7ac8) 
thrown [c:\wsjdk\correttojdksrc\installers\windows\zip\corretto-build\buildroot\src\hotspot\share\interpreter\linkResolver.cpp, line 790]
Event: 2.956 Thread 0x0000023ac7ef89a0 Exception <a 'java/lang/NoSuchMethodError'{0x00000000c4301070}: 'void java.lang.invoke.DirectMethodHandle$Holder.invokeVirtual(java.lang.Object, java.lang.Object)'> (0x00000000c4301070) 
thrown [c:\wsjdk\correttojdksrc\installers\windows\zip\corretto-build\buildroot\src\hotspot\share\interpreter\linkResolver.cpp, line 790]
Event: 8.456 Thread 0x0000023ac847a320 Exception <a 'java/lang/NoSuchMethodError'{0x00000000c3549088}: 'int java.lang.invoke.DirectMethodHandle$Holder.invokeStatic(java.lang.Object)'> (0x00000000c3549088) 
thrown [c:\wsjdk\correttojdksrc\installers\windows\zip\corretto-build\buildroot\src\hotspot\share\interpreter\linkResolver.cpp, line 790]
Event: 60.897 Thread 0x0000023ac85c0040 Implicit null exception at 0x0000023abb4afda9 to 0x0000023abb4b00b4
Event: 62.662 Thread 0x0000023ac847a320 Implicit null exception at 0x0000023abb4b71a0 to 0x0000023abb4ba688
Event: 193.735 Thread 0x0000023ac85bdb10 Implicit null exception at 0x0000023abb4bedad to 0x0000023abb4bf77c
Event: 193.735 Thread 0x0000023ac85bcb20 Implicit null exception at 0x0000023abb4bedad to 0x0000023abb4bf77c
Event: 194.979 Thread 0x0000023ac85bdb10 Implicit null exception at 0x0000023abb5978da to 0x0000023abb597e81
Event: 195.329 Thread 0x0000023ac85bcb20 Implicit null exception at 0x0000023abb78fb56 to 0x0000023abb790b9c
Event: 195.360 Thread 0x0000023ac85bf050 Implicit null exception at 0x0000023abb792d05 to 0x0000023abb7938ec
Event: 195.375 Thread 0x0000023ac85bcb20 Implicit null exception at 0x0000023abb77f475 to 0x0000023abb77fa55
Event: 195.375 Thread 0x0000023ac85bd070 Implicit null exception at 0x0000023abb77f475 to 0x0000023abb77fa55
Event: 196.430 Thread 0x0000023ac8b53390 Exception <a 'java/lang/NoSuchMethodError'{0x00000000c354c088}: 'java.lang.Object java.lang.invoke.DirectMethodHandle$Holder.newInvokeSpecial(java.lang.Object, java.lang.Object, java.lang.Object, int, int, int, int, int)'> (0x00000000c354c088) 
thrown [c:\wsjdk\correttojdksrc\installers\windows\zip\corretto-build\buildroot\src\hotspot\share\interpreter\linkResolver.cpp, line 790]
Event: 196.595 Thread 0x0000023ac847a320 Implicit null exception at 0x0000023abb38194c to 0x0000023abb381998

Events (20 events):
Event: 201.189 loading class javax/swing/JTable done
Event: 201.190 loading class javax/swing/TimerQueue$DelayedTimer
Event: 201.190 loading class java/util/concurrent/Delayed
Event: 201.190 loading class java/util/concurrent/Delayed done
Event: 201.190 loading class javax/swing/TimerQueue$DelayedTimer done
Event: 201.190 loading class java/util/concurrent/TimeUnit$1
Event: 201.191 loading class javax/swing/RepaintManager$3
Event: 201.242 loading class java/util/concurrent/TimeUnit$1 done
Event: 201.249 loading class javax/swing/RepaintManager$3 done
Event: 201.254 loading class javax/swing/text/JTextComponent$InputMethodRequestsHandler
Event: 201.285 loading class javax/swing/text/JTextComponent$InputMethodRequestsHandler done
Event: 201.445 Thread 0x0000023ac8b53390 Thread exited: 0x0000023ac8b53390
Event: 201.620 Executing  VM operation: Cleanup
Event: 201.620 Executing  VM operation: Cleanup done
Event: 201.788 loading class javax/swing/Timer$1
Event: 201.788 loading class javax/swing/Timer$1 done
Event: 202.621 Executing  VM operation: Cleanup
Event: 202.621 Executing  VM operation: Cleanup done
Event: 202.790 loading class javax/swing/Autoscroller
Event: 202.805 loading class javax/swing/Autoscroller done


Dynamic libraries:
0x00007ff72c5c0000 - 0x00007ff72c5cd000 	C:\Users\User\.jdks\corretto-16.0.2\bin\java.exe
0x00007ffac3fb0000 - 0x00007ffac417f000 	C:\Windows\SYSTEM32\ntdll.dll
0x00007ffac35f0000 - 0x00007ffac369d000 	C:\Windows\System32\KERNEL32.DLL
0x00007ffac0680000 - 0x00007ffac089e000 	C:\Windows\System32\KERNELBASE.dll
0x00007ffac08a0000 - 0x00007ffac0994000 	C:\Windows\System32\ucrtbase.dll
0x00007ffab7a40000 - 0x00007ffab7a58000 	C:\Users\User\.jdks\corretto-16.0.2\bin\jli.dll
0x00007ffab3790000 - 0x00007ffab37a5000 	C:\Users\User\.jdks\corretto-16.0.2\bin\VCRUNTIME140.dll
0x00007ffac1600000 - 0x00007ffac1766000 	C:\Windows\System32\USER32.dll
0x00007ffac0db0000 - 0x00007ffac0dce000 	C:\Windows\System32\win32u.dll
0x00007ffac1550000 - 0x00007ffac1584000 	C:\Windows\System32\GDI32.dll
0x00007ffab7570000 - 0x00007ffab77ea000 	C:\Windows\WinSxS\amd64_microsoft.windows.common-controls_6595b64144ccf1df_6.0.14393.4169_none_7de0bbf28341b1f2\COMCTL32.dll
0x00007ffac0b10000 - 0x00007ffac0c94000 	C:\Windows\System32\gdi32full.dll
0x00007ffac3a90000 - 0x00007ffac3b2e000 	C:\Windows\System32\msvcrt.dll
0x00007ffac3710000 - 0x00007ffac39d6000 	C:\Windows\System32\combase.dll
0x00007ffac3ba0000 - 0x00007ffac3cbd000 	C:\Windows\System32\RPCRT4.dll
0x00007ffac09a0000 - 0x00007ffac0a0c000 	C:\Windows\System32\bcryptPrimitives.dll
0x00007ffac3f60000 - 0x00007ffac3f8e000 	C:\Windows\System32\IMM32.DLL
0x00007ffaa3e20000 - 0x00007ffaa3ebb000 	C:\Users\User\.jdks\corretto-16.0.2\bin\msvcp140.dll
0x00007ffaa14d0000 - 0x00007ffaa20d9000 	C:\Users\User\.jdks\corretto-16.0.2\bin\server\jvm.dll
0x00007ffac39e0000 - 0x00007ffac3a86000 	C:\Windows\System32\ADVAPI32.dll
0x00007ffac1590000 - 0x00007ffac15eb000 	C:\Windows\System32\sechost.dll
0x00007ffac15f0000 - 0x00007ffac15f8000 	C:\Windows\System32\PSAPI.DLL
0x00007ffabc2d0000 - 0x00007ffabc2d9000 	C:\Windows\SYSTEM32\WSOCK32.dll
0x00007ffabe8e0000 - 0x00007ffabe903000 	C:\Windows\SYSTEM32\WINMM.dll
0x00007ffabc320000 - 0x00007ffabc32a000 	C:\Windows\SYSTEM32\VERSION.dll
0x00007ffac36a0000 - 0x00007ffac370a000 	C:\Windows\System32\WS2_32.dll
0x0000023aa8ed0000 - 0x0000023aa8efb000 	C:\Windows\SYSTEM32\WINMMBASE.dll
0x00007ffac0a10000 - 0x00007ffac0a52000 	C:\Windows\System32\cfgmgr32.dll
0x00007ffac0440000 - 0x00007ffac044f000 	C:\Windows\System32\kernel.appcore.dll
0x00007ffabe9f0000 - 0x00007ffabe9fa000 	C:\Users\User\.jdks\corretto-16.0.2\bin\jimage.dll
0x00007ffab73d0000 - 0x00007ffab7562000 	C:\Windows\SYSTEM32\DBGHELP.DLL
0x00007ffabd850000 - 0x00007ffabd879000 	C:\Windows\SYSTEM32\dbgcore.DLL
0x00007ffab28a0000 - 0x00007ffab28ae000 	C:\Users\User\.jdks\corretto-16.0.2\bin\instrument.dll
0x00007ffaa3df0000 - 0x00007ffaa3e15000 	C:\Users\User\.jdks\corretto-16.0.2\bin\java.dll
0x00007ffac18b0000 - 0x00007ffac2db6000 	C:\Windows\System32\SHELL32.dll
0x00007ffac0e70000 - 0x00007ffac1543000 	C:\Windows\System32\windows.storage.dll
0x00007ffac03f0000 - 0x00007ffac043c000 	C:\Windows\System32\powrprof.dll
0x00007ffac32f0000 - 0x00007ffac3342000 	C:\Windows\System32\shlwapi.dll
0x00007ffac0d00000 - 0x00007ffac0da8000 	C:\Windows\System32\shcore.dll
0x00007ffac0450000 - 0x00007ffac0464000 	C:\Windows\System32\profapi.dll
0x00007ffaaf6f0000 - 0x00007ffaaf708000 	C:\Users\User\.jdks\corretto-16.0.2\bin\zip.dll
0x00007ffab25f0000 - 0x00007ffab2609000 	C:\Users\User\.jdks\corretto-16.0.2\bin\net.dll
0x00007ffabcf10000 - 0x00007ffabcfdd000 	C:\Windows\SYSTEM32\WINHTTP.dll
0x00007ffabfcb0000 - 0x00007ffabfd0d000 	C:\Windows\system32\mswsock.dll
0x00007ffab06c0000 - 0x00007ffab06d3000 	C:\Users\User\.jdks\corretto-16.0.2\bin\nio.dll
0x00007ffaae5b0000 - 0x00007ffaae5ca000 	D:\jb\apps\IDEA-C\ch-0\222.3739.54\bin\breakgen64.dll
0x00007ffaa24f0000 - 0x00007ffaa2688000 	C:\Users\User\.jdks\corretto-16.0.2\bin\awt.dll
0x00007ffac1790000 - 0x00007ffac1850000 	C:\Windows\System32\OLEAUT32.dll
0x00007ffac0dd0000 - 0x00007ffac0e6c000 	C:\Windows\System32\msvcp_win.dll
0x00007ffabea30000 - 0x00007ffabeaaa000 	C:\Windows\SYSTEM32\apphelp.dll
0x00007ffabebf0000 - 0x00007ffabec85000 	C:\Windows\system32\uxtheme.dll
0x00007ffac3cc0000 - 0x00007ffac3e1b000 	C:\Windows\System32\MSCTF.dll
0x00007ffabe2b0000 - 0x00007ffabe2d6000 	C:\Windows\system32\dwmapi.dll
0x00007ffac3e20000 - 0x00007ffac3f59000 	C:\Windows\System32\ole32.dll
0x00007ffab3330000 - 0x00007ffab3453000 	C:\Windows\system32\opengl32.dll
0x00007ffab68b0000 - 0x00007ffab69a7000 	C:\Windows\SYSTEM32\DDRAW.dll
0x00007ffabafd0000 - 0x00007ffabaffd000 	C:\Windows\SYSTEM32\GLU32.dll
0x00007ffabb160000 - 0x00007ffabb168000 	C:\Windows\SYSTEM32\DCIMAN32.dll
0x00007ffaa0520000 - 0x00007ffaa14c7000 	C:\Users\User\.skiko\b3c771e301b5b16c06aaacc0de998266b7bf66d0191c51cfe19fcd72512220b2\skiko-windows-x64.dll
0x00007ffaa29d0000 - 0x00007ffaa2a56000 	C:\Users\User\.jdks\corretto-16.0.2\bin\freetype.dll
0x00007ffaa0420000 - 0x00007ffaa0512000 	C:\Users\User\.jdks\corretto-16.0.2\bin\harfbuzz.dll
0x00007ffaaa6d0000 - 0x00007ffaaa6e2000 	C:\Users\User\.jdks\corretto-16.0.2\bin\fontmanager.dll
0x00007ffab27f0000 - 0x00007ffab27f7000 	C:\Users\User\.jdks\corretto-16.0.2\bin\jawt.dll
0x00007ffabf420000 - 0x00007ffabf4bf000 	C:\Windows\SYSTEM32\Dxgi.dll
0x00007ffaa0310000 - 0x00007ffaa0412000 	C:\Windows\SYSTEM32\D3D12.dll
0x00007ffabeeb0000 - 0x00007ffabef41000 	C:\Windows\SYSTEM32\msvcp110_win.dll
0x00007ffabb560000 - 0x00007ffabb7c9000 	C:\Windows\SYSTEM32\dwrite.dll
0x00007ffabcbd0000 - 0x00007ffabcc7c000 	C:\Windows\WinSxS\amd64_microsoft.windows.common-controls_6595b64144ccf1df_5.82.14393.2457_none_a13eaee9d8fd5c07\comctl32.dll
0x00007ffac3250000 - 0x00007ffac32ef000 	C:\Windows\System32\clbcatq.dll
0x00007ffabe0b0000 - 0x00007ffabe235000 	C:\Windows\SYSTEM32\PROPSYS.dll
0x00007ffab6220000 - 0x00007ffab6586000 	C:\Windows\System32\ActXPrxy.dll
0x00007ffaa3be0000 - 0x00007ffaa3d07000 	C:\Windows\system32\NetworkExplorer.dll
0x00007ffabe9c0000 - 0x00007ffabe9db000 	C:\Windows\SYSTEM32\MPR.dll
0x00007ffabc090000 - 0x00007ffabc09b000 	C:\Windows\System32\drprov.dll
0x00007ffabff00000 - 0x00007ffabff56000 	C:\Windows\System32\WINSTA.dll
0x00007ffabc070000 - 0x00007ffabc086000 	C:\Windows\System32\ntlanman.dll
0x00007ffabc050000 - 0x00007ffabc070000 	C:\Windows\System32\davclnt.dll
0x00007ffabc040000 - 0x00007ffabc04c000 	C:\Windows\System32\DAVHLPR.dll
0x00007ffabda30000 - 0x00007ffabda48000 	C:\Windows\System32\wkscli.dll
0x00007ffac0330000 - 0x00007ffac035b000 	C:\Windows\System32\bcrypt.dll
0x00007ffab39e0000 - 0x00007ffab39f2000 	C:\Windows\SYSTEM32\cscapi.dll
0x00007ffabfad0000 - 0x00007ffabfadd000 	C:\Windows\System32\netutils.dll
0x00007ffaa9460000 - 0x00007ffaa94ad000 	C:\Windows\System32\dlnashext.dll
0x00007ffaa02a0000 - 0x00007ffaa0310000 	C:\Windows\System32\PlayToDevice.dll
0x00007ffab2f70000 - 0x00007ffab2f8e000 	C:\Windows\System32\DevDispItemProvider.dll
0x00007ffabc500000 - 0x00007ffabc56f000 	C:\Windows\System32\MMDevApi.dll
0x00007ffabf130000 - 0x00007ffabf158000 	C:\Windows\System32\DEVOBJ.dll
0x00007ffaa2690000 - 0x00007ffaa288f000 	C:\Windows\system32\wpdshext.dll
0x00007ffabb3c0000 - 0x00007ffabb559000 	C:\Windows\WinSxS\amd64_microsoft.windows.gdiplus_6595b64144ccf1df_1.1.14393.5127_none_aec7dd25ddd79049\gdiplus.dll
0x00007ffabbe50000 - 0x00007ffabbeee000 	C:\Windows\System32\PortableDeviceApi.dll
0x00007ffac2e20000 - 0x00007ffac3249000 	C:\Windows\System32\SETUPAPI.dll
0x00007ffac0ca0000 - 0x00007ffac0cf5000 	C:\Windows\System32\WINTRUST.dll
0x00007ffac0470000 - 0x00007ffac0480000 	C:\Windows\System32\MSASN1.dll
0x00007ffac0480000 - 0x00007ffac0673000 	C:\Windows\System32\CRYPT32.dll
0x00007ffab6f40000 - 0x00007ffab6f76000 	C:\Windows\System32\EhStorShell.dll
0x00007ffaa3dc0000 - 0x00007ffaa3de5000 	C:\Windows\System32\EhStorAPI.dll
0x00007ffabe090000 - 0x00007ffabe0a3000 	C:\Windows\System32\WTSAPI32.dll
0x00007ffab8300000 - 0x00007ffab8310000 	C:\Windows\SYSTEM32\LINKINFO.dll
0x00007ffaba830000 - 0x00007ffaba9d8000 	C:\Windows\SYSTEM32\WindowsCodecs.dll
0x00007ffab6c20000 - 0x00007ffab6c69000 	C:\Windows\system32\dataexchange.dll
0x00007ffaba040000 - 0x00007ffaba2f6000 	C:\Windows\system32\d3d11.dll
0x00007ffabe400000 - 0x00007ffabe551000 	C:\Windows\system32\dcomp.dll
0x00007ffabef50000 - 0x00007ffabf063000 	C:\Windows\system32\twinapi.appcore.dll

dbghelp: loaded successfully - version: 4.0.5 - missing functions: none
symbol engine: initialized successfully - sym options: 0x614 - pdb path: .;C:\Users\User\.jdks\corretto-16.0.2\bin;C:\Windows\SYSTEM32;C:\Windows\WinSxS\amd64_microsoft.windows.common-controls_6595b64144ccf1df_6.0.14393.4169_none_7de0bbf28341b1f2;C:\Users\User\.jdks\corretto-16.0.2\bin\server;D:\jb\apps\IDEA-C\ch-0\222.3739.54\bin;C:\Users\User\.skiko\b3c771e301b5b16c06aaacc0de998266b7bf66d0191c51cfe19fcd72512220b2;C:\Windows\WinSxS\amd64_microsoft.windows.common-controls_6595b64144ccf1df_5.82.14393.2457_none_a13eaee9d8fd5c07;C:\Windows\WinSxS\amd64_microsoft.windows.gdiplus_6595b64144ccf1df_1.1.14393.5127_none_aec7dd25ddd79049

VM Arguments:
jvm_args: -Djava.library.path=D:\Kotlin\CardCom\build\classes\kotlin\jvm\main -javaagent:D:\jb\apps\IDEA-C\ch-0\222.3739.54\lib\idea_rt.jar=62824:D:\jb\apps\IDEA-C\ch-0\222.3739.54\bin -Dfile.encoding=UTF-8 
java_command: MainKt
java_class_path (initial): D:\Kotlin\CardCom\build\classes\kotlin\jvm\main;C:\Users\User\.gradle\caches\modules-2\files-2.1\org.jetbrains.kotlin\kotlin-stdlib-jdk8\1.6.10\e80fe6ac3c3573a80305f5ec43f86b829e8ab53d\kotlin-stdlib-jdk8-1.6.10.jar;C:\Users\User\.gradle\caches\modules-2\files-2.1\com.google.code.gson\gson\2.9.1\2cc2131b98ebfb04e2b2c7dfb84431f4045096b\gson-2.9.1.jar;C:\Users\User\.gradle\caches\modules-2\files-2.1\org.jetbrains.compose.desktop\desktop\1.1.0\5b8f86fea035328fc9e8c660773037a3401ce25f\desktop-metadata-1.1.0.jar;C:\Users\User\.gradle\caches\modules-2\files-2.1\org.jetbrains.compose.material\material\1.1.0\4d3b2a4752f78fe976a157e09a1b8767470fd8f4\material-metadata-1.1.0.jar;C:\Users\User\.gradle\caches\modules-2\files-2.1\org.jetbrains.kotlin\kotlin-stdlib-jdk7\1.6.10\e1c380673654a089c4f0c9f83d0ddfdc1efdb498\kotlin-stdlib-jdk7-1.6.10.jar;C:\Users\User\.gradle\caches\modules-2\files-2.1\org.jetbrains.skiko\skiko-awt-runtime-windows-x64\0.7.12\1c57babf7ee417a95ab2ba898f6e562875590e57\skiko-awt-runtime-windows-x64-0.7.12.jar;C:\Users\User\.gradle\caches\modules-2\files-2.1\org.jetbrains.compose.foundation\foundation\1.1.0\d834fa431c21a0c301ac779cb83ed4b6ea45997e\foundation-metadata-1.1.0.jar;C:\Users\User\.gradle\caches\modules-2\files-2.1\org.jetbrains.kotlin\kotlin-stdlib\1.6.10\b8af3fe6f1ca88526914929add63cf5e7c5049af\kotlin-stdlib-1.6.10.jar;C:\Users\User\.gradle\caches\modules-2\files-2.1\org.jetbrains.compose.desktop\desktop-jvm\1.1.0\5ee1b0cb95662b9ec8e19c2d7f94b38673fdbe14\desktop-jvm-1.1.0.jar;C:\Users\User\.gradle\caches\modules-2\files-2.1\org.jetbrains.compose.ui\ui-tooling-preview\1.1.0\5b8f86fea035328fc9e8c660773037a3401ce25f\ui-tooling-preview-metadata-1.1.0.jar;C:\Users\User\.gradle\caches\modules-2\files-2.1\org.jetbrains.compose.ui\ui\1.1.0\9a9c686c518fef3c5896bf546dc9165f423a3520\ui-metadata-1.1.0.jar;C:\Users\User\.gradle\caches\modules-2\files-2.1\org.jetbrains\annotations\13.0\919f0dfe192fb4e063e7dacadee7f8bb9a2672a9\annotati
Launcher Type: SUN_STANDARD

[Global flags]
     intx CICompilerCount                          = 3                                         {product} {ergonomic}
     uint ConcGCThreads                            = 1                                         {product} {ergonomic}
     uint G1ConcRefinementThreads                  = 4                                         {product} {ergonomic}
   size_t G1HeapRegionSize                         = 1048576                                   {product} {ergonomic}
    uintx GCDrainStackTargetSize                   = 64                                        {product} {ergonomic}
   size_t InitialHeapSize                          = 67108864                                  {product} {ergonomic}
   size_t MarkStackSize                            = 4194304                                   {product} {ergonomic}
   size_t MaxHeapSize                              = 1044381696                                {product} {ergonomic}
   size_t MaxNewSize                               = 625999872                                 {product} {ergonomic}
   size_t MinHeapDeltaBytes                        = 1048576                                   {product} {ergonomic}
   size_t MinHeapSize                              = 8388608                                   {product} {ergonomic}
    uintx NonNMethodCodeHeapSize                   = 5832780                                {pd product} {ergonomic}
    uintx NonProfiledCodeHeapSize                  = 122912730                              {pd product} {ergonomic}
    uintx ProfiledCodeHeapSize                     = 122912730                              {pd product} {ergonomic}
    uintx ReservedCodeCacheSize                    = 251658240                              {pd product} {ergonomic}
     bool SegmentedCodeCache                       = true                                      {product} {ergonomic}
   size_t SoftMaxHeapSize                          = 1044381696                             {manageable} {ergonomic}
     bool UseCompressedClassPointers               = true                           {product lp64_product} {ergonomic}
     bool UseCompressedOops                        = true                           {product lp64_product} {ergonomic}
     bool UseG1GC                                  = true                                      {product} {ergonomic}
     bool UseLargePagesIndividualAllocation        = false                                  {pd product} {ergonomic}

Logging:
Log output configuration:
 #0: stdout all=warning uptime,level,tags
 #1: stderr all=off uptime,level,tags

Environment Variables:
PATH=C:\Windows\system32;C:\Windows;C:\Windows\System32\Wbem;C:\Windows\System32\WindowsPowerShell\v1.0\;C:\Program Files\OpenVPN\bin;C:\Users\User\AppData\Local\Microsoft\WindowsApps;D:\Microsoft VS Code\bin;C:\Users\User\AppData\Local\JetBrains\Toolbox\scripts;C:\Users\User\AppData\Local\GitHubDesktop\bin;C:\Users\User\AppData\Local\Programs\Git\cmd
USERNAME=User
OS=Windows_NT
PROCESSOR_IDENTIFIER=Intel64 Family 6 Model 42 Stepping 7, GenuineIntel



---------------  S Y S T E M  ---------------

OS:
 Windows 10 , 64 bit Build 14393 (10.0.14393.5127)
OS uptime: 14 days 3:19 hours

CPU: total 4 (initial active 4) (4 cores per cpu, 1 threads per core) family 6 model 42 stepping 7 microcode 0x2e, cx8, cmov, fxsr, mmx, sse, sse2, sse3, ssse3, sse4.1, sse4.2, popcnt, tsc, tscinvbit, avx, aes, clmul, vzeroupper, clflush

Memory: 4k page, system-wide physical 3981M (481M free)
TotalPageFile size 8364M (AvailPageFile size 1213M)
current process WorkingSet (physical memory assigned to process): 155M, peak: 164M
current process commit charge ("private bytes"): 182M, peak: 192M

vm_info: OpenJDK 64-Bit Server VM (16.0.2+7) for windows-amd64 JRE (16.0.2+7), built on Jul 22 2021 01:11:46 by "Administrator" with MS VC++ 15.9 (VS2017)

END.
